# JRE version: OpenJDK Runtime Environment (8.0_302-b08) (build 1.8.0_302-b08)
# Java VM: OpenJDK 64-Bit Server VM (25.302-b08 mixed mode linux-amd64 compressed oops)
Heap:
 def new generation   total 21312K, used 11696K [0x00000000f0a00000, 0x00000000f2110000, 0x00000000f5c00000)
  eden space 19008K,  49% used [0x00000000f0a00000, 0x00000000f132c1e0, 0x00000000f1c90000)
  from space 2304K,  99% used [0x00000000f1ed0000, 0x00000000f210fff8, 0x00000000f2110000)
  to   space 2304K,   0% used [0x00000000f1c90000, 0x00000000f1c90000, 0x00000000f1ed0000)
 tenured generation   total 47120K, used 32035K [0x00000000f5c00000, 0x00000000f8a04000, 0x0000000100000000)
   the space 47120K,  67% used [0x00000000f5c00000, 0x00000000f7b48c98, 0x00000000f7b48e00, 0x00000000f8a04000)
 Metaspace       used 63356K, capacity 66949K, committed 67416K, reserved 1107968K
  class space    used 8116K, capacity 8686K, committed 8832K, reserved 1048576K
GC Heap History (250 events):
Event: 4.651 GC heap before
{Heap before GC invocations=51 (full 0):
 def new generation   total 4928K, used 445K [0x00000000f0a00000, 0x00000000f0f50000, 0x00000000f5c00000)
  eden space 4416K,   4% used [0x00000000f0a00000, 0x00000000f0a2c978, 0x00000000f0e50000)
  from space 512K,  52% used [0x00000000f0ed0000, 0x00000000f0f12d78, 0x00000000f0f50000)
  to   space 512K,   0% used [0x00000000f0e50000, 0x00000000f0e50000, 0x00000000f0ed0000)
 tenured generation   total 10944K, used 7627K [0x00000000f5c00000, 0x00000000f66b0000, 0x0000000100000000)
   the space 10944K,  69% used [0x00000000f5c00000, 0x00000000f6372c98, 0x00000000f6372e00, 0x00000000f66b0000)
 Metaspace       used 20069K, capacity 21289K, committed 21296K, reserved 1069056K
  class space    used 2437K, capacity 2688K, committed 2688K, reserved 1048576K
Event: 4.700 GC heap after
Heap after GC invocations=52 (full 1):
 def new generation   total 5504K, used 0K [0x00000000f0a00000, 0x00000000f0ff0000, 0x00000000f5c00000)
  eden space 4928K,   0% used [0x00000000f0a00000, 0x00000000f0a00000, 0x00000000f0ed0000)
  from space 576K,   0% used [0x00000000f0ed0000, 0x00000000f0ed0000, 0x00000000f0f60000)
  to   space 576K,   0% used [0x00000000f0f60000, 0x00000000f0f60000, 0x00000000f0ff0000)
 tenured generation   total 12080K, used 7247K [0x00000000f5c00000, 0x00000000f67cc000, 0x0000000100000000)
   the space 12080K,  59% used [0x00000000f5c00000, 0x00000000f6313cf8, 0x00000000f6313e00, 0x00000000f67cc000)
 Metaspace       used 20069K, capacity 21289K, committed 21296K, reserved 1069056K
  class space    used 2437K, capacity 2688K, committed 2688K, reserved 1048576K
}
Event: 4.752 GC heap before
{Heap before GC invocations=52 (full 1):
 def new generation   total 5504K, used 4928K [0x00000000f0a00000, 0x00000000f0ff0000, 0x00000000f5c00000)
  eden space 4928K, 100% used [0x00000000f0a00000, 0x00000000f0ed0000, 0x00000000f0ed0000)
  from space 576K,   0% used [0x00000000f0ed0000, 0x00000000f0ed0000, 0x00000000f0f60000)
  to   space 576K,   0% used [0x00000000f0f60000, 0x00000000f0f60000, 0x00000000f0ff0000)
 tenured generation   total 12080K, used 7247K [0x00000000f5c00000, 0x00000000f67cc000, 0x0000000100000000)
   the space 12080K,  59% used [0x00000000f5c00000, 0x00000000f6313cf8, 0x00000000f6313e00, 0x00000000f67cc000)
 Metaspace       used 20167K, capacity 21387K, committed 21680K, reserved 1069056K
  class space    used 2471K, capacity 2710K, committed 2816K, reserved 1048576K
Event: 4.754 GC heap after
Heap after GC invocations=53 (full 1):
 def new generation   total 5504K, used 90K [0x00000000f0a00000, 0x00000000f0ff0000, 0x00000000f5c00000)
  eden space 4928K,   0% used [0x00000000f0a00000, 0x00000000f0a00000, 0x00000000f0ed0000)
  from space 576K,  15% used [0x00000000f0f60000, 0x00000000f0f768d8, 0x00000000f0ff0000)
  to   space 576K,   0% used [0x00000000f0ed0000, 0x00000000f0ed0000, 0x00000000f0f60000)
 tenured generation   total 12080K, used 7247K [0x00000000f5c00000, 0x00000000f67cc000, 0x0000000100000000)
   the space 12080K,  59% used [0x00000000f5c00000, 0x00000000f6313cf8, 0x00000000f6313e00, 0x00000000f67cc000)
 Metaspace       used 20167K, capacity 21387K, committed 21680K, reserved 1069056K
  class space    used 2471K, capacity 2710K, committed 2816K, reserved 1048576K
}
Event: 4.838 GC heap before
{Heap before GC invocations=53 (full 1):
 def new generation   total 5504K, used 5018K [0x00000000f0a00000, 0x00000000f0ff0000, 0x00000000f5c00000)
  eden space 4928K, 100% used [0x00000000f0a00000, 0x00000000f0ed0000, 0x00000000f0ed0000)
  from space 576K,  15% used [0x00000000f0f60000, 0x00000000f0f768d8, 0x00000000f0ff0000)
  to   space 576K,   0% used [0x00000000f0ed0000, 0x00000000f0ed0000, 0x00000000f0f60000)
 tenured generation   total 12080K, used 7247K [0x00000000f5c00000, 0x00000000f67cc000, 0x0000000100000000)
   the space 12080K,  59% used [0x00000000f5c00000, 0x00000000f6313cf8, 0x00000000f6313e00, 0x00000000f67cc000)
 Metaspace       used 20357K, capacity 21657K, committed 21936K, reserved 1069056K
  class space    used 2508K, capacity 2763K, committed 2816K, reserved 1048576K
Event: 4.839 GC heap after
Heap after GC invocations=54 (full 1):
 def new generation   total 5504K, used 253K [0x00000000f0a00000, 0x00000000f0ff0000, 0x00000000f5c00000)
  eden space 4928K,   0% used [0x00000000f0a00000, 0x00000000f0a00000, 0x00000000f0ed0000)
  from space 576K,  43% used [0x00000000f0ed0000, 0x00000000f0f0f490, 0x00000000f0f60000)
  to   space 576K,   0% used [0x00000000f0f60000, 0x00000000f0f60000, 0x00000000f0ff0000)
 tenured generation   total 12080K, used 7247K [0x00000000f5c00000, 0x00000000f67cc000, 0x0000000100000000)
   the space 12080K,  59% used [0x00000000f5c00000, 0x00000000f6313cf8, 0x00000000f6313e00, 0x00000000f67cc000)
 Metaspace       used 20357K, capacity 21657K, committed 21936K, reserved 1069056K
  class space    used 2508K, capacity 2763K, committed 2816K, reserved 1048576K
}
Event: 4.950 GC heap before
{Heap before GC invocations=54 (full 1):
 def new generation   total 5504K, used 5181K [0x00000000f0a00000, 0x00000000f0ff0000, 0x00000000f5c00000)
  eden space 4928K, 100% used [0x00000000f0a00000, 0x00000000f0ed0000, 0x00000000f0ed0000)
  from space 576K,  43% used [0x00000000f0ed0000, 0x00000000f0f0f490, 0x00000000f0f60000)
  to   space 576K,   0% used [0x00000000f0f60000, 0x00000000f0f60000, 0x00000000f0ff0000)
 tenured generation   total 12080K, used 7247K [0x00000000f5c00000, 0x00000000f67cc000, 0x0000000100000000)
   the space 12080K,  59% used [0x00000000f5c00000, 0x00000000f6313cf8, 0x00000000f6313e00, 0x00000000f67cc000)
 Metaspace       used 20531K, capacity 21829K, committed 21936K, reserved 1069056K
  class space    used 2534K, capacity 2797K, committed 2816K, reserved 1048576K
Event: 4.952 GC heap after
Heap after GC invocations=55 (full 1):
 def new generation   total 5504K, used 407K [0x00000000f0a00000, 0x00000000f0ff0000, 0x00000000f5c00000)
  eden space 4928K,   0% used [0x00000000f0a00000, 0x00000000f0a00000, 0x00000000f0ed0000)
  from space 576K,  70% used [0x00000000f0f60000, 0x00000000f0fc5d90, 0x00000000f0ff0000)
  to   space 576K,   0% used [0x00000000f0ed0000, 0x00000000f0ed0000, 0x00000000f0f60000)
 tenured generation   total 12080K, used 7247K [0x00000000f5c00000, 0x00000000f67cc000, 0x0000000100000000)
   the space 12080K,  59% used [0x00000000f5c00000, 0x00000000f6313cf8, 0x00000000f6313e00, 0x00000000f67cc000)
 Metaspace       used 20531K, capacity 21829K, committed 21936K, reserved 1069056K
  class space    used 2534K, capacity 2797K, committed 2816K, reserved 1048576K
}
Event: 5.060 GC heap before
{Heap before GC invocations=55 (full 1):
 def new generation   total 5504K, used 5335K [0x00000000f0a00000, 0x00000000f0ff0000, 0x00000000f5c00000)
  eden space 4928K, 100% used [0x00000000f0a00000, 0x00000000f0ed0000, 0x00000000f0ed0000)
  from space 576K,  70% used [0x00000000f0f60000, 0x00000000f0fc5d90, 0x00000000f0ff0000)
  to   space 576K,   0% used [0x00000000f0ed0000, 0x00000000f0ed0000, 0x00000000f0f60000)
 tenured generation   total 12080K, used 7247K [0x00000000f5c00000, 0x00000000f67cc000, 0x0000000100000000)
   the space 12080K,  59% used [0x00000000f5c00000, 0x00000000f6313cf8, 0x00000000f6313e00, 0x00000000f67cc000)
 Metaspace       used 20887K, capacity 22237K, committed 22320K, reserved 1069056K
  class space    used 2585K, capacity 2865K, committed 2944K, reserved 1048576K
Event: 5.063 GC heap after
Heap after GC invocations=56 (full 1):
 def new generation   total 5504K, used 436K [0x00000000f0a00000, 0x00000000f0ff0000, 0x00000000f5c00000)
  eden space 4928K,   0% used [0x00000000f0a00000, 0x00000000f0a00000, 0x00000000f0ed0000)
  from space 576K,  75% used [0x00000000f0ed0000, 0x00000000f0f3d3a0, 0x00000000f0f60000)
  to   space 576K,   0% used [0x00000000f0f60000, 0x00000000f0f60000, 0x00000000f0ff0000)
 tenured generation   total 12080K, used 7479K [0x00000000f5c00000, 0x00000000f67cc000, 0x0000000100000000)
   the space 12080K,  61% used [0x00000000f5c00000, 0x00000000f634dc60, 0x00000000f634de00, 0x00000000f67cc000)
 Metaspace       used 20887K, capacity 22237K, committed 22320K, reserved 1069056K
  class space    used 2585K, capacity 2865K, committed 2944K, reserved 1048576K
}
Event: 5.171 GC heap before
{Heap before GC invocations=56 (full 1):
 def new generation   total 5504K, used 5364K [0x00000000f0a00000, 0x00000000f0ff0000, 0x00000000f5c00000)
  eden space 4928K, 100% used [0x00000000f0a00000, 0x00000000f0ed0000, 0x00000000f0ed0000)
  from space 576K,  75% used [0x00000000f0ed0000, 0x00000000f0f3d3a0, 0x00000000f0f60000)
  to   space 576K,   0% used [0x00000000f0f60000, 0x00000000f0f60000, 0x00000000f0ff0000)
 tenured generation   total 12080K, used 7479K [0x00000000f5c00000, 0x00000000f67cc000, 0x0000000100000000)
   the space 12080K,  61% used [0x00000000f5c00000, 0x00000000f634dc60, 0x00000000f634de00, 0x00000000f67cc000)
 Metaspace       used 21452K, capacity 22813K, committed 22832K, reserved 1069056K
  class space    used 2656K, capacity 2929K, committed 2944K, reserved 1048576K
Event: 5.174 GC heap after
Heap after GC invocations=57 (full 1):
 def new generation   total 5504K, used 161K [0x00000000f0a00000, 0x00000000f0ff0000, 0x00000000f5c00000)
  eden space 4928K,   0% used [0x00000000f0a00000, 0x00000000f0a00000, 0x00000000f0ed0000)
  from space 576K,  28% used [0x00000000f0f60000, 0x00000000f0f88538, 0x00000000f0ff0000)
  to   space 576K,   0% used [0x00000000f0ed0000, 0x00000000f0ed0000, 0x00000000f0f60000)
 tenured generation   total 12080K, used 7894K [0x00000000f5c00000, 0x00000000f67cc000, 0x0000000100000000)
   the space 12080K,  65% used [0x00000000f5c00000, 0x00000000f63b5ad0, 0x00000000f63b5c00, 0x00000000f67cc000)
 Metaspace       used 21452K, capacity 22813K, committed 22832K, reserved 1069056K
  class space    used 2656K, capacity 2929K, committed 2944K, reserved 1048576K
}
Event: 5.314 GC heap before
{Heap before GC invocations=57 (full 1):
 def new generation   total 5504K, used 5089K [0x00000000f0a00000, 0x00000000f0ff0000, 0x00000000f5c00000)
  eden space 4928K, 100% used [0x00000000f0a00000, 0x00000000f0ed0000, 0x00000000f0ed0000)
  from space 576K,  28% used [0x00000000f0f60000, 0x00000000f0f88538, 0x00000000f0ff0000)
  to   space 576K,   0% used [0x00000000f0ed0000, 0x00000000f0ed0000, 0x00000000f0f60000)
 tenured generation   total 12080K, used 7894K [0x00000000f5c00000, 0x00000000f67cc000, 0x0000000100000000)
   the space 12080K,  65% used [0x00000000f5c00000, 0x00000000f63b5ad0, 0x00000000f63b5c00, 0x00000000f67cc000)
 Metaspace       used 21890K, capacity 23321K, committed 23472K, reserved 1069056K
  class space    used 2714K, capacity 3005K, committed 3072K, reserved 1048576K
Event: 5.316 GC heap after
Heap after GC invocations=58 (full 1):
 def new generation   total 5504K, used 372K [0x00000000f0a00000, 0x00000000f0ff0000, 0x00000000f5c00000)
  eden space 4928K,   0% used [0x00000000f0a00000, 0x00000000f0a00000, 0x00000000f0ed0000)
  from space 576K,  64% used [0x00000000f0ed0000, 0x00000000f0f2d238, 0x00000000f0f60000)
  to   space 576K,   0% used [0x00000000f0f60000, 0x00000000f0f60000, 0x00000000f0ff0000)
 tenured generation   total 12080K, used 7894K [0x00000000f5c00000, 0x00000000f67cc000, 0x0000000100000000)
   the space 12080K,  65% used [0x00000000f5c00000, 0x00000000f63b5ad0, 0x00000000f63b5c00, 0x00000000f67cc000)
 Metaspace       used 21890K, capacity 23321K, committed 23472K, reserved 1069056K
  class space    used 2714K, capacity 3005K, committed 3072K, reserved 1048576K
}
Event: 5.450 GC heap before
{Heap before GC invocations=58 (full 1):
 def new generation   total 5504K, used 5300K [0x00000000f0a00000, 0x00000000f0ff0000, 0x00000000f5c00000)
  eden space 4928K, 100% used [0x00000000f0a00000, 0x00000000f0ed0000, 0x00000000f0ed0000)
  from space 576K,  64% used [0x00000000f0ed0000, 0x00000000f0f2d238, 0x00000000f0f60000)
  to   space 576K,   0% used [0x00000000f0f60000, 0x00000000f0f60000, 0x00000000f0ff0000)
 tenured generation   total 12080K, used 7894K [0x00000000f5c00000, 0x00000000f67cc000, 0x0000000100000000)
   the space 12080K,  65% used [0x00000000f5c00000, 0x00000000f63b5ad0, 0x00000000f63b5c00, 0x00000000f67cc000)
 Metaspace       used 22360K, capacity 23817K, committed 24064K, reserved 1071104K
  class space    used 2780K, capacity 3051K, committed 3072K, reserved 1048576K
Event: 5.454 GC heap after
Heap after GC invocations=59 (full 1):
 def new generation   total 5504K, used 575K [0x00000000f0a00000, 0x00000000f0ff0000, 0x00000000f5c00000)
  eden space 4928K,   0% used [0x00000000f0a00000, 0x00000000f0a00000, 0x00000000f0ed0000)
  from space 576K,  99% used [0x00000000f0f60000, 0x00000000f0fefff8, 0x00000000f0ff0000)
  to   space 576K,   0% used [0x00000000f0ed0000, 0x00000000f0ed0000, 0x00000000f0f60000)
 tenured generation   total 12080K, used 8218K [0x00000000f5c00000, 0x00000000f67cc000, 0x0000000100000000)
   the space 12080K,  68% used [0x00000000f5c00000, 0x00000000f6406b98, 0x00000000f6406c00, 0x00000000f67cc000)
 Metaspace       used 22360K, capacity 23817K, committed 24064K, reserved 1071104K
  class space    used 2780K, capacity 3051K, committed 3072K, reserved 1048576K
}
Event: 5.530 GC heap before
{Heap before GC invocations=59 (full 1):
 def new generation   total 5504K, used 5503K [0x00000000f0a00000, 0x00000000f0ff0000, 0x00000000f5c00000)
  eden space 4928K, 100% used [0x00000000f0a00000, 0x00000000f0ed0000, 0x00000000f0ed0000)
  from space 576K,  99% used [0x00000000f0f60000, 0x00000000f0fefff8, 0x00000000f0ff0000)
  to   space 576K,   0% used [0x00000000f0ed0000, 0x00000000f0ed0000, 0x00000000f0f60000)
 tenured generation   total 12080K, used 8218K [0x00000000f5c00000, 0x00000000f67cc000, 0x0000000100000000)
   the space 12080K,  68% used [0x00000000f5c00000, 0x00000000f6406b98, 0x00000000f6406c00, 0x00000000f67cc000)
 Metaspace       used 22528K, capacity 23969K, committed 24192K, reserved 1071104K
  class space    used 2808K, capacity 3093K, committed 3200K, reserved 1048576K
Event: 5.533 GC heap after
Heap after GC invocations=60 (full 1):
 def new generation   total 5504K, used 182K [0x00000000f0a00000, 0x00000000f0ff0000, 0x00000000f5c00000)
  eden space 4928K,   0% used [0x00000000f0a00000, 0x00000000f0a00000, 0x00000000f0ed0000)
  from space 576K,  31% used [0x00000000f0ed0000, 0x00000000f0efd898, 0x00000000f0f60000)
  to   space 576K,   0% used [0x00000000f0f60000, 0x00000000f0f60000, 0x00000000f0ff0000)
 tenured generation   total 12080K, used 8781K [0x00000000f5c00000, 0x00000000f67cc000, 0x0000000100000000)
   the space 12080K,  72% used [0x00000000f5c00000, 0x00000000f6493610, 0x00000000f6493800, 0x00000000f67cc000)
 Metaspace       used 22528K, capacity 23969K, committed 24192K, reserved 1071104K
  class space    used 2808K, capacity 3093K, committed 3200K, reserved 1048576K
}
Event: 5.602 GC heap before
{Heap before GC invocations=60 (full 1):
 def new generation   total 5504K, used 5110K [0x00000000f0a00000, 0x00000000f0ff0000, 0x00000000f5c00000)
  eden space 4928K, 100% used [0x00000000f0a00000, 0x00000000f0ed0000, 0x00000000f0ed0000)
  from space 576K,  31% used [0x00000000f0ed0000, 0x00000000f0efd898, 0x00000000f0f60000)
  to   space 576K,   0% used [0x00000000f0f60000, 0x00000000f0f60000, 0x00000000f0ff0000)
 tenured generation   total 12080K, used 8781K [0x00000000f5c00000, 0x00000000f67cc000, 0x0000000100000000)
   the space 12080K,  72% used [0x00000000f5c00000, 0x00000000f6493610, 0x00000000f6493800, 0x00000000f67cc000)
 Metaspace       used 22683K, capacity 24163K, committed 24448K, reserved 1071104K
  class space    used 2838K, capacity 3134K, committed 3200K, reserved 1048576K
Event: 5.604 GC heap after
Heap after GC invocations=61 (full 1):
 def new generation   total 5504K, used 321K [0x00000000f0a00000, 0x00000000f0ff0000, 0x00000000f5c00000)
  eden space 4928K,   0% used [0x00000000f0a00000, 0x00000000f0a00000, 0x00000000f0ed0000)
  from space 576K,  55% used [0x00000000f0f60000, 0x00000000f0fb04a0, 0x00000000f0ff0000)
  to   space 576K,   0% used [0x00000000f0ed0000, 0x00000000f0ed0000, 0x00000000f0f60000)
 tenured generation   total 12080K, used 8781K [0x00000000f5c00000, 0x00000000f67cc000, 0x0000000100000000)
   the space 12080K,  72% used [0x00000000f5c00000, 0x00000000f6493610, 0x00000000f6493800, 0x00000000f67cc000)
 Metaspace       used 22683K, capacity 24163K, committed 24448K, reserved 1071104K
  class space    used 2838K, capacity 3134K, committed 3200K, reserved 1048576K
}
Event: 5.649 GC heap before
{Heap before GC invocations=61 (full 1):
 def new generation   total 5504K, used 5249K [0x00000000f0a00000, 0x00000000f0ff0000, 0x00000000f5c00000)
  eden space 4928K, 100% used [0x00000000f0a00000, 0x00000000f0ed0000, 0x00000000f0ed0000)
  from space 576K,  55% used [0x00000000f0f60000, 0x00000000f0fb04a0, 0x00000000f0ff0000)
  to   space 576K,   0% used [0x00000000f0ed0000, 0x00000000f0ed0000, 0x00000000f0f60000)
 tenured generation   total 12080K, used 8781K [0x00000000f5c00000, 0x00000000f67cc000, 0x0000000100000000)
   the space 12080K,  72% used [0x00000000f5c00000, 0x00000000f6493610, 0x00000000f6493800, 0x00000000f67cc000)
 Metaspace       used 22804K, capacity 24297K, committed 24448K, reserved 1071104K
  class space    used 2856K, capacity 3135K, committed 3200K, reserved 1048576K
Event: 5.651 GC heap after
Heap after GC invocations=62 (full 1):
 def new generation   total 5504K, used 246K [0x00000000f0a00000, 0x00000000f0ff0000, 0x00000000f5c00000)
  eden space 4928K,   0% used [0x00000000f0a00000, 0x00000000f0a00000, 0x00000000f0ed0000)
  from space 576K,  42% used [0x00000000f0ed0000, 0x00000000f0f0d8d8, 0x00000000f0f60000)
  to   space 576K,   0% used [0x00000000f0f60000, 0x00000000f0f60000, 0x00000000f0ff0000)
 tenured generation   total 12080K, used 8946K [0x00000000f5c00000, 0x00000000f67cc000, 0x0000000100000000)
   the space 12080K,  74% used [0x00000000f5c00000, 0x00000000f64bc818, 0x00000000f64bca00, 0x00000000f67cc000)
 Metaspace       used 22804K, capacity 24297K, committed 24448K, reserved 1071104K
  class space    used 2856K, capacity 3135K, committed 3200K, reserved 1048576K
}
Event: 5.709 GC heap before
{Heap before GC invocations=62 (full 1):
 def new generation   total 5504K, used 5174K [0x00000000f0a00000, 0x00000000f0ff0000, 0x00000000f5c00000)
  eden space 4928K, 100% used [0x00000000f0a00000, 0x00000000f0ed0000, 0x00000000f0ed0000)
  from space 576K,  42% used [0x00000000f0ed0000, 0x00000000f0f0d8d8, 0x00000000f0f60000)
  to   space 576K,   0% used [0x00000000f0f60000, 0x00000000f0f60000, 0x00000000f0ff0000)
 tenured generation   total 12080K, used 8946K [0x00000000f5c00000, 0x00000000f67cc000, 0x0000000100000000)
   the space 12080K,  74% used [0x00000000f5c00000, 0x00000000f64bc818, 0x00000000f64bca00, 0x00000000f67cc000)
 Metaspace       used 22940K, capacity 24419K, committed 24704K, reserved 1071104K
  class space    used 2878K, capacity 3170K, committed 3200K, reserved 1048576K
Event: 5.711 GC heap after
Heap after GC invocations=63 (full 1):
 def new generation   total 5504K, used 350K [0x00000000f0a00000, 0x00000000f0ff0000, 0x00000000f5c00000)
  eden space 4928K,   0% used [0x00000000f0a00000, 0x00000000f0a00000, 0x00000000f0ed0000)
  from space 576K,  60% used [0x00000000f0f60000, 0x00000000f0fb7be0, 0x00000000f0ff0000)
  to   space 576K,   0% used [0x00000000f0ed0000, 0x00000000f0ed0000, 0x00000000f0f60000)
 tenured generation   total 12080K, used 8946K [0x00000000f5c00000, 0x00000000f67cc000, 0x0000000100000000)
   the space 12080K,  74% used [0x00000000f5c00000, 0x00000000f64bc818, 0x00000000f64bca00, 0x00000000f67cc000)
 Metaspace       used 22940K, capacity 24419K, committed 24704K, reserved 1071104K
  class space    used 2878K, capacity 3170K, committed 3200K, reserved 1048576K
}
Event: 5.766 GC heap before
{Heap before GC invocations=63 (full 1):
 def new generation   total 5504K, used 5278K [0x00000000f0a00000, 0x00000000f0ff0000, 0x00000000f5c00000)
  eden space 4928K, 100% used [0x00000000f0a00000, 0x00000000f0ed0000, 0x00000000f0ed0000)
  from space 576K,  60% used [0x00000000f0f60000, 0x00000000f0fb7be0, 0x00000000f0ff0000)
  to   space 576K,   0% used [0x00000000f0ed0000, 0x00000000f0ed0000, 0x00000000f0f60000)
 tenured generation   total 12080K, used 8946K [0x00000000f5c00000, 0x00000000f67cc000, 0x0000000100000000)
   the space 12080K,  74% used [0x00000000f5c00000, 0x00000000f64bc818, 0x00000000f64bca00, 0x00000000f67cc000)
 Metaspace       used 23092K, capacity 24585K, committed 24832K, reserved 1071104K
  class space    used 2900K, capacity 3203K, committed 3328K, reserved 1048576K
Event: 5.769 GC heap after
Heap after GC invocations=64 (full 1):
 def new generation   total 5504K, used 344K [0x00000000f0a00000, 0x00000000f0ff0000, 0x00000000f5c00000)
  eden space 4928K,   0% used [0x00000000f0a00000, 0x00000000f0a00000, 0x00000000f0ed0000)
  from space 576K,  59% used [0x00000000f0ed0000, 0x00000000f0f26378, 0x00000000f0f60000)
  to   space 576K,   0% used [0x00000000f0f60000, 0x00000000f0f60000, 0x00000000f0ff0000)
 tenured generation   total 12080K, used 9079K [0x00000000f5c00000, 0x00000000f67cc000, 0x0000000100000000)
   the space 12080K,  75% used [0x00000000f5c00000, 0x00000000f64ddfd8, 0x00000000f64de000, 0x00000000f67cc000)
 Metaspace       used 23092K, capacity 24585K, committed 24832K, reserved 1071104K
  class space    used 2900K, capacity 3203K, committed 3328K, reserved 1048576K
}
Event: 5.810 GC heap before
{Heap before GC invocations=64 (full 1):
 def new generation   total 5504K, used 5272K [0x00000000f0a00000, 0x00000000f0ff0000, 0x00000000f5c00000)
  eden space 4928K, 100% used [0x00000000f0a00000, 0x00000000f0ed0000, 0x00000000f0ed0000)
  from space 576K,  59% used [0x00000000f0ed0000, 0x00000000f0f26378, 0x00000000f0f60000)
  to   space 576K,   0% used [0x00000000f0f60000, 0x00000000f0f60000, 0x00000000f0ff0000)
 tenured generation   total 12080K, used 9079K [0x00000000f5c00000, 0x00000000f67cc000, 0x0000000100000000)
   the space 12080K,  75% used [0x00000000f5c00000, 0x00000000f64ddfd8, 0x00000000f64de000, 0x00000000f67cc000)
 Metaspace       used 23204K, capacity 24667K, committed 24832K, reserved 1071104K
  class space    used 2930K, capacity 3206K, committed 3328K, reserved 1048576K
Event: 5.812 GC heap after
Heap after GC invocations=65 (full 1):
 def new generation   total 5504K, used 424K [0x00000000f0a00000, 0x00000000f0ff0000, 0x00000000f5c00000)
  eden space 4928K,   0% used [0x00000000f0a00000, 0x00000000f0a00000, 0x00000000f0ed0000)
  from space 576K,  73% used [0x00000000f0f60000, 0x00000000f0fca220, 0x00000000f0ff0000)
  to   space 576K,   0% used [0x00000000f0ed0000, 0x00000000f0ed0000, 0x00000000f0f60000)
 tenured generation   total 12080K, used 9174K [0x00000000f5c00000, 0x00000000f67cc000, 0x0000000100000000)
   the space 12080K,  75% used [0x00000000f5c00000, 0x00000000f64f5910, 0x00000000f64f5a00, 0x00000000f67cc000)
 Metaspace       used 23204K, capacity 24667K, committed 24832K, reserved 1071104K
  class space    used 2930K, capacity 3206K, committed 3328K, reserved 1048576K
}
Event: 5.930 GC heap before
{Heap before GC invocations=65 (full 1):
 def new generation   total 5504K, used 5352K [0x00000000f0a00000, 0x00000000f0ff0000, 0x00000000f5c00000)
  eden space 4928K, 100% used [0x00000000f0a00000, 0x00000000f0ed0000, 0x00000000f0ed0000)
  from space 576K,  73% used [0x00000000f0f60000, 0x00000000f0fca220, 0x00000000f0ff0000)
  to   space 576K,   0% used [0x00000000f0ed0000, 0x00000000f0ed0000, 0x00000000f0f60000)
 tenured generation   total 12080K, used 9174K [0x00000000f5c00000, 0x00000000f67cc000, 0x0000000100000000)
   the space 12080K,  75% used [0x00000000f5c00000, 0x00000000f64f5910, 0x00000000f64f5a00, 0x00000000f67cc000)
 Metaspace       used 23839K, capacity 25373K, committed 25600K, reserved 1071104K
  class space    used 3008K, capacity 3309K, committed 3328K, reserved 1048576K
Event: 5.933 GC heap after
Heap after GC invocations=66 (full 1):
 def new generation   total 5504K, used 576K [0x00000000f0a00000, 0x00000000f0ff0000, 0x00000000f5c00000)
  eden space 4928K,   0% used [0x00000000f0a00000, 0x00000000f0a00000, 0x00000000f0ed0000)
  from space 576K, 100% used [0x00000000f0ed0000, 0x00000000f0f60000, 0x00000000f0f60000)
  to   space 576K,   0% used [0x00000000f0f60000, 0x00000000f0f60000, 0x00000000f0ff0000)
 tenured generation   total 12080K, used 9433K [0x00000000f5c00000, 0x00000000f67cc000, 0x0000000100000000)
   the space 12080K,  78% used [0x00000000f5c00000, 0x00000000f65365f0, 0x00000000f6536600, 0x00000000f67cc000)
 Metaspace       used 23839K, capacity 25373K, committed 25600K, reserved 1071104K
  class space    used 3008K, capacity 3309K, committed 3328K, reserved 1048576K
}
Event: 6.106 GC heap before
{Heap before GC invocations=66 (full 1):
 def new generation   total 5504K, used 5504K [0x00000000f0a00000, 0x00000000f0ff0000, 0x00000000f5c00000)
  eden space 4928K, 100% used [0x00000000f0a00000, 0x00000000f0ed0000, 0x00000000f0ed0000)
  from space 576K, 100% used [0x00000000f0ed0000, 0x00000000f0f60000, 0x00000000f0f60000)
  to   space 576K,   0% used [0x00000000f0f60000, 0x00000000f0f60000, 0x00000000f0ff0000)
 tenured generation   total 12080K, used 9433K [0x00000000f5c00000, 0x00000000f67cc000, 0x0000000100000000)
   the space 12080K,  78% used [0x00000000f5c00000, 0x00000000f65365f0, 0x00000000f6536600, 0x00000000f67cc000)
 Metaspace       used 24294K, capacity 26247K, committed 26496K, reserved 1073152K
  class space    used 3096K, capacity 3452K, committed 3456K, reserved 1048576K
Event: 6.109 GC heap after
Heap after GC invocations=67 (full 1):
 def new generation   total 5504K, used 362K [0x00000000f0a00000, 0x00000000f0ff0000, 0x00000000f5c00000)
  eden space 4928K,   0% used [0x00000000f0a00000, 0x00000000f0a00000, 0x00000000f0ed0000)
  from space 576K,  63% used [0x00000000f0f60000, 0x00000000f0fbabd0, 0x00000000f0ff0000)
  to   space 576K,   0% used [0x00000000f0ed0000, 0x00000000f0ed0000, 0x00000000f0f60000)
 tenured generation   total 12080K, used 9992K [0x00000000f5c00000, 0x00000000f67cc000, 0x0000000100000000)
   the space 12080K,  82% used [0x00000000f5c00000, 0x00000000f65c2100, 0x00000000f65c2200, 0x00000000f67cc000)
 Metaspace       used 24294K, capacity 26247K, committed 26496K, reserved 1073152K
  class space    used 3096K, capacity 3452K, committed 3456K, reserved 1048576K
}
Event: 6.220 GC heap before
{Heap before GC invocations=67 (full 1):
 def new generation   total 5504K, used 5290K [0x00000000f0a00000, 0x00000000f0ff0000, 0x00000000f5c00000)
  eden space 4928K, 100% used [0x00000000f0a00000, 0x00000000f0ed0000, 0x00000000f0ed0000)
  from space 576K,  63% used [0x00000000f0f60000, 0x00000000f0fbabd0, 0x00000000f0ff0000)
  to   space 576K,   0% used [0x00000000f0ed0000, 0x00000000f0ed0000, 0x00000000f0f60000)
 tenured generation   total 12080K, used 9992K [0x00000000f5c00000, 0x00000000f67cc000, 0x0000000100000000)
   the space 12080K,  82% used [0x00000000f5c00000, 0x00000000f65c2100, 0x00000000f65c2200, 0x00000000f67cc000)
 Metaspace       used 24587K, capacity 26577K, committed 26880K, reserved 1073152K
  class space    used 3147K, capacity 3491K, committed 3584K, reserved 1048576K
Event: 6.223 GC heap after
Heap after GC invocations=68 (full 1):
 def new generation   total 5504K, used 300K [0x00000000f0a00000, 0x00000000f0ff0000, 0x00000000f5c00000)
  eden space 4928K,   0% used [0x00000000f0a00000, 0x00000000f0a00000, 0x00000000f0ed0000)
  from space 576K,  52% used [0x00000000f0ed0000, 0x00000000f0f1b398, 0x00000000f0f60000)
  to   space 576K,   0% used [0x00000000f0f60000, 0x00000000f0f60000, 0x00000000f0ff0000)
 tenured generation   total 12080K, used 10328K [0x00000000f5c00000, 0x00000000f67cc000, 0x0000000100000000)
   the space 12080K,  85% used [0x00000000f5c00000, 0x00000000f66160a0, 0x00000000f6616200, 0x00000000f67cc000)
 Metaspace       used 24587K, capacity 26577K, committed 26880K, reserved 1073152K
  class space    used 3147K, capacity 3491K, committed 3584K, reserved 1048576K
}
Event: 6.306 GC heap before
{Heap before GC invocations=68 (full 1):
 def new generation   total 5504K, used 5228K [0x00000000f0a00000, 0x00000000f0ff0000, 0x00000000f5c00000)
  eden space 4928K, 100% used [0x00000000f0a00000, 0x00000000f0ed0000, 0x00000000f0ed0000)
  from space 576K,  52% used [0x00000000f0ed0000, 0x00000000f0f1b398, 0x00000000f0f60000)
  to   space 576K,   0% used [0x00000000f0f60000, 0x00000000f0f60000, 0x00000000f0ff0000)
 tenured generation   total 12080K, used 10328K [0x00000000f5c00000, 0x00000000f67cc000, 0x0000000100000000)
   the space 12080K,  85% used [0x00000000f5c00000, 0x00000000f66160a0, 0x00000000f6616200, 0x00000000f67cc000)
 Metaspace       used 25164K, capacity 27153K, committed 27392K, reserved 1073152K
  class space    used 3212K, capacity 3555K, committed 3584K, reserved 1048576K
Event: 6.309 GC heap after
Heap after GC invocations=69 (full 1):
 def new generation   total 5504K, used 219K [0x00000000f0a00000, 0x00000000f0ff0000, 0x00000000f5c00000)
  eden space 4928K,   0% used [0x00000000f0a00000, 0x00000000f0a00000, 0x00000000f0ed0000)
  from space 576K,  38% used [0x00000000f0f60000, 0x00000000f0f96f80, 0x00000000f0ff0000)
  to   space 576K,   0% used [0x00000000f0ed0000, 0x00000000f0ed0000, 0x00000000f0f60000)
 tenured generation   total 12080K, used 10613K [0x00000000f5c00000, 0x00000000f67cc000, 0x0000000100000000)
   the space 12080K,  87% used [0x00000000f5c00000, 0x00000000f665d720, 0x00000000f665d800, 0x00000000f67cc000)
 Metaspace       used 25164K, capacity 27153K, committed 27392K, reserved 1073152K
  class space    used 3212K, capacity 3555K, committed 3584K, reserved 1048576K
}
Event: 6.387 GC heap before
{Heap before GC invocations=69 (full 1):
 def new generation   total 5504K, used 5147K [0x00000000f0a00000, 0x00000000f0ff0000, 0x00000000f5c00000)
  eden space 4928K, 100% used [0x00000000f0a00000, 0x00000000f0ed0000, 0x00000000f0ed0000)
  from space 576K,  38% used [0x00000000f0f60000, 0x00000000f0f96f80, 0x00000000f0ff0000)
  to   space 576K,   0% used [0x00000000f0ed0000, 0x00000000f0ed0000, 0x00000000f0f60000)
 tenured generation   total 12080K, used 10613K [0x00000000f5c00000, 0x00000000f67cc000, 0x0000000100000000)
   the space 12080K,  87% used [0x00000000f5c00000, 0x00000000f665d720, 0x00000000f665d800, 0x00000000f67cc000)
 Metaspace       used 25619K, capacity 27575K, committed 27776K, reserved 1073152K
  class space    used 3253K, capacity 3588K, committed 3712K, reserved 1048576K
Event: 6.389 GC heap after
Heap after GC invocations=70 (full 1):
 def new generation   total 5504K, used 482K [0x00000000f0a00000, 0x00000000f0ff0000, 0x00000000f5c00000)
  eden space 4928K,   0% used [0x00000000f0a00000, 0x00000000f0a00000, 0x00000000f0ed0000)
  from space 576K,  83% used [0x00000000f0ed0000, 0x00000000f0f48a48, 0x00000000f0f60000)
  to   space 576K,   0% used [0x00000000f0f60000, 0x00000000f0f60000, 0x00000000f0ff0000)
 tenured generation   total 12080K, used 10613K [0x00000000f5c00000, 0x00000000f67cc000, 0x0000000100000000)
   the space 12080K,  87% used [0x00000000f5c00000, 0x00000000f665d720, 0x00000000f665d800, 0x00000000f67cc000)
 Metaspace       used 25619K, capacity 27575K, committed 27776K, reserved 1073152K
  class space    used 3253K, capacity 3588K, committed 3712K, reserved 1048576K
}
Event: 6.484 GC heap before
{Heap before GC invocations=70 (full 1):
 def new generation   total 5504K, used 5410K [0x00000000f0a00000, 0x00000000f0ff0000, 0x00000000f5c00000)
  eden space 4928K, 100% used [0x00000000f0a00000, 0x00000000f0ed0000, 0x00000000f0ed0000)
  from space 576K,  83% used [0x00000000f0ed0000, 0x00000000f0f48a48, 0x00000000f0f60000)
  to   space 576K,   0% used [0x00000000f0f60000, 0x00000000f0f60000, 0x00000000f0ff0000)
 tenured generation   total 12080K, used 10613K [0x00000000f5c00000, 0x00000000f67cc000, 0x0000000100000000)
   the space 12080K,  87% used [0x00000000f5c00000, 0x00000000f665d720, 0x00000000f665d800, 0x00000000f67cc000)
 Metaspace       used 26168K, capacity 28143K, committed 28288K, reserved 1073152K
  class space    used 3313K, capacity 3688K, committed 3712K, reserved 1048576K
Event: 6.487 GC heap after
Heap after GC invocations=71 (full 1):
 def new generation   total 5504K, used 186K [0x00000000f0a00000, 0x00000000f0ff0000, 0x00000000f5c00000)
  eden space 4928K,   0% used [0x00000000f0a00000, 0x00000000f0a00000, 0x00000000f0ed0000)
  from space 576K,  32% used [0x00000000f0f60000, 0x00000000f0f8e998, 0x00000000f0ff0000)
  to   space 576K,   0% used [0x00000000f0ed0000, 0x00000000f0ed0000, 0x00000000f0f60000)
 tenured generation   total 12080K, used 11073K [0x00000000f5c00000, 0x00000000f67cc000, 0x0000000100000000)
   the space 12080K,  91% used [0x00000000f5c00000, 0x00000000f66d0728, 0x00000000f66d0800, 0x00000000f67cc000)
 Metaspace       used 26168K, capacity 28143K, committed 28288K, reserved 1073152K
  class space    used 3313K, capacity 3688K, committed 3712K, reserved 1048576K
}
Event: 6.584 GC heap before
{Heap before GC invocations=71 (full 1):
 def new generation   total 5504K, used 5114K [0x00000000f0a00000, 0x00000000f0ff0000, 0x00000000f5c00000)
  eden space 4928K, 100% used [0x00000000f0a00000, 0x00000000f0ed0000, 0x00000000f0ed0000)
  from space 576K,  32% used [0x00000000f0f60000, 0x00000000f0f8e998, 0x00000000f0ff0000)
  to   space 576K,   0% used [0x00000000f0ed0000, 0x00000000f0ed0000, 0x00000000f0f60000)
 tenured generation   total 12080K, used 11073K [0x00000000f5c00000, 0x00000000f67cc000, 0x0000000100000000)
   the space 12080K,  91% used [0x00000000f5c00000, 0x00000000f66d0728, 0x00000000f66d0800, 0x00000000f67cc000)
 Metaspace       used 26643K, capacity 28691K, committed 28928K, reserved 1075200K
  class space    used 3353K, capacity 3722K, committed 3840K, reserved 1048576K
Event: 6.586 GC heap after
Heap after GC invocations=72 (full 1):
 def new generation   total 5504K, used 405K [0x00000000f0a00000, 0x00000000f0ff0000, 0x00000000f5c00000)
  eden space 4928K,   0% used [0x00000000f0a00000, 0x00000000f0a00000, 0x00000000f0ed0000)
  from space 576K,  70% used [0x00000000f0ed0000, 0x00000000f0f35748, 0x00000000f0f60000)
  to   space 576K,   0% used [0x00000000f0f60000, 0x00000000f0f60000, 0x00000000f0ff0000)
 tenured generation   total 12080K, used 11073K [0x00000000f5c00000, 0x00000000f67cc000, 0x0000000100000000)
   the space 12080K,  91% used [0x00000000f5c00000, 0x00000000f66d0728, 0x00000000f66d0800, 0x00000000f67cc000)
 Metaspace       used 26643K, capacity 28691K, committed 28928K, reserved 1075200K
  class space    used 3353K, capacity 3722K, committed 3840K, reserved 1048576K
}
Event: 6.684 GC heap before
{Heap before GC invocations=72 (full 1):
 def new generation   total 5504K, used 5333K [0x00000000f0a00000, 0x00000000f0ff0000, 0x00000000f5c00000)
  eden space 4928K, 100% used [0x00000000f0a00000, 0x00000000f0ed0000, 0x00000000f0ed0000)
  from space 576K,  70% used [0x00000000f0ed0000, 0x00000000f0f35748, 0x00000000f0f60000)
  to   space 576K,   0% used [0x00000000f0f60000, 0x00000000f0f60000, 0x00000000f0ff0000)
 tenured generation   total 12080K, used 11073K [0x00000000f5c00000, 0x00000000f67cc000, 0x0000000100000000)
   the space 12080K,  91% used [0x00000000f5c00000, 0x00000000f66d0728, 0x00000000f66d0800, 0x00000000f67cc000)
 Metaspace       used 26990K, capacity 29041K, committed 29184K, reserved 1075200K
  class space    used 3410K, capacity 3779K, committed 3840K, reserved 1048576K
Event: 6.687 GC heap after
Heap after GC invocations=73 (full 1):
 def new generation   total 5504K, used 451K [0x00000000f0a00000, 0x00000000f0ff0000, 0x00000000f5c00000)
  eden space 4928K,   0% used [0x00000000f0a00000, 0x00000000f0a00000, 0x00000000f0ed0000)
  from space 576K,  78% used [0x00000000f0f60000, 0x00000000f0fd0e08, 0x00000000f0ff0000)
  to   space 576K,   0% used [0x00000000f0ed0000, 0x00000000f0ed0000, 0x00000000f0f60000)
 tenured generation   total 12080K, used 11236K [0x00000000f5c00000, 0x00000000f67cc000, 0x0000000100000000)
   the space 12080K,  93% used [0x00000000f5c00000, 0x00000000f66f93c8, 0x00000000f66f9400, 0x00000000f67cc000)
 Metaspace       used 26990K, capacity 29041K, committed 29184K, reserved 1075200K
  class space    used 3410K, capacity 3779K, committed 3840K, reserved 1048576K
}
Event: 6.723 GC heap before
{Heap before GC invocations=73 (full 1):
 def new generation   total 5504K, used 5379K [0x00000000f0a00000, 0x00000000f0ff0000, 0x00000000f5c00000)
  eden space 4928K, 100% used [0x00000000f0a00000, 0x00000000f0ed0000, 0x00000000f0ed0000)
  from space 576K,  78% used [0x00000000f0f60000, 0x00000000f0fd0e08, 0x00000000f0ff0000)
  to   space 576K,   0% used [0x00000000f0ed0000, 0x00000000f0ed0000, 0x00000000f0f60000)
 tenured generation   total 12080K, used 11236K [0x00000000f5c00000, 0x00000000f67cc000, 0x0000000100000000)
   the space 12080K,  93% used [0x00000000f5c00000, 0x00000000f66f93c8, 0x00000000f66f9400, 0x00000000f67cc000)
 Metaspace       used 27020K, capacity 29111K, committed 29184K, reserved 1075200K
  class space    used 3412K, capacity 3780K, committed 3840K, reserved 1048576K
Event: 6.726 GC heap after
Heap after GC invocations=74 (full 1):
 def new generation   total 5504K, used 310K [0x00000000f0a00000, 0x00000000f0ff0000, 0x00000000f5c00000)
  eden space 4928K,   0% used [0x00000000f0a00000, 0x00000000f0a00000, 0x00000000f0ed0000)
  from space 576K,  53% used [0x00000000f0ed0000, 0x00000000f0f1d860, 0x00000000f0f60000)
  to   space 576K,   0% used [0x00000000f0f60000, 0x00000000f0f60000, 0x00000000f0ff0000)
 tenured generation   total 12080K, used 11455K [0x00000000f5c00000, 0x00000000f67cc000, 0x0000000100000000)
   the space 12080K,  94% used [0x00000000f5c00000, 0x00000000f672feb0, 0x00000000f6730000, 0x00000000f67cc000)
 Metaspace       used 27020K, capacity 29111K, committed 29184K, reserved 1075200K
  class space    used 3412K, capacity 3780K, committed 3840K, reserved 1048576K
}
Event: 6.797 GC heap before
{Heap before GC invocations=74 (full 1):
 def new generation   total 5504K, used 5238K [0x00000000f0a00000, 0x00000000f0ff0000, 0x00000000f5c00000)
  eden space 4928K,  99% used [0x00000000f0a00000, 0x00000000f0ecffa8, 0x00000000f0ed0000)
  from space 576K,  53% used [0x00000000f0ed0000, 0x00000000f0f1d860, 0x00000000f0f60000)
  to   space 576K,   0% used [0x00000000f0f60000, 0x00000000f0f60000, 0x00000000f0ff0000)
 tenured generation   total 12080K, used 11455K [0x00000000f5c00000, 0x00000000f67cc000, 0x0000000100000000)
   the space 12080K,  94% used [0x00000000f5c00000, 0x00000000f672feb0, 0x00000000f6730000, 0x00000000f67cc000)
 Metaspace       used 27105K, capacity 29191K, committed 29440K, reserved 1075200K
  class space    used 3428K, capacity 3784K, committed 3840K, reserved 1048576K
Event: 6.801 GC heap after
Heap after GC invocations=75 (full 1):
 def new generation   total 5504K, used 361K [0x00000000f0a00000, 0x00000000f0ff0000, 0x00000000f5c00000)
  eden space 4928K,   0% used [0x00000000f0a00000, 0x00000000f0a00000, 0x00000000f0ed0000)
  from space 576K,  62% used [0x00000000f0f60000, 0x00000000f0fba738, 0x00000000f0ff0000)
  to   space 576K,   0% used [0x00000000f0ed0000, 0x00000000f0ed0000, 0x00000000f0f60000)
 tenured generation   total 12080K, used 11673K [0x00000000f5c00000, 0x00000000f67cc000, 0x0000000100000000)
   the space 12080K,  96% used [0x00000000f5c00000, 0x00000000f67667c0, 0x00000000f6766800, 0x00000000f67cc000)
 Metaspace       used 27105K, capacity 29191K, committed 29440K, reserved 1075200K
  class space    used 3428K, capacity 3784K, committed 3840K, reserved 1048576K
}
Event: 6.879 GC heap before
{Heap before GC invocations=75 (full 1):
 def new generation   total 5504K, used 5289K [0x00000000f0a00000, 0x00000000f0ff0000, 0x00000000f5c00000)
  eden space 4928K, 100% used [0x00000000f0a00000, 0x00000000f0ed0000, 0x00000000f0ed0000)
  from space 576K,  62% used [0x00000000f0f60000, 0x00000000f0fba738, 0x00000000f0ff0000)
  to   space 576K,   0% used [0x00000000f0ed0000, 0x00000000f0ed0000, 0x00000000f0f60000)
 tenured generation   total 12080K, used 11673K [0x00000000f5c00000, 0x00000000f67cc000, 0x0000000100000000)
   the space 12080K,  96% used [0x00000000f5c00000, 0x00000000f67667c0, 0x00000000f6766800, 0x00000000f67cc000)
 Metaspace       used 27320K, capacity 29379K, committed 29440K, reserved 1075200K
  class space    used 3463K, capacity 3824K, committed 3840K, reserved 1048576K
Event: 6.882 GC heap after
Heap after GC invocations=76 (full 1):
 def new generation   total 5504K, used 426K [0x00000000f0a00000, 0x00000000f0ff0000, 0x00000000f5c00000)
  eden space 4928K,   0% used [0x00000000f0a00000, 0x00000000f0a00000, 0x00000000f0ed0000)
  from space 576K,  74% used [0x00000000f0ed0000, 0x00000000f0f3ab60, 0x00000000f0f60000)
  to   space 576K,   0% used [0x00000000f0f60000, 0x00000000f0f60000, 0x00000000f0ff0000)
 tenured generation   total 12080K, used 11759K [0x00000000f5c00000, 0x00000000f67cc000, 0x0000000100000000)
   the space 12080K,  97% used [0x00000000f5c00000, 0x00000000f677bc88, 0x00000000f677be00, 0x00000000f67cc000)
 Metaspace       used 27320K, capacity 29379K, committed 29440K, reserved 1075200K
  class space    used 3463K, capacity 3824K, committed 3840K, reserved 1048576K
}
Event: 6.964 GC heap before
{Heap before GC invocations=76 (full 1):
 def new generation   total 5504K, used 5354K [0x00000000f0a00000, 0x00000000f0ff0000, 0x00000000f5c00000)
  eden space 4928K, 100% used [0x00000000f0a00000, 0x00000000f0ed0000, 0x00000000f0ed0000)
  from space 576K,  74% used [0x00000000f0ed0000, 0x00000000f0f3ab60, 0x00000000f0f60000)
  to   space 576K,   0% used [0x00000000f0f60000, 0x00000000f0f60000, 0x00000000f0ff0000)
 tenured generation   total 12080K, used 11759K [0x00000000f5c00000, 0x00000000f67cc000, 0x0000000100000000)
   the space 12080K,  97% used [0x00000000f5c00000, 0x00000000f677bc88, 0x00000000f677be00, 0x00000000f67cc000)
 Metaspace       used 27412K, capacity 29475K, committed 29696K, reserved 1075200K
  class space    used 3482K, capacity 3832K, committed 3840K, reserved 1048576K
Event: 6.967 GC heap after
Heap after GC invocations=77 (full 1):
 def new generation   total 5504K, used 308K [0x00000000f0a00000, 0x00000000f0ff0000, 0x00000000f5c00000)
  eden space 4928K,   0% used [0x00000000f0a00000, 0x00000000f0a00000, 0x00000000f0ed0000)
  from space 576K,  53% used [0x00000000f0f60000, 0x00000000f0fad250, 0x00000000f0ff0000)
  to   space 576K,   0% used [0x00000000f0ed0000, 0x00000000f0ed0000, 0x00000000f0f60000)
 tenured generation   total 12080K, used 12015K [0x00000000f5c00000, 0x00000000f67cc000, 0x0000000100000000)
   the space 12080K,  99% used [0x00000000f5c00000, 0x00000000f67bbdf8, 0x00000000f67bbe00, 0x00000000f67cc000)
 Metaspace       used 27412K, capacity 29475K, committed 29696K, reserved 1075200K
  class space    used 3482K, capacity 3832K, committed 3840K, reserved 1048576K
}
Event: 7.039 GC heap before
{Heap before GC invocations=77 (full 1):
 def new generation   total 5504K, used 5236K [0x00000000f0a00000, 0x00000000f0ff0000, 0x00000000f5c00000)
  eden space 4928K, 100% used [0x00000000f0a00000, 0x00000000f0ed0000, 0x00000000f0ed0000)
  from space 576K,  53% used [0x00000000f0f60000, 0x00000000f0fad250, 0x00000000f0ff0000)
  to   space 576K,   0% used [0x00000000f0ed0000, 0x00000000f0ed0000, 0x00000000f0f60000)
 tenured generation   total 12080K, used 12015K [0x00000000f5c00000, 0x00000000f67cc000, 0x0000000100000000)
   the space 12080K,  99% used [0x00000000f5c00000, 0x00000000f67bbdf8, 0x00000000f67bbe00, 0x00000000f67cc000)
 Metaspace       used 27877K, capacity 29925K, committed 30080K, reserved 1075200K
  class space    used 3544K, capacity 3897K, committed 3968K, reserved 1048576K
Event: 7.099 GC heap after
Heap after GC invocations=78 (full 2):
 def new generation   total 8704K, used 0K [0x00000000f0a00000, 0x00000000f1370000, 0x00000000f5c00000)
  eden space 7744K,   0% used [0x00000000f0a00000, 0x00000000f0a00000, 0x00000000f1190000)
  from space 960K,   0% used [0x00000000f1190000, 0x00000000f1190000, 0x00000000f1280000)
  to   space 960K,   0% used [0x00000000f1280000, 0x00000000f1280000, 0x00000000f1370000)
 tenured generation   total 19248K, used 11547K [0x00000000f5c00000, 0x00000000f6ecc000, 0x0000000100000000)
   the space 19248K,  59% used [0x00000000f5c00000, 0x00000000f6746ee8, 0x00000000f6747000, 0x00000000f6ecc000)
 Metaspace       used 27877K, capacity 29925K, committed 30080K, reserved 1075200K
  class space    used 3544K, capacity 3897K, committed 3968K, reserved 1048576K
}
Event: 7.218 GC heap before
{Heap before GC invocations=78 (full 2):
 def new generation   total 8704K, used 7744K [0x00000000f0a00000, 0x00000000f1370000, 0x00000000f5c00000)
  eden space 7744K, 100% used [0x00000000f0a00000, 0x00000000f1190000, 0x00000000f1190000)
  from space 960K,   0% used [0x00000000f1190000, 0x00000000f1190000, 0x00000000f1280000)
  to   space 960K,   0% used [0x00000000f1280000, 0x00000000f1280000, 0x00000000f1370000)
 tenured generation   total 19248K, used 11547K [0x00000000f5c00000, 0x00000000f6ecc000, 0x0000000100000000)
   the space 19248K,  59% used [0x00000000f5c00000, 0x00000000f6746ee8, 0x00000000f6747000, 0x00000000f6ecc000)
 Metaspace       used 28212K, capacity 30377K, committed 30720K, reserved 1075200K
  class space    used 3622K, capacity 3999K, committed 4096K, reserved 1048576K
Event: 7.220 GC heap after
Heap after GC invocations=79 (full 2):
 def new generation   total 8704K, used 249K [0x00000000f0a00000, 0x00000000f1370000, 0x00000000f5c00000)
  eden space 7744K,   0% used [0x00000000f0a00000, 0x00000000f0a00000, 0x00000000f1190000)
  from space 960K,  25% used [0x00000000f1280000, 0x00000000f12be548, 0x00000000f1370000)
  to   space 960K,   0% used [0x00000000f1190000, 0x00000000f1190000, 0x00000000f1280000)
 tenured generation   total 19248K, used 11547K [0x00000000f5c00000, 0x00000000f6ecc000, 0x0000000100000000)
   the space 19248K,  59% used [0x00000000f5c00000, 0x00000000f6746ee8, 0x00000000f6747000, 0x00000000f6ecc000)
 Metaspace       used 28212K, capacity 30377K, committed 30720K, reserved 1075200K
  class space    used 3622K, capacity 3999K, committed 4096K, reserved 1048576K
}
Event: 7.322 GC heap before
{Heap before GC invocations=79 (full 2):
 def new generation   total 8704K, used 7993K [0x00000000f0a00000, 0x00000000f1370000, 0x00000000f5c00000)
  eden space 7744K, 100% used [0x00000000f0a00000, 0x00000000f1190000, 0x00000000f1190000)
  from space 960K,  25% used [0x00000000f1280000, 0x00000000f12be548, 0x00000000f1370000)
  to   space 960K,   0% used [0x00000000f1190000, 0x00000000f1190000, 0x00000000f1280000)
 tenured generation   total 19248K, used 11547K [0x00000000f5c00000, 0x00000000f6ecc000, 0x0000000100000000)
   the space 19248K,  59% used [0x00000000f5c00000, 0x00000000f6746ee8, 0x00000000f6747000, 0x00000000f6ecc000)
 Metaspace       used 28929K, capacity 31087K, committed 31232K, reserved 1077248K
  class space    used 3678K, capacity 4064K, committed 4096K, reserved 1048576K
Event: 7.325 GC heap after
Heap after GC invocations=80 (full 2):
 def new generation   total 8704K, used 378K [0x00000000f0a00000, 0x00000000f1370000, 0x00000000f5c00000)
  eden space 7744K,   0% used [0x00000000f0a00000, 0x00000000f0a00000, 0x00000000f1190000)
  from space 960K,  39% used [0x00000000f1190000, 0x00000000f11ee888, 0x00000000f1280000)
  to   space 960K,   0% used [0x00000000f1280000, 0x00000000f1280000, 0x00000000f1370000)
 tenured generation   total 19248K, used 11547K [0x00000000f5c00000, 0x00000000f6ecc000, 0x0000000100000000)
   the space 19248K,  59% used [0x00000000f5c00000, 0x00000000f6746ee8, 0x00000000f6747000, 0x00000000f6ecc000)
 Metaspace       used 28929K, capacity 31087K, committed 31232K, reserved 1077248K
  class space    used 3678K, capacity 4064K, committed 4096K, reserved 1048576K
}
Event: 7.390 GC heap before
{Heap before GC invocations=80 (full 2):
 def new generation   total 8704K, used 8122K [0x00000000f0a00000, 0x00000000f1370000, 0x00000000f5c00000)
  eden space 7744K, 100% used [0x00000000f0a00000, 0x00000000f1190000, 0x00000000f1190000)
  from space 960K,  39% used [0x00000000f1190000, 0x00000000f11ee888, 0x00000000f1280000)
  to   space 960K,   0% used [0x00000000f1280000, 0x00000000f1280000, 0x00000000f1370000)
 tenured generation   total 19248K, used 11547K [0x00000000f5c00000, 0x00000000f6ecc000, 0x0000000100000000)
   the space 19248K,  59% used [0x00000000f5c00000, 0x00000000f6746ee8, 0x00000000f6747000, 0x00000000f6ecc000)
 Metaspace       used 29195K, capacity 31325K, committed 31616K, reserved 1077248K
  class space    used 3714K, capacity 4099K, committed 4224K, reserved 1048576K
Event: 7.393 GC heap after
Heap after GC invocations=81 (full 2):
 def new generation   total 8704K, used 425K [0x00000000f0a00000, 0x00000000f1370000, 0x00000000f5c00000)
  eden space 7744K,   0% used [0x00000000f0a00000, 0x00000000f0a00000, 0x00000000f1190000)
  from space 960K,  44% used [0x00000000f1280000, 0x00000000f12ea598, 0x00000000f1370000)
  to   space 960K,   0% used [0x00000000f1190000, 0x00000000f1190000, 0x00000000f1280000)
 tenured generation   total 19248K, used 11547K [0x00000000f5c00000, 0x00000000f6ecc000, 0x0000000100000000)
   the space 19248K,  59% used [0x00000000f5c00000, 0x00000000f6746ee8, 0x00000000f6747000, 0x00000000f6ecc000)
 Metaspace       used 29195K, capacity 31325K, committed 31616K, reserved 1077248K
  class space    used 3714K, capacity 4099K, committed 4224K, reserved 1048576K
}
Event: 7.452 GC heap before
{Heap before GC invocations=81 (full 2):
 def new generation   total 8704K, used 8169K [0x00000000f0a00000, 0x00000000f1370000, 0x00000000f5c00000)
  eden space 7744K, 100% used [0x00000000f0a00000, 0x00000000f1190000, 0x00000000f1190000)
  from space 960K,  44% used [0x00000000f1280000, 0x00000000f12ea598, 0x00000000f1370000)
  to   space 960K,   0% used [0x00000000f1190000, 0x00000000f1190000, 0x00000000f1280000)
 tenured generation   total 19248K, used 11547K [0x00000000f5c00000, 0x00000000f6ecc000, 0x0000000100000000)
   the space 19248K,  59% used [0x00000000f5c00000, 0x00000000f6746ee8, 0x00000000f6747000, 0x00000000f6ecc000)
 Metaspace       used 29348K, capacity 31485K, committed 31872K, reserved 1077248K
  class space    used 3746K, capacity 4131K, committed 4224K, reserved 1048576K
Event: 7.454 GC heap after
Heap after GC invocations=82 (full 2):
 def new generation   total 8704K, used 475K [0x00000000f0a00000, 0x00000000f1370000, 0x00000000f5c00000)
  eden space 7744K,   0% used [0x00000000f0a00000, 0x00000000f0a00000, 0x00000000f1190000)
  from space 960K,  49% used [0x00000000f1190000, 0x00000000f1206eb0, 0x00000000f1280000)
  to   space 960K,   0% used [0x00000000f1280000, 0x00000000f1280000, 0x00000000f1370000)
 tenured generation   total 19248K, used 11547K [0x00000000f5c00000, 0x00000000f6ecc000, 0x0000000100000000)
   the space 19248K,  59% used [0x00000000f5c00000, 0x00000000f6746ee8, 0x00000000f6747000, 0x00000000f6ecc000)
 Metaspace       used 29348K, capacity 31485K, committed 31872K, reserved 1077248K
  class space    used 3746K, capacity 4131K, committed 4224K, reserved 1048576K
}
Event: 7.522 GC heap before
{Heap before GC invocations=82 (full 2):
 def new generation   total 8704K, used 8219K [0x00000000f0a00000, 0x00000000f1370000, 0x00000000f5c00000)
  eden space 7744K, 100% used [0x00000000f0a00000, 0x00000000f1190000, 0x00000000f1190000)
  from space 960K,  49% used [0x00000000f1190000, 0x00000000f1206eb0, 0x00000000f1280000)
  to   space 960K,   0% used [0x00000000f1280000, 0x00000000f1280000, 0x00000000f1370000)
 tenured generation   total 19248K, used 11547K [0x00000000f5c00000, 0x00000000f6ecc000, 0x0000000100000000)
   the space 19248K,  59% used [0x00000000f5c00000, 0x00000000f6746ee8, 0x00000000f6747000, 0x00000000f6ecc000)
 Metaspace       used 29592K, capacity 31773K, committed 32128K, reserved 1077248K
  class space    used 3781K, capacity 4163K, committed 4224K, reserved 1048576K
Event: 7.525 GC heap after
Heap after GC invocations=83 (full 2):
 def new generation   total 8704K, used 558K [0x00000000f0a00000, 0x00000000f1370000, 0x00000000f5c00000)
  eden space 7744K,   0% used [0x00000000f0a00000, 0x00000000f0a00000, 0x00000000f1190000)
  from space 960K,  58% used [0x00000000f1280000, 0x00000000f130b9e0, 0x00000000f1370000)
  to   space 960K,   0% used [0x00000000f1190000, 0x00000000f1190000, 0x00000000f1280000)
 tenured generation   total 19248K, used 11547K [0x00000000f5c00000, 0x00000000f6ecc000, 0x0000000100000000)
   the space 19248K,  59% used [0x00000000f5c00000, 0x00000000f6746ee8, 0x00000000f6747000, 0x00000000f6ecc000)
 Metaspace       used 29592K, capacity 31773K, committed 32128K, reserved 1077248K
  class space    used 3781K, capacity 4163K, committed 4224K, reserved 1048576K
}
Event: 7.602 GC heap before
{Heap before GC invocations=83 (full 2):
 def new generation   total 8704K, used 8302K [0x00000000f0a00000, 0x00000000f1370000, 0x00000000f5c00000)
  eden space 7744K, 100% used [0x00000000f0a00000, 0x00000000f1190000, 0x00000000f1190000)
  from space 960K,  58% used [0x00000000f1280000, 0x00000000f130b9e0, 0x00000000f1370000)
  to   space 960K,   0% used [0x00000000f1190000, 0x00000000f1190000, 0x00000000f1280000)
 tenured generation   total 19248K, used 11547K [0x00000000f5c00000, 0x00000000f6ecc000, 0x0000000100000000)
   the space 19248K,  59% used [0x00000000f5c00000, 0x00000000f6746ee8, 0x00000000f6747000, 0x00000000f6ecc000)
 Metaspace       used 29919K, capacity 32093K, committed 32512K, reserved 1077248K
  class space    used 3837K, capacity 4227K, committed 4352K, reserved 1048576K
Event: 7.605 GC heap after
Heap after GC invocations=84 (full 2):
 def new generation   total 8704K, used 374K [0x00000000f0a00000, 0x00000000f1370000, 0x00000000f5c00000)
  eden space 7744K,   0% used [0x00000000f0a00000, 0x00000000f0a00000, 0x00000000f1190000)
  from space 960K,  38% used [0x00000000f1190000, 0x00000000f11ed978, 0x00000000f1280000)
  to   space 960K,   0% used [0x00000000f1280000, 0x00000000f1280000, 0x00000000f1370000)
 tenured generation   total 19248K, used 11772K [0x00000000f5c00000, 0x00000000f6ecc000, 0x0000000100000000)
   the space 19248K,  61% used [0x00000000f5c00000, 0x00000000f677f120, 0x00000000f677f200, 0x00000000f6ecc000)
 Metaspace       used 29919K, capacity 32093K, committed 32512K, reserved 1077248K
  class space    used 3837K, capacity 4227K, committed 4352K, reserved 1048576K
}
Event: 7.679 GC heap before
{Heap before GC invocations=84 (full 2):
 def new generation   total 8704K, used 8118K [0x00000000f0a00000, 0x00000000f1370000, 0x00000000f5c00000)
  eden space 7744K, 100% used [0x00000000f0a00000, 0x00000000f1190000, 0x00000000f1190000)
  from space 960K,  38% used [0x00000000f1190000, 0x00000000f11ed978, 0x00000000f1280000)
  to   space 960K,   0% used [0x00000000f1280000, 0x00000000f1280000, 0x00000000f1370000)
 tenured generation   total 19248K, used 11772K [0x00000000f5c00000, 0x00000000f6ecc000, 0x0000000100000000)
   the space 19248K,  61% used [0x00000000f5c00000, 0x00000000f677f120, 0x00000000f677f200, 0x00000000f6ecc000)
 Metaspace       used 30238K, capacity 32415K, committed 32768K, reserved 1077248K
  class space    used 3899K, capacity 4292K, committed 4352K, reserved 1048576K
Event: 7.682 GC heap after
Heap after GC invocations=85 (full 2):
 def new generation   total 8704K, used 420K [0x00000000f0a00000, 0x00000000f1370000, 0x00000000f5c00000)
  eden space 7744K,   0% used [0x00000000f0a00000, 0x00000000f0a00000, 0x00000000f1190000)
  from space 960K,  43% used [0x00000000f1280000, 0x00000000f12e9300, 0x00000000f1370000)
  to   space 960K,   0% used [0x00000000f1190000, 0x00000000f1190000, 0x00000000f1280000)
 tenured generation   total 19248K, used 11772K [0x00000000f5c00000, 0x00000000f6ecc000, 0x0000000100000000)
   the space 19248K,  61% used [0x00000000f5c00000, 0x00000000f677f120, 0x00000000f677f200, 0x00000000f6ecc000)
 Metaspace       used 30238K, capacity 32415K, committed 32768K, reserved 1077248K
  class space    used 3899K, capacity 4292K, committed 4352K, reserved 1048576K
}
Event: 7.750 GC heap before
{Heap before GC invocations=85 (full 2):
 def new generation   total 8704K, used 8164K [0x00000000f0a00000, 0x00000000f1370000, 0x00000000f5c00000)
  eden space 7744K, 100% used [0x00000000f0a00000, 0x00000000f1190000, 0x00000000f1190000)
  from space 960K,  43% used [0x00000000f1280000, 0x00000000f12e9300, 0x00000000f1370000)
  to   space 960K,   0% used [0x00000000f1190000, 0x00000000f1190000, 0x00000000f1280000)
 tenured generation   total 19248K, used 11772K [0x00000000f5c00000, 0x00000000f6ecc000, 0x0000000100000000)
   the space 19248K,  61% used [0x00000000f5c00000, 0x00000000f677f120, 0x00000000f677f200, 0x00000000f6ecc000)
 Metaspace       used 30493K, capacity 32671K, committed 32896K, reserved 1077248K
  class space    used 3954K, capacity 4356K, committed 4480K, reserved 1048576K
Event: 7.752 GC heap after
Heap after GC invocations=86 (full 2):
 def new generation   total 8704K, used 463K [0x00000000f0a00000, 0x00000000f1370000, 0x00000000f5c00000)
  eden space 7744K,   0% used [0x00000000f0a00000, 0x00000000f0a00000, 0x00000000f1190000)
  from space 960K,  48% used [0x00000000f1190000, 0x00000000f1203f80, 0x00000000f1280000)
  to   space 960K,   0% used [0x00000000f1280000, 0x00000000f1280000, 0x00000000f1370000)
 tenured generation   total 19248K, used 11772K [0x00000000f5c00000, 0x00000000f6ecc000, 0x0000000100000000)
   the space 19248K,  61% used [0x00000000f5c00000, 0x00000000f677f120, 0x00000000f677f200, 0x00000000f6ecc000)
 Metaspace       used 30493K, capacity 32671K, committed 32896K, reserved 1077248K
  class space    used 3954K, capacity 4356K, committed 4480K, reserved 1048576K
}
Event: 7.826 GC heap before
{Heap before GC invocations=86 (full 2):
 def new generation   total 8704K, used 8207K [0x00000000f0a00000, 0x00000000f1370000, 0x00000000f5c00000)
  eden space 7744K, 100% used [0x00000000f0a00000, 0x00000000f1190000, 0x00000000f1190000)
  from space 960K,  48% used [0x00000000f1190000, 0x00000000f1203f80, 0x00000000f1280000)
  to   space 960K,   0% used [0x00000000f1280000, 0x00000000f1280000, 0x00000000f1370000)
 tenured generation   total 19248K, used 11772K [0x00000000f5c00000, 0x00000000f6ecc000, 0x0000000100000000)
   the space 19248K,  61% used [0x00000000f5c00000, 0x00000000f677f120, 0x00000000f677f200, 0x00000000f6ecc000)
 Metaspace       used 30774K, capacity 32943K, committed 33152K, reserved 1077248K
  class space    used 4010K, capacity 4396K, committed 4480K, reserved 1048576K
Event: 7.828 GC heap after
Heap after GC invocations=87 (full 2):
 def new generation   total 8704K, used 531K [0x00000000f0a00000, 0x00000000f1370000, 0x00000000f5c00000)
  eden space 7744K,   0% used [0x00000000f0a00000, 0x00000000f0a00000, 0x00000000f1190000)
  from space 960K,  55% used [0x00000000f1280000, 0x00000000f1304c50, 0x00000000f1370000)
  to   space 960K,   0% used [0x00000000f1190000, 0x00000000f1190000, 0x00000000f1280000)
 tenured generation   total 19248K, used 11772K [0x00000000f5c00000, 0x00000000f6ecc000, 0x0000000100000000)
   the space 19248K,  61% used [0x00000000f5c00000, 0x00000000f677f120, 0x00000000f677f200, 0x00000000f6ecc000)
 Metaspace       used 30774K, capacity 32943K, committed 33152K, reserved 1077248K
  class space    used 4010K, capacity 4396K, committed 4480K, reserved 1048576K
}
Event: 7.897 GC heap before
{Heap before GC invocations=87 (full 2):
 def new generation   total 8704K, used 8275K [0x00000000f0a00000, 0x00000000f1370000, 0x00000000f5c00000)
  eden space 7744K, 100% used [0x00000000f0a00000, 0x00000000f1190000, 0x00000000f1190000)
  from space 960K,  55% used [0x00000000f1280000, 0x00000000f1304c50, 0x00000000f1370000)
  to   space 960K,   0% used [0x00000000f1190000, 0x00000000f1190000, 0x00000000f1280000)
 tenured generation   total 19248K, used 11772K [0x00000000f5c00000, 0x00000000f6ecc000, 0x0000000100000000)
   the space 19248K,  61% used [0x00000000f5c00000, 0x00000000f677f120, 0x00000000f677f200, 0x00000000f6ecc000)
 Metaspace       used 31060K, capacity 33249K, committed 33408K, reserved 1079296K
  class space    used 4050K, capacity 4431K, committed 4480K, reserved 1048576K
Event: 7.899 GC heap after
Heap after GC invocations=88 (full 2):
 def new generation   total 8704K, used 474K [0x00000000f0a00000, 0x00000000f1370000, 0x00000000f5c00000)
  eden space 7744K,   0% used [0x00000000f0a00000, 0x00000000f0a00000, 0x00000000f1190000)
  from space 960K,  49% used [0x00000000f1190000, 0x00000000f1206a70, 0x00000000f1280000)
  to   space 960K,   0% used [0x00000000f1280000, 0x00000000f1280000, 0x00000000f1370000)
 tenured generation   total 19248K, used 11901K [0x00000000f5c00000, 0x00000000f6ecc000, 0x0000000100000000)
   the space 19248K,  61% used [0x00000000f5c00000, 0x00000000f679f758, 0x00000000f679f800, 0x00000000f6ecc000)
 Metaspace       used 31060K, capacity 33249K, committed 33408K, reserved 1079296K
  class space    used 4050K, capacity 4431K, committed 4480K, reserved 1048576K
}
Event: 7.966 GC heap before
{Heap before GC invocations=88 (full 2):
 def new generation   total 8704K, used 8218K [0x00000000f0a00000, 0x00000000f1370000, 0x00000000f5c00000)
  eden space 7744K, 100% used [0x00000000f0a00000, 0x00000000f1190000, 0x00000000f1190000)
  from space 960K,  49% used [0x00000000f1190000, 0x00000000f1206a70, 0x00000000f1280000)
  to   space 960K,   0% used [0x00000000f1280000, 0x00000000f1280000, 0x00000000f1370000)
 tenured generation   total 19248K, used 11901K [0x00000000f5c00000, 0x00000000f6ecc000, 0x0000000100000000)
   the space 19248K,  61% used [0x00000000f5c00000, 0x00000000f679f758, 0x00000000f679f800, 0x00000000f6ecc000)
 Metaspace       used 31300K, capacity 33523K, committed 33792K, reserved 1079296K
  class space    used 4093K, capacity 4498K, committed 4608K, reserved 1048576K
Event: 7.969 GC heap after
Heap after GC invocations=89 (full 2):
 def new generation   total 8704K, used 537K [0x00000000f0a00000, 0x00000000f1370000, 0x00000000f5c00000)
  eden space 7744K,   0% used [0x00000000f0a00000, 0x00000000f0a00000, 0x00000000f1190000)
  from space 960K,  56% used [0x00000000f1280000, 0x00000000f1306798, 0x00000000f1370000)
  to   space 960K,   0% used [0x00000000f1190000, 0x00000000f1190000, 0x00000000f1280000)
 tenured generation   total 19248K, used 11901K [0x00000000f5c00000, 0x00000000f6ecc000, 0x0000000100000000)
   the space 19248K,  61% used [0x00000000f5c00000, 0x00000000f679f758, 0x00000000f679f800, 0x00000000f6ecc000)
 Metaspace       used 31300K, capacity 33523K, committed 33792K, reserved 1079296K
  class space    used 4093K, capacity 4498K, committed 4608K, reserved 1048576K
}
Event: 8.035 GC heap before
{Heap before GC invocations=89 (full 2):
 def new generation   total 8704K, used 8281K [0x00000000f0a00000, 0x00000000f1370000, 0x00000000f5c00000)
  eden space 7744K, 100% used [0x00000000f0a00000, 0x00000000f1190000, 0x00000000f1190000)
  from space 960K,  56% used [0x00000000f1280000, 0x00000000f1306798, 0x00000000f1370000)
  to   space 960K,   0% used [0x00000000f1190000, 0x00000000f1190000, 0x00000000f1280000)
 tenured generation   total 19248K, used 11901K [0x00000000f5c00000, 0x00000000f6ecc000, 0x0000000100000000)
   the space 19248K,  61% used [0x00000000f5c00000, 0x00000000f679f758, 0x00000000f679f800, 0x00000000f6ecc000)
 Metaspace       used 31614K, capacity 33843K, committed 34048K, reserved 1079296K
  class space    used 4168K, capacity 4562K, committed 4608K, reserved 1048576K
Event: 8.038 GC heap after
Heap after GC invocations=90 (full 2):
 def new generation   total 8704K, used 488K [0x00000000f0a00000, 0x00000000f1370000, 0x00000000f5c00000)
  eden space 7744K,   0% used [0x00000000f0a00000, 0x00000000f0a00000, 0x00000000f1190000)
  from space 960K,  50% used [0x00000000f1190000, 0x00000000f120a298, 0x00000000f1280000)
  to   space 960K,   0% used [0x00000000f1280000, 0x00000000f1280000, 0x00000000f1370000)
 tenured generation   total 19248K, used 11998K [0x00000000f5c00000, 0x00000000f6ecc000, 0x0000000100000000)
   the space 19248K,  62% used [0x00000000f5c00000, 0x00000000f67b7948, 0x00000000f67b7a00, 0x00000000f6ecc000)
 Metaspace       used 31614K, capacity 33843K, committed 34048K, reserved 1079296K
  class space    used 4168K, capacity 4562K, committed 4608K, reserved 1048576K
}
Event: 8.122 GC heap before
{Heap before GC invocations=90 (full 2):
 def new generation   total 8704K, used 8232K [0x00000000f0a00000, 0x00000000f1370000, 0x00000000f5c00000)
  eden space 7744K, 100% used [0x00000000f0a00000, 0x00000000f1190000, 0x00000000f1190000)
  from space 960K,  50% used [0x00000000f1190000, 0x00000000f120a298, 0x00000000f1280000)
  to   space 960K,   0% used [0x00000000f1280000, 0x00000000f1280000, 0x00000000f1370000)
 tenured generation   total 19248K, used 11998K [0x00000000f5c00000, 0x00000000f6ecc000, 0x0000000100000000)
   the space 19248K,  62% used [0x00000000f5c00000, 0x00000000f67b7948, 0x00000000f67b7a00, 0x00000000f6ecc000)
 Metaspace       used 32110K, capacity 34337K, committed 34688K, reserved 1079296K
  class space    used 4285K, capacity 4665K, committed 4736K, reserved 1048576K
Event: 8.125 GC heap after
Heap after GC invocations=91 (full 2):
 def new generation   total 8704K, used 474K [0x00000000f0a00000, 0x00000000f1370000, 0x00000000f5c00000)
  eden space 7744K,   0% used [0x00000000f0a00000, 0x00000000f0a00000, 0x00000000f1190000)
  from space 960K,  49% used [0x00000000f1280000, 0x00000000f12f6a30, 0x00000000f1370000)
  to   space 960K,   0% used [0x00000000f1190000, 0x00000000f1190000, 0x00000000f1280000)
 tenured generation   total 19248K, used 12070K [0x00000000f5c00000, 0x00000000f6ecc000, 0x0000000100000000)
   the space 19248K,  62% used [0x00000000f5c00000, 0x00000000f67c9938, 0x00000000f67c9a00, 0x00000000f6ecc000)
 Metaspace       used 32110K, capacity 34337K, committed 34688K, reserved 1079296K
  class space    used 4285K, capacity 4665K, committed 4736K, reserved 1048576K
}
Event: 8.196 GC heap before
{Heap before GC invocations=91 (full 2):
 def new generation   total 8704K, used 8218K [0x00000000f0a00000, 0x00000000f1370000, 0x00000000f5c00000)
  eden space 7744K, 100% used [0x00000000f0a00000, 0x00000000f1190000, 0x00000000f1190000)
  from space 960K,  49% used [0x00000000f1280000, 0x00000000f12f6a30, 0x00000000f1370000)
  to   space 960K,   0% used [0x00000000f1190000, 0x00000000f1190000, 0x00000000f1280000)
 tenured generation   total 19248K, used 12070K [0x00000000f5c00000, 0x00000000f6ecc000, 0x0000000100000000)
   the space 19248K,  62% used [0x00000000f5c00000, 0x00000000f67c9938, 0x00000000f67c9a00, 0x00000000f6ecc000)
 Metaspace       used 32489K, capacity 34669K, committed 34944K, reserved 1079296K
  class space    used 4350K, capacity 4731K, committed 4736K, reserved 1048576K
Event: 8.198 GC heap after
Heap after GC invocations=92 (full 2):
 def new generation   total 8704K, used 530K [0x00000000f0a00000, 0x00000000f1370000, 0x00000000f5c00000)
  eden space 7744K,   0% used [0x00000000f0a00000, 0x00000000f0a00000, 0x00000000f1190000)
  from space 960K,  55% used [0x00000000f1190000, 0x00000000f1214b40, 0x00000000f1280000)
  to   space 960K,   0% used [0x00000000f1280000, 0x00000000f1280000, 0x00000000f1370000)
 tenured generation   total 19248K, used 12070K [0x00000000f5c00000, 0x00000000f6ecc000, 0x0000000100000000)
   the space 19248K,  62% used [0x00000000f5c00000, 0x00000000f67c9938, 0x00000000f67c9a00, 0x00000000f6ecc000)
 Metaspace       used 32489K, capacity 34669K, committed 34944K, reserved 1079296K
  class space    used 4350K, capacity 4731K, committed 4736K, reserved 1048576K
}
Event: 8.290 GC heap before
{Heap before GC invocations=92 (full 2):
 def new generation   total 8704K, used 8274K [0x00000000f0a00000, 0x00000000f1370000, 0x00000000f5c00000)
  eden space 7744K, 100% used [0x00000000f0a00000, 0x00000000f1190000, 0x00000000f1190000)
  from space 960K,  55% used [0x00000000f1190000, 0x00000000f1214b40, 0x00000000f1280000)
  to   space 960K,   0% used [0x00000000f1280000, 0x00000000f1280000, 0x00000000f1370000)
 tenured generation   total 19248K, used 12070K [0x00000000f5c00000, 0x00000000f6ecc000, 0x0000000100000000)
   the space 19248K,  62% used [0x00000000f5c00000, 0x00000000f67c9938, 0x00000000f67c9a00, 0x00000000f6ecc000)
 Metaspace       used 32849K, capacity 35087K, committed 35328K, reserved 1079296K
  class space    used 4396K, capacity 4764K, committed 4864K, reserved 1048576K
Event: 8.293 GC heap after
Heap after GC invocations=93 (full 2):
 def new generation   total 8704K, used 533K [0x00000000f0a00000, 0x00000000f1370000, 0x00000000f5c00000)
  eden space 7744K,   0% used [0x00000000f0a00000, 0x00000000f0a00000, 0x00000000f1190000)
  from space 960K,  55% used [0x00000000f1280000, 0x00000000f1305578, 0x00000000f1370000)
  to   space 960K,   0% used [0x00000000f1190000, 0x00000000f1190000, 0x00000000f1280000)
 tenured generation   total 19248K, used 12154K [0x00000000f5c00000, 0x00000000f6ecc000, 0x0000000100000000)
   the space 19248K,  63% used [0x00000000f5c00000, 0x00000000f67de838, 0x00000000f67dea00, 0x00000000f6ecc000)
 Metaspace       used 32849K, capacity 35087K, committed 35328K, reserved 1079296K
  class space    used 4396K, capacity 4764K, committed 4864K, reserved 1048576K
}
Event: 8.392 GC heap before
{Heap before GC invocations=93 (full 2):
 def new generation   total 8704K, used 8277K [0x00000000f0a00000, 0x00000000f1370000, 0x00000000f5c00000)
  eden space 7744K, 100% used [0x00000000f0a00000, 0x00000000f1190000, 0x00000000f1190000)
  from space 960K,  55% used [0x00000000f1280000, 0x00000000f1305578, 0x00000000f1370000)
  to   space 960K,   0% used [0x00000000f1190000, 0x00000000f1190000, 0x00000000f1280000)
 tenured generation   total 19248K, used 12154K [0x00000000f5c00000, 0x00000000f6ecc000, 0x0000000100000000)
   the space 19248K,  63% used [0x00000000f5c00000, 0x00000000f67de838, 0x00000000f67dea00, 0x00000000f6ecc000)
 Metaspace       used 33590K, capacity 35885K, committed 36224K, reserved 1081344K
  class space    used 4461K, capacity 4873K, committed 4992K, reserved 1048576K
Event: 8.396 GC heap after
Heap after GC invocations=94 (full 2):
 def new generation   total 8704K, used 845K [0x00000000f0a00000, 0x00000000f1370000, 0x00000000f5c00000)
  eden space 7744K,   0% used [0x00000000f0a00000, 0x00000000f0a00000, 0x00000000f1190000)
  from space 960K,  88% used [0x00000000f1190000, 0x00000000f1263588, 0x00000000f1280000)
  to   space 960K,   0% used [0x00000000f1280000, 0x00000000f1280000, 0x00000000f1370000)
 tenured generation   total 19248K, used 12278K [0x00000000f5c00000, 0x00000000f6ecc000, 0x0000000100000000)
   the space 19248K,  63% used [0x00000000f5c00000, 0x00000000f67fd8a0, 0x00000000f67fda00, 0x00000000f6ecc000)
 Metaspace       used 33590K, capacity 35885K, committed 36224K, reserved 1081344K
  class space    used 4461K, capacity 4873K, committed 4992K, reserved 1048576K
}
Event: 8.458 GC heap before
{Heap before GC invocations=94 (full 2):
 def new generation   total 8704K, used 8589K [0x00000000f0a00000, 0x00000000f1370000, 0x00000000f5c00000)
  eden space 7744K, 100% used [0x00000000f0a00000, 0x00000000f1190000, 0x00000000f1190000)
  from space 960K,  88% used [0x00000000f1190000, 0x00000000f1263588, 0x00000000f1280000)
  to   space 960K,   0% used [0x00000000f1280000, 0x00000000f1280000, 0x00000000f1370000)
 tenured generation   total 19248K, used 12278K [0x00000000f5c00000, 0x00000000f6ecc000, 0x0000000100000000)
   the space 19248K,  63% used [0x00000000f5c00000, 0x00000000f67fd8a0, 0x00000000f67fda00, 0x00000000f6ecc000)
 Metaspace       used 34075K, capacity 36371K, committed 36736K, reserved 1081344K
  class space    used 4513K, capacity 4906K, committed 4992K, reserved 1048576K
Event: 8.461 GC heap after
Heap after GC invocations=95 (full 2):
 def new generation   total 8704K, used 697K [0x00000000f0a00000, 0x00000000f1370000, 0x00000000f5c00000)
  eden space 7744K,   0% used [0x00000000f0a00000, 0x00000000f0a00000, 0x00000000f1190000)
  from space 960K,  72% used [0x00000000f1280000, 0x00000000f132e470, 0x00000000f1370000)
  to   space 960K,   0% used [0x00000000f1190000, 0x00000000f1190000, 0x00000000f1280000)
 tenured generation   total 19248K, used 12651K [0x00000000f5c00000, 0x00000000f6ecc000, 0x0000000100000000)
   the space 19248K,  65% used [0x00000000f5c00000, 0x00000000f685afb8, 0x00000000f685b000, 0x00000000f6ecc000)
 Metaspace       used 34075K, capacity 36371K, committed 36736K, reserved 1081344K
  class space    used 4513K, capacity 4906K, committed 4992K, reserved 1048576K
}
Event: 8.540 GC heap before
{Heap before GC invocations=95 (full 2):
 def new generation   total 8704K, used 8441K [0x00000000f0a00000, 0x00000000f1370000, 0x00000000f5c00000)
  eden space 7744K, 100% used [0x00000000f0a00000, 0x00000000f1190000, 0x00000000f1190000)
  from space 960K,  72% used [0x00000000f1280000, 0x00000000f132e470, 0x00000000f1370000)
  to   space 960K,   0% used [0x00000000f1190000, 0x00000000f1190000, 0x00000000f1280000)
 tenured generation   total 19248K, used 12651K [0x00000000f5c00000, 0x00000000f6ecc000, 0x0000000100000000)
   the space 19248K,  65% used [0x00000000f5c00000, 0x00000000f685afb8, 0x00000000f685b000, 0x00000000f6ecc000)
 Metaspace       used 34693K, capacity 36959K, committed 37248K, reserved 1081344K
  class space    used 4574K, capacity 4972K, committed 4992K, reserved 1048576K
Event: 8.543 GC heap after
Heap after GC invocations=96 (full 2):
 def new generation   total 8704K, used 346K [0x00000000f0a00000, 0x00000000f1370000, 0x00000000f5c00000)
  eden space 7744K,   0% used [0x00000000f0a00000, 0x00000000f0a00000, 0x00000000f1190000)
  from space 960K,  36% used [0x00000000f1190000, 0x00000000f11e6b18, 0x00000000f1280000)
  to   space 960K,   0% used [0x00000000f1280000, 0x00000000f1280000, 0x00000000f1370000)
 tenured generation   total 19248K, used 13102K [0x00000000f5c00000, 0x00000000f6ecc000, 0x0000000100000000)
   the space 19248K,  68% used [0x00000000f5c00000, 0x00000000f68cb850, 0x00000000f68cba00, 0x00000000f6ecc000)
 Metaspace       used 34693K, capacity 36959K, committed 37248K, reserved 1081344K
  class space    used 4574K, capacity 4972K, committed 4992K, reserved 1048576K
}
Event: 8.672 GC heap before
{Heap before GC invocations=96 (full 2):
 def new generation   total 8704K, used 8090K [0x00000000f0a00000, 0x00000000f1370000, 0x00000000f5c00000)
  eden space 7744K, 100% used [0x00000000f0a00000, 0x00000000f1190000, 0x00000000f1190000)
  from space 960K,  36% used [0x00000000f1190000, 0x00000000f11e6b18, 0x00000000f1280000)
  to   space 960K,   0% used [0x00000000f1280000, 0x00000000f1280000, 0x00000000f1370000)
 tenured generation   total 19248K, used 13102K [0x00000000f5c00000, 0x00000000f6ecc000, 0x0000000100000000)
   the space 19248K,  68% used [0x00000000f5c00000, 0x00000000f68cb850, 0x00000000f68cba00, 0x00000000f6ecc000)
 Metaspace       used 35179K, capacity 37489K, committed 37632K, reserved 1081344K
  class space    used 4638K, capacity 5039K, committed 5120K, reserved 1048576K
Event: 8.676 GC heap after
Heap after GC invocations=97 (full 2):
 def new generation   total 8704K, used 959K [0x00000000f0a00000, 0x00000000f1370000, 0x00000000f5c00000)
  eden space 7744K,   0% used [0x00000000f0a00000, 0x00000000f0a00000, 0x00000000f1190000)
  from space 960K,  99% used [0x00000000f1280000, 0x00000000f136fff8, 0x00000000f1370000)
  to   space 960K,   0% used [0x00000000f1190000, 0x00000000f1190000, 0x00000000f1280000)
 tenured generation   total 19248K, used 13543K [0x00000000f5c00000, 0x00000000f6ecc000, 0x0000000100000000)
   the space 19248K,  70% used [0x00000000f5c00000, 0x00000000f6939f60, 0x00000000f693a000, 0x00000000f6ecc000)
 Metaspace       used 35179K, capacity 37489K, committed 37632K, reserved 1081344K
  class space    used 4638K, capacity 5039K, committed 5120K, reserved 1048576K
}
Event: 8.740 GC heap before
{Heap before GC invocations=97 (full 2):
 def new generation   total 8704K, used 8703K [0x00000000f0a00000, 0x00000000f1370000, 0x00000000f5c00000)
  eden space 7744K, 100% used [0x00000000f0a00000, 0x00000000f1190000, 0x00000000f1190000)
  from space 960K,  99% used [0x00000000f1280000, 0x00000000f136fff8, 0x00000000f1370000)
  to   space 960K,   0% used [0x00000000f1190000, 0x00000000f1190000, 0x00000000f1280000)
 tenured generation   total 19248K, used 13543K [0x00000000f5c00000, 0x00000000f6ecc000, 0x0000000100000000)
   the space 19248K,  70% used [0x00000000f5c00000, 0x00000000f6939f60, 0x00000000f693a000, 0x00000000f6ecc000)
 Metaspace       used 35608K, capacity 37843K, committed 38144K, reserved 1083392K
  class space    used 4696K, capacity 5072K, committed 5120K, reserved 1048576K
Event: 8.744 GC heap after
Heap after GC invocations=98 (full 2):
 def new generation   total 8704K, used 94K [0x00000000f0a00000, 0x00000000f1370000, 0x00000000f5c00000)
  eden space 7744K,   0% used [0x00000000f0a00000, 0x00000000f0a00000, 0x00000000f1190000)
  from space 960K,   9% used [0x00000000f1190000, 0x00000000f11a7b98, 0x00000000f1280000)
  to   space 960K,   0% used [0x00000000f1280000, 0x00000000f1280000, 0x00000000f1370000)
 tenured generation   total 19248K, used 14498K [0x00000000f5c00000, 0x00000000f6ecc000, 0x0000000100000000)
   the space 19248K,  75% used [0x00000000f5c00000, 0x00000000f6a28a88, 0x00000000f6a28c00, 0x00000000f6ecc000)
 Metaspace       used 35608K, capacity 37843K, committed 38144K, reserved 1083392K
  class space    used 4696K, capacity 5072K, committed 5120K, reserved 1048576K
}
Event: 8.805 GC heap before
{Heap before GC invocations=98 (full 2):
 def new generation   total 8704K, used 7838K [0x00000000f0a00000, 0x00000000f1370000, 0x00000000f5c00000)
  eden space 7744K, 100% used [0x00000000f0a00000, 0x00000000f1190000, 0x00000000f1190000)
  from space 960K,   9% used [0x00000000f1190000, 0x00000000f11a7b98, 0x00000000f1280000)
  to   space 960K,   0% used [0x00000000f1280000, 0x00000000f1280000, 0x00000000f1370000)
 tenured generation   total 19248K, used 14498K [0x00000000f5c00000, 0x00000000f6ecc000, 0x0000000100000000)
   the space 19248K,  75% used [0x00000000f5c00000, 0x00000000f6a28a88, 0x00000000f6a28c00, 0x00000000f6ecc000)
 Metaspace       used 35899K, capacity 38227K, committed 38528K, reserved 1083392K
  class space    used 4741K, capacity 5136K, committed 5248K, reserved 1048576K
Event: 8.807 GC heap after
Heap after GC invocations=99 (full 2):
 def new generation   total 8704K, used 237K [0x00000000f0a00000, 0x00000000f1370000, 0x00000000f5c00000)
  eden space 7744K,   0% used [0x00000000f0a00000, 0x00000000f0a00000, 0x00000000f1190000)
  from space 960K,  24% used [0x00000000f1280000, 0x00000000f12bb528, 0x00000000f1370000)
  to   space 960K,   0% used [0x00000000f1190000, 0x00000000f1190000, 0x00000000f1280000)
 tenured generation   total 19248K, used 14498K [0x00000000f5c00000, 0x00000000f6ecc000, 0x0000000100000000)
   the space 19248K,  75% used [0x00000000f5c00000, 0x00000000f6a28a88, 0x00000000f6a28c00, 0x00000000f6ecc000)
 Metaspace       used 35899K, capacity 38227K, committed 38528K, reserved 1083392K
  class space    used 4741K, capacity 5136K, committed 5248K, reserved 1048576K
}
Event: 8.938 GC heap before
{Heap before GC invocations=99 (full 2):
 def new generation   total 8704K, used 7981K [0x00000000f0a00000, 0x00000000f1370000, 0x00000000f5c00000)
  eden space 7744K, 100% used [0x00000000f0a00000, 0x00000000f1190000, 0x00000000f1190000)
  from space 960K,  24% used [0x00000000f1280000, 0x00000000f12bb528, 0x00000000f1370000)
  to   space 960K,   0% used [0x00000000f1190000, 0x00000000f1190000, 0x00000000f1280000)
 tenured generation   total 19248K, used 14498K [0x00000000f5c00000, 0x00000000f6ecc000, 0x0000000100000000)
   the space 19248K,  75% used [0x00000000f5c00000, 0x00000000f6a28a88, 0x00000000f6a28c00, 0x00000000f6ecc000)
 Metaspace       used 36331K, capacity 38595K, committed 38784K, reserved 1083392K
  class space    used 4787K, capacity 5172K, committed 5248K, reserved 1048576K
Event: 8.940 GC heap after
Heap after GC invocations=100 (full 2):
 def new generation   total 8704K, used 828K [0x00000000f0a00000, 0x00000000f1370000, 0x00000000f5c00000)
  eden space 7744K,   0% used [0x00000000f0a00000, 0x00000000f0a00000, 0x00000000f1190000)
  from space 960K,  86% used [0x00000000f1190000, 0x00000000f125f0e8, 0x00000000f1280000)
  to   space 960K,   0% used [0x00000000f1280000, 0x00000000f1280000, 0x00000000f1370000)
 tenured generation   total 19248K, used 14498K [0x00000000f5c00000, 0x00000000f6ecc000, 0x0000000100000000)
   the space 19248K,  75% used [0x00000000f5c00000, 0x00000000f6a28a88, 0x00000000f6a28c00, 0x00000000f6ecc000)
 Metaspace       used 36331K, capacity 38595K, committed 38784K, reserved 1083392K
  class space    used 4787K, capacity 5172K, committed 5248K, reserved 1048576K
}
Event: 9.000 GC heap before
{Heap before GC invocations=100 (full 2):
 def new generation   total 8704K, used 8572K [0x00000000f0a00000, 0x00000000f1370000, 0x00000000f5c00000)
  eden space 7744K, 100% used [0x00000000f0a00000, 0x00000000f1190000, 0x00000000f1190000)
  from space 960K,  86% used [0x00000000f1190000, 0x00000000f125f0e8, 0x00000000f1280000)
  to   space 960K,   0% used [0x00000000f1280000, 0x00000000f1280000, 0x00000000f1370000)
 tenured generation   total 19248K, used 14498K [0x00000000f5c00000, 0x00000000f6ecc000, 0x0000000100000000)
   the space 19248K,  75% used [0x00000000f5c00000, 0x00000000f6a28a88, 0x00000000f6a28c00, 0x00000000f6ecc000)
 Metaspace       used 36786K, capacity 39043K, committed 39296K, reserved 1083392K
  class space    used 4857K, capacity 5236K, committed 5248K, reserved 1048576K
Event: 9.003 GC heap after
Heap after GC invocations=101 (full 2):
 def new generation   total 8704K, used 64K [0x00000000f0a00000, 0x00000000f1370000, 0x00000000f5c00000)
  eden space 7744K,   0% used [0x00000000f0a00000, 0x00000000f0a00000, 0x00000000f1190000)
  from space 960K,   6% used [0x00000000f1280000, 0x00000000f12903a0, 0x00000000f1370000)
  to   space 960K,   0% used [0x00000000f1190000, 0x00000000f1190000, 0x00000000f1280000)
 tenured generation   total 19248K, used 15304K [0x00000000f5c00000, 0x00000000f6ecc000, 0x0000000100000000)
   the space 19248K,  79% used [0x00000000f5c00000, 0x00000000f6af20b8, 0x00000000f6af2200, 0x00000000f6ecc000)
 Metaspace       used 36786K, capacity 39043K, committed 39296K, reserved 1083392K
  class space    used 4857K, capacity 5236K, committed 5248K, reserved 1048576K
}
Event: 9.077 GC heap before
{Heap before GC invocations=101 (full 2):
 def new generation   total 8704K, used 7808K [0x00000000f0a00000, 0x00000000f1370000, 0x00000000f5c00000)
  eden space 7744K, 100% used [0x00000000f0a00000, 0x00000000f1190000, 0x00000000f1190000)
  from space 960K,   6% used [0x00000000f1280000, 0x00000000f12903a0, 0x00000000f1370000)
  to   space 960K,   0% used [0x00000000f1190000, 0x00000000f1190000, 0x00000000f1280000)
 tenured generation   total 19248K, used 15304K [0x00000000f5c00000, 0x00000000f6ecc000, 0x0000000100000000)
   the space 19248K,  79% used [0x00000000f5c00000, 0x00000000f6af20b8, 0x00000000f6af2200, 0x00000000f6ecc000)
 Metaspace       used 37194K, capacity 39471K, committed 39680K, reserved 1083392K
  class space    used 4895K, capacity 5270K, committed 5376K, reserved 1048576K
Event: 9.079 GC heap after
Heap after GC invocations=102 (full 2):
 def new generation   total 8704K, used 127K [0x00000000f0a00000, 0x00000000f1370000, 0x00000000f5c00000)
  eden space 7744K,   0% used [0x00000000f0a00000, 0x00000000f0a00000, 0x00000000f1190000)
  from space 960K,  13% used [0x00000000f1190000, 0x00000000f11afc58, 0x00000000f1280000)
  to   space 960K,   0% used [0x00000000f1280000, 0x00000000f1280000, 0x00000000f1370000)
 tenured generation   total 19248K, used 15304K [0x00000000f5c00000, 0x00000000f6ecc000, 0x0000000100000000)
   the space 19248K,  79% used [0x00000000f5c00000, 0x00000000f6af20b8, 0x00000000f6af2200, 0x00000000f6ecc000)
 Metaspace       used 37194K, capacity 39471K, committed 39680K, reserved 1083392K
  class space    used 4895K, capacity 5270K, committed 5376K, reserved 1048576K
}
Event: 9.124 GC heap before
{Heap before GC invocations=102 (full 2):
 def new generation   total 8704K, used 7871K [0x00000000f0a00000, 0x00000000f1370000, 0x00000000f5c00000)
  eden space 7744K, 100% used [0x00000000f0a00000, 0x00000000f1190000, 0x00000000f1190000)
  from space 960K,  13% used [0x00000000f1190000, 0x00000000f11afc58, 0x00000000f1280000)
  to   space 960K,   0% used [0x00000000f1280000, 0x00000000f1280000, 0x00000000f1370000)
 tenured generation   total 19248K, used 15304K [0x00000000f5c00000, 0x00000000f6ecc000, 0x0000000100000000)
   the space 19248K,  79% used [0x00000000f5c00000, 0x00000000f6af20b8, 0x00000000f6af2200, 0x00000000f6ecc000)
 Metaspace       used 37449K, capacity 39727K, committed 39936K, reserved 1083392K
  class space    used 4942K, capacity 5334K, committed 5376K, reserved 1048576K
Event: 9.126 GC heap after
Heap after GC invocations=103 (full 2):
 def new generation   total 8704K, used 170K [0x00000000f0a00000, 0x00000000f1370000, 0x00000000f5c00000)
  eden space 7744K,   0% used [0x00000000f0a00000, 0x00000000f0a00000, 0x00000000f1190000)
  from space 960K,  17% used [0x00000000f1280000, 0x00000000f12aa8d0, 0x00000000f1370000)
  to   space 960K,   0% used [0x00000000f1190000, 0x00000000f1190000, 0x00000000f1280000)
 tenured generation   total 19248K, used 15304K [0x00000000f5c00000, 0x00000000f6ecc000, 0x0000000100000000)
   the space 19248K,  79% used [0x00000000f5c00000, 0x00000000f6af20b8, 0x00000000f6af2200, 0x00000000f6ecc000)
 Metaspace       used 37449K, capacity 39727K, committed 39936K, reserved 1083392K
  class space    used 4942K, capacity 5334K, committed 5376K, reserved 1048576K
}
Event: 9.188 GC heap before
{Heap before GC invocations=103 (full 2):
 def new generation   total 8704K, used 7914K [0x00000000f0a00000, 0x00000000f1370000, 0x00000000f5c00000)
  eden space 7744K, 100% used [0x00000000f0a00000, 0x00000000f1190000, 0x00000000f1190000)
  from space 960K,  17% used [0x00000000f1280000, 0x00000000f12aa8d0, 0x00000000f1370000)
  to   space 960K,   0% used [0x00000000f1190000, 0x00000000f1190000, 0x00000000f1280000)
 tenured generation   total 19248K, used 15304K [0x00000000f5c00000, 0x00000000f6ecc000, 0x0000000100000000)
   the space 19248K,  79% used [0x00000000f5c00000, 0x00000000f6af20b8, 0x00000000f6af2200, 0x00000000f6ecc000)
 Metaspace       used 37701K, capacity 39963K, committed 40192K, reserved 1083392K
  class space    used 4989K, capacity 5368K, committed 5376K, reserved 1048576K
Event: 9.190 GC heap after
Heap after GC invocations=104 (full 2):
 def new generation   total 8704K, used 262K [0x00000000f0a00000, 0x00000000f1370000, 0x00000000f5c00000)
  eden space 7744K,   0% used [0x00000000f0a00000, 0x00000000f0a00000, 0x00000000f1190000)
  from space 960K,  27% used [0x00000000f1190000, 0x00000000f11d1810, 0x00000000f1280000)
  to   space 960K,   0% used [0x00000000f1280000, 0x00000000f1280000, 0x00000000f1370000)
 tenured generation   total 19248K, used 15304K [0x00000000f5c00000, 0x00000000f6ecc000, 0x0000000100000000)
   the space 19248K,  79% used [0x00000000f5c00000, 0x00000000f6af20b8, 0x00000000f6af2200, 0x00000000f6ecc000)
 Metaspace       used 37701K, capacity 39963K, committed 40192K, reserved 1083392K
  class space    used 4989K, capacity 5368K, committed 5376K, reserved 1048576K
}
Event: 9.230 GC heap before
{Heap before GC invocations=104 (full 2):
 def new generation   total 8704K, used 8006K [0x00000000f0a00000, 0x00000000f1370000, 0x00000000f5c00000)
  eden space 7744K, 100% used [0x00000000f0a00000, 0x00000000f1190000, 0x00000000f1190000)
  from space 960K,  27% used [0x00000000f1190000, 0x00000000f11d1810, 0x00000000f1280000)
  to   space 960K,   0% used [0x00000000f1280000, 0x00000000f1280000, 0x00000000f1370000)
 tenured generation   total 19248K, used 15304K [0x00000000f5c00000, 0x00000000f6ecc000, 0x0000000100000000)
   the space 19248K,  79% used [0x00000000f5c00000, 0x00000000f6af20b8, 0x00000000f6af2200, 0x00000000f6ecc000)
 Metaspace       used 38249K, capacity 40603K, committed 40832K, reserved 1085440K
  class space    used 5036K, capacity 5432K, committed 5504K, reserved 1048576K
Event: 9.233 GC heap after
Heap after GC invocations=105 (full 2):
 def new generation   total 8704K, used 292K [0x00000000f0a00000, 0x00000000f1370000, 0x00000000f5c00000)
  eden space 7744K,   0% used [0x00000000f0a00000, 0x00000000f0a00000, 0x00000000f1190000)
  from space 960K,  30% used [0x00000000f1280000, 0x00000000f12c9228, 0x00000000f1370000)
  to   space 960K,   0% used [0x00000000f1190000, 0x00000000f1190000, 0x00000000f1280000)
 tenured generation   total 19248K, used 15304K [0x00000000f5c00000, 0x00000000f6ecc000, 0x0000000100000000)
   the space 19248K,  79% used [0x00000000f5c00000, 0x00000000f6af20b8, 0x00000000f6af2200, 0x00000000f6ecc000)
 Metaspace       used 38249K, capacity 40603K, committed 40832K, reserved 1085440K
  class space    used 5036K, capacity 5432K, committed 5504K, reserved 1048576K
}
Event: 9.284 GC heap before
{Heap before GC invocations=105 (full 2):
 def new generation   total 8704K, used 8036K [0x00000000f0a00000, 0x00000000f1370000, 0x00000000f5c00000)
  eden space 7744K, 100% used [0x00000000f0a00000, 0x00000000f1190000, 0x00000000f1190000)
  from space 960K,  30% used [0x00000000f1280000, 0x00000000f12c9228, 0x00000000f1370000)
  to   space 960K,   0% used [0x00000000f1190000, 0x00000000f1190000, 0x00000000f1280000)
 tenured generation   total 19248K, used 15304K [0x00000000f5c00000, 0x00000000f6ecc000, 0x0000000100000000)
   the space 19248K,  79% used [0x00000000f5c00000, 0x00000000f6af20b8, 0x00000000f6af2200, 0x00000000f6ecc000)
 Metaspace       used 38521K, capacity 40831K, committed 41088K, reserved 1085440K
  class space    used 5077K, capacity 5466K, committed 5504K, reserved 1048576K
Event: 9.286 GC heap after
Heap after GC invocations=106 (full 2):
 def new generation   total 8704K, used 361K [0x00000000f0a00000, 0x00000000f1370000, 0x00000000f5c00000)
  eden space 7744K,   0% used [0x00000000f0a00000, 0x00000000f0a00000, 0x00000000f1190000)
  from space 960K,  37% used [0x00000000f1190000, 0x00000000f11ea510, 0x00000000f1280000)
  to   space 960K,   0% used [0x00000000f1280000, 0x00000000f1280000, 0x00000000f1370000)
 tenured generation   total 19248K, used 15304K [0x00000000f5c00000, 0x00000000f6ecc000, 0x0000000100000000)
   the space 19248K,  79% used [0x00000000f5c00000, 0x00000000f6af20b8, 0x00000000f6af2200, 0x00000000f6ecc000)
 Metaspace       used 38521K, capacity 40831K, committed 41088K, reserved 1085440K
  class space    used 5077K, capacity 5466K, committed 5504K, reserved 1048576K
}
Event: 9.346 GC heap before
{Heap before GC invocations=106 (full 2):
 def new generation   total 8704K, used 8105K [0x00000000f0a00000, 0x00000000f1370000, 0x00000000f5c00000)
  eden space 7744K, 100% used [0x00000000f0a00000, 0x00000000f1190000, 0x00000000f1190000)
  from space 960K,  37% used [0x00000000f1190000, 0x00000000f11ea510, 0x00000000f1280000)
  to   space 960K,   0% used [0x00000000f1280000, 0x00000000f1280000, 0x00000000f1370000)
 tenured generation   total 19248K, used 15304K [0x00000000f5c00000, 0x00000000f6ecc000, 0x0000000100000000)
   the space 19248K,  79% used [0x00000000f5c00000, 0x00000000f6af20b8, 0x00000000f6af2200, 0x00000000f6ecc000)
 Metaspace       used 38896K, capacity 41221K, committed 41472K, reserved 1085440K
  class space    used 5124K, capacity 5531K, committed 5632K, reserved 1048576K
Event: 9.349 GC heap after
Heap after GC invocations=107 (full 2):
 def new generation   total 8704K, used 399K [0x00000000f0a00000, 0x00000000f1370000, 0x00000000f5c00000)
  eden space 7744K,   0% used [0x00000000f0a00000, 0x00000000f0a00000, 0x00000000f1190000)
  from space 960K,  41% used [0x00000000f1280000, 0x00000000f12e3f08, 0x00000000f1370000)
  to   space 960K,   0% used [0x00000000f1190000, 0x00000000f1190000, 0x00000000f1280000)
 tenured generation   total 19248K, used 15304K [0x00000000f5c00000, 0x00000000f6ecc000, 0x0000000100000000)
   the space 19248K,  79% used [0x00000000f5c00000, 0x00000000f6af20b8, 0x00000000f6af2200, 0x00000000f6ecc000)
 Metaspace       used 38896K, capacity 41221K, committed 41472K, reserved 1085440K
  class space    used 5124K, capacity 5531K, committed 5632K, reserved 1048576K
}
Event: 9.418 GC heap before
{Heap before GC invocations=107 (full 2):
 def new generation   total 8704K, used 8143K [0x00000000f0a00000, 0x00000000f1370000, 0x00000000f5c00000)
  eden space 7744K, 100% used [0x00000000f0a00000, 0x00000000f1190000, 0x00000000f1190000)
  from space 960K,  41% used [0x00000000f1280000, 0x00000000f12e3f08, 0x00000000f1370000)
  to   space 960K,   0% used [0x00000000f1190000, 0x00000000f1190000, 0x00000000f1280000)
 tenured generation   total 19248K, used 15304K [0x00000000f5c00000, 0x00000000f6ecc000, 0x0000000100000000)
   the space 19248K,  79% used [0x00000000f5c00000, 0x00000000f6af20b8, 0x00000000f6af2200, 0x00000000f6ecc000)
 Metaspace       used 39198K, capacity 41509K, committed 41728K, reserved 1085440K
  class space    used 5170K, capacity 5563K, committed 5632K, reserved 1048576K
Event: 9.421 GC heap after
Heap after GC invocations=108 (full 2):
 def new generation   total 8704K, used 498K [0x00000000f0a00000, 0x00000000f1370000, 0x00000000f5c00000)
  eden space 7744K,   0% used [0x00000000f0a00000, 0x00000000f0a00000, 0x00000000f1190000)
  from space 960K,  51% used [0x00000000f1190000, 0x00000000f120cb60, 0x00000000f1280000)
  to   space 960K,   0% used [0x00000000f1280000, 0x00000000f1280000, 0x00000000f1370000)
 tenured generation   total 19248K, used 15304K [0x00000000f5c00000, 0x00000000f6ecc000, 0x0000000100000000)
   the space 19248K,  79% used [0x00000000f5c00000, 0x00000000f6af20b8, 0x00000000f6af2200, 0x00000000f6ecc000)
 Metaspace       used 39198K, capacity 41509K, committed 41728K, reserved 1085440K
  class space    used 5170K, capacity 5563K, committed 5632K, reserved 1048576K
}
Event: 9.489 GC heap before
{Heap before GC invocations=108 (full 2):
 def new generation   total 8704K, used 8242K [0x00000000f0a00000, 0x00000000f1370000, 0x00000000f5c00000)
  eden space 7744K, 100% used [0x00000000f0a00000, 0x00000000f1190000, 0x00000000f1190000)
  from space 960K,  51% used [0x00000000f1190000, 0x00000000f120cb60, 0x00000000f1280000)
  to   space 960K,   0% used [0x00000000f1280000, 0x00000000f1280000, 0x00000000f1370000)
 tenured generation   total 19248K, used 15304K [0x00000000f5c00000, 0x00000000f6ecc000, 0x0000000100000000)
   the space 19248K,  79% used [0x00000000f5c00000, 0x00000000f6af20b8, 0x00000000f6af2200, 0x00000000f6ecc000)
 Metaspace       used 39965K, capacity 42285K, committed 42496K, reserved 1085440K
  class space    used 5231K, capacity 5629K, committed 5632K, reserved 1048576K
Event: 9.492 GC heap after
Heap after GC invocations=109 (full 2):
 def new generation   total 8704K, used 533K [0x00000000f0a00000, 0x00000000f1370000, 0x00000000f5c00000)
  eden space 7744K,   0% used [0x00000000f0a00000, 0x00000000f0a00000, 0x00000000f1190000)
  from space 960K,  55% used [0x00000000f1280000, 0x00000000f1305678, 0x00000000f1370000)
  to   space 960K,   0% used [0x00000000f1190000, 0x00000000f1190000, 0x00000000f1280000)
 tenured generation   total 19248K, used 15339K [0x00000000f5c00000, 0x00000000f6ecc000, 0x0000000100000000)
   the space 19248K,  79% used [0x00000000f5c00000, 0x00000000f6afac38, 0x00000000f6afae00, 0x00000000f6ecc000)
 Metaspace       used 39965K, capacity 42285K, committed 42496K, reserved 1085440K
  class space    used 5231K, capacity 5629K, committed 5632K, reserved 1048576K
}
Event: 9.565 GC heap before
{Heap before GC invocations=109 (full 2):
 def new generation   total 8704K, used 8277K [0x00000000f0a00000, 0x00000000f1370000, 0x00000000f5c00000)
  eden space 7744K, 100% used [0x00000000f0a00000, 0x00000000f1190000, 0x00000000f1190000)
  from space 960K,  55% used [0x00000000f1280000, 0x00000000f1305678, 0x00000000f1370000)
  to   space 960K,   0% used [0x00000000f1190000, 0x00000000f1190000, 0x00000000f1280000)
 tenured generation   total 19248K, used 15339K [0x00000000f5c00000, 0x00000000f6ecc000, 0x0000000100000000)
   the space 19248K,  79% used [0x00000000f5c00000, 0x00000000f6afac38, 0x00000000f6afae00, 0x00000000f6ecc000)
 Metaspace       used 40248K, capacity 42541K, committed 42880K, reserved 1087488K
  class space    used 5294K, capacity 5693K, committed 5760K, reserved 1048576K
Event: 9.569 GC heap after
Heap after GC invocations=110 (full 2):
 def new generation   total 8704K, used 535K [0x00000000f0a00000, 0x00000000f1370000, 0x00000000f5c00000)
  eden space 7744K,   0% used [0x00000000f0a00000, 0x00000000f0a00000, 0x00000000f1190000)
  from space 960K,  55% used [0x00000000f1190000, 0x00000000f1215d10, 0x00000000f1280000)
  to   space 960K,   0% used [0x00000000f1280000, 0x00000000f1280000, 0x00000000f1370000)
 tenured generation   total 19248K, used 15433K [0x00000000f5c00000, 0x00000000f6ecc000, 0x0000000100000000)
   the space 19248K,  80% used [0x00000000f5c00000, 0x00000000f6b126c0, 0x00000000f6b12800, 0x00000000f6ecc000)
 Metaspace       used 40248K, capacity 42541K, committed 42880K, reserved 1087488K
  class space    used 5294K, capacity 5693K, committed 5760K, reserved 1048576K
}
Event: 9.621 GC heap before
{Heap before GC invocations=110 (full 2):
 def new generation   total 8704K, used 8279K [0x00000000f0a00000, 0x00000000f1370000, 0x00000000f5c00000)
  eden space 7744K, 100% used [0x00000000f0a00000, 0x00000000f1190000, 0x00000000f1190000)
  from space 960K,  55% used [0x00000000f1190000, 0x00000000f1215d10, 0x00000000f1280000)
  to   space 960K,   0% used [0x00000000f1280000, 0x00000000f1280000, 0x00000000f1370000)
 tenured generation   total 19248K, used 15433K [0x00000000f5c00000, 0x00000000f6ecc000, 0x0000000100000000)
   the space 19248K,  80% used [0x00000000f5c00000, 0x00000000f6b126c0, 0x00000000f6b12800, 0x00000000f6ecc000)
 Metaspace       used 40462K, capacity 42777K, committed 43136K, reserved 1087488K
  class space    used 5339K, capacity 5727K, committed 5760K, reserved 1048576K
Event: 9.625 GC heap after
Heap after GC invocations=111 (full 2):
 def new generation   total 8704K, used 496K [0x00000000f0a00000, 0x00000000f1370000, 0x00000000f5c00000)
  eden space 7744K,   0% used [0x00000000f0a00000, 0x00000000f0a00000, 0x00000000f1190000)
  from space 960K,  51% used [0x00000000f1280000, 0x00000000f12fc340, 0x00000000f1370000)
  to   space 960K,   0% used [0x00000000f1190000, 0x00000000f1190000, 0x00000000f1280000)
 tenured generation   total 19248K, used 15523K [0x00000000f5c00000, 0x00000000f6ecc000, 0x0000000100000000)
   the space 19248K,  80% used [0x00000000f5c00000, 0x00000000f6b28dc8, 0x00000000f6b28e00, 0x00000000f6ecc000)
 Metaspace       used 40462K, capacity 42777K, committed 43136K, reserved 1087488K
  class space    used 5339K, capacity 5727K, committed 5760K, reserved 1048576K
}
Event: 9.669 GC heap before
{Heap before GC invocations=111 (full 2):
 def new generation   total 8704K, used 8240K [0x00000000f0a00000, 0x00000000f1370000, 0x00000000f5c00000)
  eden space 7744K, 100% used [0x00000000f0a00000, 0x00000000f1190000, 0x00000000f1190000)
  from space 960K,  51% used [0x00000000f1280000, 0x00000000f12fc340, 0x00000000f1370000)
  to   space 960K,   0% used [0x00000000f1190000, 0x00000000f1190000, 0x00000000f1280000)
 tenured generation   total 19248K, used 15523K [0x00000000f5c00000, 0x00000000f6ecc000, 0x0000000100000000)
   the space 19248K,  80% used [0x00000000f5c00000, 0x00000000f6b28dc8, 0x00000000f6b28e00, 0x00000000f6ecc000)
 Metaspace       used 40811K, capacity 43129K, committed 43520K, reserved 1087488K
  class space    used 5428K, capacity 5823K, committed 5888K, reserved 1048576K
Event: 9.672 GC heap after
Heap after GC invocations=112 (full 2):
 def new generation   total 8704K, used 502K [0x00000000f0a00000, 0x00000000f1370000, 0x00000000f5c00000)
  eden space 7744K,   0% used [0x00000000f0a00000, 0x00000000f0a00000, 0x00000000f1190000)
  from space 960K,  52% used [0x00000000f1190000, 0x00000000f120d870, 0x00000000f1280000)
  to   space 960K,   0% used [0x00000000f1280000, 0x00000000f1280000, 0x00000000f1370000)
 tenured generation   total 19248K, used 15563K [0x00000000f5c00000, 0x00000000f6ecc000, 0x0000000100000000)
   the space 19248K,  80% used [0x00000000f5c00000, 0x00000000f6b32c40, 0x00000000f6b32e00, 0x00000000f6ecc000)
 Metaspace       used 40811K, capacity 43129K, committed 43520K, reserved 1087488K
  class space    used 5428K, capacity 5823K, committed 5888K, reserved 1048576K
}
Event: 9.712 GC heap before
{Heap before GC invocations=112 (full 2):
 def new generation   total 8704K, used 8246K [0x00000000f0a00000, 0x00000000f1370000, 0x00000000f5c00000)
  eden space 7744K, 100% used [0x00000000f0a00000, 0x00000000f1190000, 0x00000000f1190000)
  from space 960K,  52% used [0x00000000f1190000, 0x00000000f120d870, 0x00000000f1280000)
  to   space 960K,   0% used [0x00000000f1280000, 0x00000000f1280000, 0x00000000f1370000)
 tenured generation   total 19248K, used 15563K [0x00000000f5c00000, 0x00000000f6ecc000, 0x0000000100000000)
   the space 19248K,  80% used [0x00000000f5c00000, 0x00000000f6b32c40, 0x00000000f6b32e00, 0x00000000f6ecc000)
 Metaspace       used 41121K, capacity 43461K, committed 43904K, reserved 1087488K
  class space    used 5504K, capacity 5889K, committed 6016K, reserved 1048576K
Event: 9.715 GC heap after
Heap after GC invocations=113 (full 2):
 def new generation   total 8704K, used 496K [0x00000000f0a00000, 0x00000000f1370000, 0x00000000f5c00000)
  eden space 7744K,   0% used [0x00000000f0a00000, 0x00000000f0a00000, 0x00000000f1190000)
  from space 960K,  51% used [0x00000000f1280000, 0x00000000f12fc3b8, 0x00000000f1370000)
  to   space 960K,   0% used [0x00000000f1190000, 0x00000000f1190000, 0x00000000f1280000)
 tenured generation   total 19248K, used 15627K [0x00000000f5c00000, 0x00000000f6ecc000, 0x0000000100000000)
   the space 19248K,  81% used [0x00000000f5c00000, 0x00000000f6b42ec8, 0x00000000f6b43000, 0x00000000f6ecc000)
 Metaspace       used 41121K, capacity 43461K, committed 43904K, reserved 1087488K
  class space    used 5504K, capacity 5889K, committed 6016K, reserved 1048576K
}
Event: 9.787 GC heap before
{Heap before GC invocations=113 (full 2):
 def new generation   total 8704K, used 8240K [0x00000000f0a00000, 0x00000000f1370000, 0x00000000f5c00000)
  eden space 7744K, 100% used [0x00000000f0a00000, 0x00000000f1190000, 0x00000000f1190000)
  from space 960K,  51% used [0x00000000f1280000, 0x00000000f12fc3b8, 0x00000000f1370000)
  to   space 960K,   0% used [0x00000000f1190000, 0x00000000f1190000, 0x00000000f1280000)
 tenured generation   total 19248K, used 15627K [0x00000000f5c00000, 0x00000000f6ecc000, 0x0000000100000000)
   the space 19248K,  81% used [0x00000000f5c00000, 0x00000000f6b42ec8, 0x00000000f6b43000, 0x00000000f6ecc000)
 Metaspace       used 41381K, capacity 43717K, committed 44160K, reserved 1087488K
  class space    used 5554K, capacity 5953K, committed 6016K, reserved 1048576K
Event: 9.790 GC heap after
Heap after GC invocations=114 (full 2):
 def new generation   total 8704K, used 728K [0x00000000f0a00000, 0x00000000f1370000, 0x00000000f5c00000)
  eden space 7744K,   0% used [0x00000000f0a00000, 0x00000000f0a00000, 0x00000000f1190000)
  from space 960K,  75% used [0x00000000f1190000, 0x00000000f12463e8, 0x00000000f1280000)
  to   space 960K,   0% used [0x00000000f1280000, 0x00000000f1280000, 0x00000000f1370000)
 tenured generation   total 19248K, used 15674K [0x00000000f5c00000, 0x00000000f6ecc000, 0x0000000100000000)
   the space 19248K,  81% used [0x00000000f5c00000, 0x00000000f6b4e880, 0x00000000f6b4ea00, 0x00000000f6ecc000)
 Metaspace       used 41381K, capacity 43717K, committed 44160K, reserved 1087488K
  class space    used 5554K, capacity 5953K, committed 6016K, reserved 1048576K
}
Event: 9.865 GC heap before
{Heap before GC invocations=114 (full 2):
 def new generation   total 8704K, used 8472K [0x00000000f0a00000, 0x00000000f1370000, 0x00000000f5c00000)
  eden space 7744K, 100% used [0x00000000f0a00000, 0x00000000f1190000, 0x00000000f1190000)
  from space 960K,  75% used [0x00000000f1190000, 0x00000000f12463e8, 0x00000000f1280000)
  to   space 960K,   0% used [0x00000000f1280000, 0x00000000f1280000, 0x00000000f1370000)
 tenured generation   total 19248K, used 15674K [0x00000000f5c00000, 0x00000000f6ecc000, 0x0000000100000000)
   the space 19248K,  81% used [0x00000000f5c00000, 0x00000000f6b4e880, 0x00000000f6b4ea00, 0x00000000f6ecc000)
 Metaspace       used 41756K, capacity 44069K, committed 44416K, reserved 1087488K
  class space    used 5608K, capacity 5985K, committed 6016K, reserved 1048576K
Event: 9.868 GC heap after
Heap after GC invocations=115 (full 2):
 def new generation   total 8704K, used 569K [0x00000000f0a00000, 0x00000000f1370000, 0x00000000f5c00000)
  eden space 7744K,   0% used [0x00000000f0a00000, 0x00000000f0a00000, 0x00000000f1190000)
  from space 960K,  59% used [0x00000000f1280000, 0x00000000f130e6b0, 0x00000000f1370000)
  to   space 960K,   0% used [0x00000000f1190000, 0x00000000f1190000, 0x00000000f1280000)
 tenured generation   total 19248K, used 15941K [0x00000000f5c00000, 0x00000000f6ecc000, 0x0000000100000000)
   the space 19248K,  82% used [0x00000000f5c00000, 0x00000000f6b916b8, 0x00000000f6b91800, 0x00000000f6ecc000)
 Metaspace       used 41756K, capacity 44069K, committed 44416K, reserved 1087488K
  class space    used 5608K, capacity 5985K, committed 6016K, reserved 1048576K
}
Event: 9.941 GC heap before
{Heap before GC invocations=115 (full 2):
 def new generation   total 8704K, used 8313K [0x00000000f0a00000, 0x00000000f1370000, 0x00000000f5c00000)
  eden space 7744K, 100% used [0x00000000f0a00000, 0x00000000f1190000, 0x00000000f1190000)
  from space 960K,  59% used [0x00000000f1280000, 0x00000000f130e6b0, 0x00000000f1370000)
  to   space 960K,   0% used [0x00000000f1190000, 0x00000000f1190000, 0x00000000f1280000)
 tenured generation   total 19248K, used 15941K [0x00000000f5c00000, 0x00000000f6ecc000, 0x0000000100000000)
   the space 19248K,  82% used [0x00000000f5c00000, 0x00000000f6b916b8, 0x00000000f6b91800, 0x00000000f6ecc000)
 Metaspace       used 42040K, capacity 44343K, committed 44800K, reserved 1087488K
  class space    used 5662K, capacity 6052K, committed 6144K, reserved 1048576K
Event: 9.944 GC heap after
Heap after GC invocations=116 (full 2):
 def new generation   total 8704K, used 557K [0x00000000f0a00000, 0x00000000f1370000, 0x00000000f5c00000)
  eden space 7744K,   0% used [0x00000000f0a00000, 0x00000000f0a00000, 0x00000000f1190000)
  from space 960K,  58% used [0x00000000f1190000, 0x00000000f121b5e8, 0x00000000f1280000)
  to   space 960K,   0% used [0x00000000f1280000, 0x00000000f1280000, 0x00000000f1370000)
 tenured generation   total 19248K, used 16036K [0x00000000f5c00000, 0x00000000f6ecc000, 0x0000000100000000)
   the space 19248K,  83% used [0x00000000f5c00000, 0x00000000f6ba9038, 0x00000000f6ba9200, 0x00000000f6ecc000)
 Metaspace       used 42040K, capacity 44343K, committed 44800K, reserved 1087488K
  class space    used 5662K, capacity 6052K, committed 6144K, reserved 1048576K
}
Event: 10.042 GC heap before
{Heap before GC invocations=116 (full 2):
 def new generation   total 8704K, used 8301K [0x00000000f0a00000, 0x00000000f1370000, 0x00000000f5c00000)
  eden space 7744K, 100% used [0x00000000f0a00000, 0x00000000f1190000, 0x00000000f1190000)
  from space 960K,  58% used [0x00000000f1190000, 0x00000000f121b5e8, 0x00000000f1280000)
  to   space 960K,   0% used [0x00000000f1280000, 0x00000000f1280000, 0x00000000f1370000)
 tenured generation   total 19248K, used 16036K [0x00000000f5c00000, 0x00000000f6ecc000, 0x0000000100000000)
   the space 19248K,  83% used [0x00000000f5c00000, 0x00000000f6ba9038, 0x00000000f6ba9200, 0x00000000f6ecc000)
 Metaspace       used 42364K, capacity 44687K, committed 45056K, reserved 1087488K
  class space    used 5719K, capacity 6122K, committed 6144K, reserved 1048576K
Event: 10.046 GC heap after
Heap after GC invocations=117 (full 2):
 def new generation   total 8704K, used 329K [0x00000000f0a00000, 0x00000000f1370000, 0x00000000f5c00000)
  eden space 7744K,   0% used [0x00000000f0a00000, 0x00000000f0a00000, 0x00000000f1190000)
  from space 960K,  34% used [0x00000000f1280000, 0x00000000f12d2660, 0x00000000f1370000)
  to   space 960K,   0% used [0x00000000f1190000, 0x00000000f1190000, 0x00000000f1280000)
 tenured generation   total 19248K, used 16307K [0x00000000f5c00000, 0x00000000f6ecc000, 0x0000000100000000)
   the space 19248K,  84% used [0x00000000f5c00000, 0x00000000f6becce0, 0x00000000f6bece00, 0x00000000f6ecc000)
 Metaspace       used 42364K, capacity 44687K, committed 45056K, reserved 1087488K
  class space    used 5719K, capacity 6122K, committed 6144K, reserved 1048576K
}
Event: 10.125 GC heap before
{Heap before GC invocations=117 (full 2):
 def new generation   total 8704K, used 8073K [0x00000000f0a00000, 0x00000000f1370000, 0x00000000f5c00000)
  eden space 7744K, 100% used [0x00000000f0a00000, 0x00000000f1190000, 0x00000000f1190000)
  from space 960K,  34% used [0x00000000f1280000, 0x00000000f12d2660, 0x00000000f1370000)
  to   space 960K,   0% used [0x00000000f1190000, 0x00000000f1190000, 0x00000000f1280000)
 tenured generation   total 19248K, used 16307K [0x00000000f5c00000, 0x00000000f6ecc000, 0x0000000100000000)
   the space 19248K,  84% used [0x00000000f5c00000, 0x00000000f6becce0, 0x00000000f6bece00, 0x00000000f6ecc000)
 Metaspace       used 42727K, capacity 45151K, committed 45440K, reserved 1089536K
  class space    used 5774K, capacity 6192K, committed 6272K, reserved 1048576K
Event: 10.128 GC heap after
Heap after GC invocations=118 (full 2):
 def new generation   total 8704K, used 420K [0x00000000f0a00000, 0x00000000f1370000, 0x00000000f5c00000)
  eden space 7744K,   0% used [0x00000000f0a00000, 0x00000000f0a00000, 0x00000000f1190000)
  from space 960K,  43% used [0x00000000f1190000, 0x00000000f11f91e0, 0x00000000f1280000)
  to   space 960K,   0% used [0x00000000f1280000, 0x00000000f1280000, 0x00000000f1370000)
 tenured generation   total 19248K, used 16307K [0x00000000f5c00000, 0x00000000f6ecc000, 0x0000000100000000)
   the space 19248K,  84% used [0x00000000f5c00000, 0x00000000f6becce0, 0x00000000f6bece00, 0x00000000f6ecc000)
 Metaspace       used 42727K, capacity 45151K, committed 45440K, reserved 1089536K
  class space    used 5774K, capacity 6192K, committed 6272K, reserved 1048576K
}
Event: 10.160 GC heap before
{Heap before GC invocations=118 (full 2):
 def new generation   total 8704K, used 8164K [0x00000000f0a00000, 0x00000000f1370000, 0x00000000f5c00000)
  eden space 7744K, 100% used [0x00000000f0a00000, 0x00000000f1190000, 0x00000000f1190000)
  from space 960K,  43% used [0x00000000f1190000, 0x00000000f11f91e0, 0x00000000f1280000)
  to   space 960K,   0% used [0x00000000f1280000, 0x00000000f1280000, 0x00000000f1370000)
 tenured generation   total 19248K, used 16307K [0x00000000f5c00000, 0x00000000f6ecc000, 0x0000000100000000)
   the space 19248K,  84% used [0x00000000f5c00000, 0x00000000f6becce0, 0x00000000f6bece00, 0x00000000f6ecc000)
 Metaspace       used 43030K, capacity 45441K, committed 45696K, reserved 1089536K
  class space    used 5819K, capacity 6225K, committed 6272K, reserved 1048576K
Event: 10.163 GC heap after
Heap after GC invocations=119 (full 2):
 def new generation   total 8704K, used 467K [0x00000000f0a00000, 0x00000000f1370000, 0x00000000f5c00000)
  eden space 7744K,   0% used [0x00000000f0a00000, 0x00000000f0a00000, 0x00000000f1190000)
  from space 960K,  48% used [0x00000000f1280000, 0x00000000f12f4d30, 0x00000000f1370000)
  to   space 960K,   0% used [0x00000000f1190000, 0x00000000f1190000, 0x00000000f1280000)
 tenured generation   total 19248K, used 16307K [0x00000000f5c00000, 0x00000000f6ecc000, 0x0000000100000000)
   the space 19248K,  84% used [0x00000000f5c00000, 0x00000000f6becce0, 0x00000000f6bece00, 0x00000000f6ecc000)
 Metaspace       used 43030K, capacity 45441K, committed 45696K, reserved 1089536K
  class space    used 5819K, capacity 6225K, committed 6272K, reserved 1048576K
}
Event: 10.208 GC heap before
{Heap before GC invocations=119 (full 2):
 def new generation   total 8704K, used 8211K [0x00000000f0a00000, 0x00000000f1370000, 0x00000000f5c00000)
  eden space 7744K, 100% used [0x00000000f0a00000, 0x00000000f1190000, 0x00000000f1190000)
  from space 960K,  48% used [0x00000000f1280000, 0x00000000f12f4d30, 0x00000000f1370000)
  to   space 960K,   0% used [0x00000000f1190000, 0x00000000f1190000, 0x00000000f1280000)
 tenured generation   total 19248K, used 16307K [0x00000000f5c00000, 0x00000000f6ecc000, 0x0000000100000000)
   the space 19248K,  84% used [0x00000000f5c00000, 0x00000000f6becce0, 0x00000000f6bece00, 0x00000000f6ecc000)
 Metaspace       used 43304K, capacity 45703K, committed 46080K, reserved 1089536K
  class space    used 5869K, capacity 6290K, committed 6400K, reserved 1048576K
Event: 10.211 GC heap after
Heap after GC invocations=120 (full 2):
 def new generation   total 8704K, used 524K [0x00000000f0a00000, 0x00000000f1370000, 0x00000000f5c00000)
  eden space 7744K,   0% used [0x00000000f0a00000, 0x00000000f0a00000, 0x00000000f1190000)
  from space 960K,  54% used [0x00000000f1190000, 0x00000000f1213150, 0x00000000f1280000)
  to   space 960K,   0% used [0x00000000f1280000, 0x00000000f1280000, 0x00000000f1370000)
 tenured generation   total 19248K, used 16307K [0x00000000f5c00000, 0x00000000f6ecc000, 0x0000000100000000)
   the space 19248K,  84% used [0x00000000f5c00000, 0x00000000f6becce0, 0x00000000f6bece00, 0x00000000f6ecc000)
 Metaspace       used 43304K, capacity 45703K, committed 46080K, reserved 1089536K
  class space    used 5869K, capacity 6290K, committed 6400K, reserved 1048576K
}
Event: 10.270 GC heap before
{Heap before GC invocations=120 (full 2):
 def new generation   total 8704K, used 8268K [0x00000000f0a00000, 0x00000000f1370000, 0x00000000f5c00000)
  eden space 7744K, 100% used [0x00000000f0a00000, 0x00000000f1190000, 0x00000000f1190000)
  from space 960K,  54% used [0x00000000f1190000, 0x00000000f1213150, 0x00000000f1280000)
  to   space 960K,   0% used [0x00000000f1280000, 0x00000000f1280000, 0x00000000f1370000)
 tenured generation   total 19248K, used 16307K [0x00000000f5c00000, 0x00000000f6ecc000, 0x0000000100000000)
   the space 19248K,  84% used [0x00000000f5c00000, 0x00000000f6becce0, 0x00000000f6bece00, 0x00000000f6ecc000)
 Metaspace       used 43635K, capacity 45991K, committed 46336K, reserved 1089536K
  class space    used 5913K, capacity 6322K, committed 6400K, reserved 1048576K
Event: 10.274 GC heap after
Heap after GC invocations=121 (full 2):
 def new generation   total 8704K, used 459K [0x00000000f0a00000, 0x00000000f1370000, 0x00000000f5c00000)
  eden space 7744K,   0% used [0x00000000f0a00000, 0x00000000f0a00000, 0x00000000f1190000)
  from space 960K,  47% used [0x00000000f1280000, 0x00000000f12f2e88, 0x00000000f1370000)
  to   space 960K,   0% used [0x00000000f1190000, 0x00000000f1190000, 0x00000000f1280000)
 tenured generation   total 19248K, used 16435K [0x00000000f5c00000, 0x00000000f6ecc000, 0x0000000100000000)
   the space 19248K,  85% used [0x00000000f5c00000, 0x00000000f6c0cd58, 0x00000000f6c0ce00, 0x00000000f6ecc000)
 Metaspace       used 43635K, capacity 45991K, committed 46336K, reserved 1089536K
  class space    used 5913K, capacity 6322K, committed 6400K, reserved 1048576K
}
Event: 10.391 GC heap before
{Heap before GC invocations=121 (full 2):
 def new generation   total 8704K, used 8203K [0x00000000f0a00000, 0x00000000f1370000, 0x00000000f5c00000)
  eden space 7744K, 100% used [0x00000000f0a00000, 0x00000000f1190000, 0x00000000f1190000)
  from space 960K,  47% used [0x00000000f1280000, 0x00000000f12f2e88, 0x00000000f1370000)
  to   space 960K,   0% used [0x00000000f1190000, 0x00000000f1190000, 0x00000000f1280000)
 tenured generation   total 19248K, used 16435K [0x00000000f5c00000, 0x00000000f6ecc000, 0x0000000100000000)
   the space 19248K,  85% used [0x00000000f5c00000, 0x00000000f6c0cd58, 0x00000000f6c0ce00, 0x00000000f6ecc000)
 Metaspace       used 43982K, capacity 46349K, committed 46592K, reserved 1089536K
  class space    used 5945K, capacity 6355K, committed 6400K, reserved 1048576K
Event: 10.395 GC heap after
Heap after GC invocations=122 (full 2):
 def new generation   total 8704K, used 785K [0x00000000f0a00000, 0x00000000f1370000, 0x00000000f5c00000)
  eden space 7744K,   0% used [0x00000000f0a00000, 0x00000000f0a00000, 0x00000000f1190000)
  from space 960K,  81% used [0x00000000f1190000, 0x00000000f1254548, 0x00000000f1280000)
  to   space 960K,   0% used [0x00000000f1280000, 0x00000000f1280000, 0x00000000f1370000)
 tenured generation   total 19248K, used 16435K [0x00000000f5c00000, 0x00000000f6ecc000, 0x0000000100000000)
   the space 19248K,  85% used [0x00000000f5c00000, 0x00000000f6c0cd58, 0x00000000f6c0ce00, 0x00000000f6ecc000)
 Metaspace       used 43982K, capacity 46349K, committed 46592K, reserved 1089536K
  class space    used 5945K, capacity 6355K, committed 6400K, reserved 1048576K
}
Event: 10.475 GC heap before
{Heap before GC invocations=122 (full 2):
 def new generation   total 8704K, used 8529K [0x00000000f0a00000, 0x00000000f1370000, 0x00000000f5c00000)
  eden space 7744K, 100% used [0x00000000f0a00000, 0x00000000f1190000, 0x00000000f1190000)
  from space 960K,  81% used [0x00000000f1190000, 0x00000000f1254548, 0x00000000f1280000)
  to   space 960K,   0% used [0x00000000f1280000, 0x00000000f1280000, 0x00000000f1370000)
 tenured generation   total 19248K, used 16435K [0x00000000f5c00000, 0x00000000f6ecc000, 0x0000000100000000)
   the space 19248K,  85% used [0x00000000f5c00000, 0x00000000f6c0cd58, 0x00000000f6c0ce00, 0x00000000f6ecc000)
 Metaspace       used 44253K, capacity 46667K, committed 46848K, reserved 1089536K
  class space    used 5978K, capacity 6394K, committed 6400K, reserved 1048576K
Event: 10.479 GC heap after
Heap after GC invocations=123 (full 2):
 def new generation   total 8704K, used 668K [0x00000000f0a00000, 0x00000000f1370000, 0x00000000f5c00000)
  eden space 7744K,   0% used [0x00000000f0a00000, 0x00000000f0a00000, 0x00000000f1190000)
  from space 960K,  69% used [0x00000000f1280000, 0x00000000f1327138, 0x00000000f1370000)
  to   space 960K,   0% used [0x00000000f1190000, 0x00000000f1190000, 0x00000000f1280000)
 tenured generation   total 19248K, used 16745K [0x00000000f5c00000, 0x00000000f6ecc000, 0x0000000100000000)
   the space 19248K,  87% used [0x00000000f5c00000, 0x00000000f6c5a760, 0x00000000f6c5a800, 0x00000000f6ecc000)
 Metaspace       used 44253K, capacity 46667K, committed 46848K, reserved 1089536K
  class space    used 5978K, capacity 6394K, committed 6400K, reserved 1048576K
}
Event: 10.578 GC heap before
{Heap before GC invocations=123 (full 2):
 def new generation   total 8704K, used 8412K [0x00000000f0a00000, 0x00000000f1370000, 0x00000000f5c00000)
  eden space 7744K, 100% used [0x00000000f0a00000, 0x00000000f1190000, 0x00000000f1190000)
  from space 960K,  69% used [0x00000000f1280000, 0x00000000f1327138, 0x00000000f1370000)
  to   space 960K,   0% used [0x00000000f1190000, 0x00000000f1190000, 0x00000000f1280000)
 tenured generation   total 19248K, used 16745K [0x00000000f5c00000, 0x00000000f6ecc000, 0x0000000100000000)
   the space 19248K,  87% used [0x00000000f5c00000, 0x00000000f6c5a760, 0x00000000f6c5a800, 0x00000000f6ecc000)
 Metaspace       used 44832K, capacity 47257K, committed 47488K, reserved 1089536K
  class space    used 6039K, capacity 6461K, committed 6528K, reserved 1048576K
Event: 10.582 GC heap after
Heap after GC invocations=124 (full 2):
 def new generation   total 8704K, used 303K [0x00000000f0a00000, 0x00000000f1370000, 0x00000000f5c00000)
  eden space 7744K,   0% used [0x00000000f0a00000, 0x00000000f0a00000, 0x00000000f1190000)
  from space 960K,  31% used [0x00000000f1190000, 0x00000000f11dbf70, 0x00000000f1280000)
  to   space 960K,   0% used [0x00000000f1280000, 0x00000000f1280000, 0x00000000f1370000)
 tenured generation   total 19248K, used 17200K [0x00000000f5c00000, 0x00000000f6ecc000, 0x0000000100000000)
   the space 19248K,  89% used [0x00000000f5c00000, 0x00000000f6ccc0a8, 0x00000000f6ccc200, 0x00000000f6ecc000)
 Metaspace       used 44832K, capacity 47257K, committed 47488K, reserved 1089536K
  class space    used 6039K, capacity 6461K, committed 6528K, reserved 1048576K
}
Event: 10.649 GC heap before
{Heap before GC invocations=124 (full 2):
 def new generation   total 8704K, used 8047K [0x00000000f0a00000, 0x00000000f1370000, 0x00000000f5c00000)
  eden space 7744K, 100% used [0x00000000f0a00000, 0x00000000f1190000, 0x00000000f1190000)
  from space 960K,  31% used [0x00000000f1190000, 0x00000000f11dbf70, 0x00000000f1280000)
  to   space 960K,   0% used [0x00000000f1280000, 0x00000000f1280000, 0x00000000f1370000)
 tenured generation   total 19248K, used 17200K [0x00000000f5c00000, 0x00000000f6ecc000, 0x0000000100000000)
   the space 19248K,  89% used [0x00000000f5c00000, 0x00000000f6ccc0a8, 0x00000000f6ccc200, 0x00000000f6ecc000)
 Metaspace       used 45220K, capacity 47615K, committed 48000K, reserved 1091584K
  class space    used 6085K, capacity 6496K, committed 6528K, reserved 1048576K
Event: 10.652 GC heap after
Heap after GC invocations=125 (full 2):
 def new generation   total 8704K, used 406K [0x00000000f0a00000, 0x00000000f1370000, 0x00000000f5c00000)
  eden space 7744K,   0% used [0x00000000f0a00000, 0x00000000f0a00000, 0x00000000f1190000)
  from space 960K,  42% used [0x00000000f1280000, 0x00000000f12e5a20, 0x00000000f1370000)
  to   space 960K,   0% used [0x00000000f1190000, 0x00000000f1190000, 0x00000000f1280000)
 tenured generation   total 19248K, used 17200K [0x00000000f5c00000, 0x00000000f6ecc000, 0x0000000100000000)
   the space 19248K,  89% used [0x00000000f5c00000, 0x00000000f6ccc0a8, 0x00000000f6ccc200, 0x00000000f6ecc000)
 Metaspace       used 45220K, capacity 47615K, committed 48000K, reserved 1091584K
  class space    used 6085K, capacity 6496K, committed 6528K, reserved 1048576K
}
Event: 10.789 GC heap before
{Heap before GC invocations=125 (full 2):
 def new generation   total 8704K, used 8150K [0x00000000f0a00000, 0x00000000f1370000, 0x00000000f5c00000)
  eden space 7744K, 100% used [0x00000000f0a00000, 0x00000000f1190000, 0x00000000f1190000)
  from space 960K,  42% used [0x00000000f1280000, 0x00000000f12e5a20, 0x00000000f1370000)
  to   space 960K,   0% used [0x00000000f1190000, 0x00000000f1190000, 0x00000000f1280000)
 tenured generation   total 19248K, used 17200K [0x00000000f5c00000, 0x00000000f6ecc000, 0x0000000100000000)
   the space 19248K,  89% used [0x00000000f5c00000, 0x00000000f6ccc0a8, 0x00000000f6ccc200, 0x00000000f6ecc000)
 Metaspace       used 45663K, capacity 48387K, committed 48640K, reserved 1091584K
  class space    used 6169K, capacity 6624K, committed 6656K, reserved 1048576K
Event: 10.792 GC heap after
Heap after GC invocations=126 (full 2):
 def new generation   total 8704K, used 622K [0x00000000f0a00000, 0x00000000f1370000, 0x00000000f5c00000)
  eden space 7744K,   0% used [0x00000000f0a00000, 0x00000000f0a00000, 0x00000000f1190000)
  from space 960K,  64% used [0x00000000f1190000, 0x00000000f122b958, 0x00000000f1280000)
  to   space 960K,   0% used [0x00000000f1280000, 0x00000000f1280000, 0x00000000f1370000)
 tenured generation   total 19248K, used 17200K [0x00000000f5c00000, 0x00000000f6ecc000, 0x0000000100000000)
   the space 19248K,  89% used [0x00000000f5c00000, 0x00000000f6ccc0a8, 0x00000000f6ccc200, 0x00000000f6ecc000)
 Metaspace       used 45663K, capacity 48387K, committed 48640K, reserved 1091584K
  class space    used 6169K, capacity 6624K, committed 6656K, reserved 1048576K
}
Event: 10.892 GC heap before
{Heap before GC invocations=126 (full 2):
 def new generation   total 8704K, used 8366K [0x00000000f0a00000, 0x00000000f1370000, 0x00000000f5c00000)
  eden space 7744K, 100% used [0x00000000f0a00000, 0x00000000f1190000, 0x00000000f1190000)
  from space 960K,  64% used [0x00000000f1190000, 0x00000000f122b958, 0x00000000f1280000)
  to   space 960K,   0% used [0x00000000f1280000, 0x00000000f1280000, 0x00000000f1370000)
 tenured generation   total 19248K, used 17200K [0x00000000f5c00000, 0x00000000f6ecc000, 0x0000000100000000)
   the space 19248K,  89% used [0x00000000f5c00000, 0x00000000f6ccc0a8, 0x00000000f6ccc200, 0x00000000f6ecc000)
 Metaspace       used 45967K, capacity 48727K, committed 49024K, reserved 1091584K
  class space    used 6217K, capacity 6680K, committed 6784K, reserved 1048576K
Event: 10.896 GC heap after
Heap after GC invocations=127 (full 2):
 def new generation   total 8704K, used 600K [0x00000000f0a00000, 0x00000000f1370000, 0x00000000f5c00000)
  eden space 7744K,   0% used [0x00000000f0a00000, 0x00000000f0a00000, 0x00000000f1190000)
  from space 960K,  62% used [0x00000000f1280000, 0x00000000f13161c0, 0x00000000f1370000)
  to   space 960K,   0% used [0x00000000f1190000, 0x00000000f1190000, 0x00000000f1280000)
 tenured generation   total 19248K, used 17379K [0x00000000f5c00000, 0x00000000f6ecc000, 0x0000000100000000)
   the space 19248K,  90% used [0x00000000f5c00000, 0x00000000f6cf8e78, 0x00000000f6cf9000, 0x00000000f6ecc000)
 Metaspace       used 45967K, capacity 48727K, committed 49024K, reserved 1091584K
  class space    used 6217K, capacity 6680K, committed 6784K, reserved 1048576K
}
Event: 10.986 GC heap before
{Heap before GC invocations=127 (full 2):
 def new generation   total 8704K, used 8344K [0x00000000f0a00000, 0x00000000f1370000, 0x00000000f5c00000)
  eden space 7744K, 100% used [0x00000000f0a00000, 0x00000000f1190000, 0x00000000f1190000)
  from space 960K,  62% used [0x00000000f1280000, 0x00000000f13161c0, 0x00000000f1370000)
  to   space 960K,   0% used [0x00000000f1190000, 0x00000000f1190000, 0x00000000f1280000)
 tenured generation   total 19248K, used 17379K [0x00000000f5c00000, 0x00000000f6ecc000, 0x0000000100000000)
   the space 19248K,  90% used [0x00000000f5c00000, 0x00000000f6cf8e78, 0x00000000f6cf9000, 0x00000000f6ecc000)
 Metaspace       used 46348K, capacity 49215K, committed 49280K, reserved 1091584K
  class space    used 6284K, capacity 6776K, committed 6784K, reserved 1048576K
Event: 10.990 GC heap after
Heap after GC invocations=128 (full 2):
 def new generation   total 8704K, used 546K [0x00000000f0a00000, 0x00000000f1370000, 0x00000000f5c00000)
  eden space 7744K,   0% used [0x00000000f0a00000, 0x00000000f0a00000, 0x00000000f1190000)
  from space 960K,  56% used [0x00000000f1190000, 0x00000000f1218860, 0x00000000f1280000)
  to   space 960K,   0% used [0x00000000f1280000, 0x00000000f1280000, 0x00000000f1370000)
 tenured generation   total 19248K, used 17577K [0x00000000f5c00000, 0x00000000f6ecc000, 0x0000000100000000)
   the space 19248K,  91% used [0x00000000f5c00000, 0x00000000f6d2a7a0, 0x00000000f6d2a800, 0x00000000f6ecc000)
 Metaspace       used 46348K, capacity 49215K, committed 49280K, reserved 1091584K
  class space    used 6284K, capacity 6776K, committed 6784K, reserved 1048576K
}
Event: 11.083 GC heap before
{Heap before GC invocations=128 (full 2):
 def new generation   total 8704K, used 8290K [0x00000000f0a00000, 0x00000000f1370000, 0x00000000f5c00000)
  eden space 7744K, 100% used [0x00000000f0a00000, 0x00000000f1190000, 0x00000000f1190000)
  from space 960K,  56% used [0x00000000f1190000, 0x00000000f1218860, 0x00000000f1280000)
  to   space 960K,   0% used [0x00000000f1280000, 0x00000000f1280000, 0x00000000f1370000)
 tenured generation   total 19248K, used 17577K [0x00000000f5c00000, 0x00000000f6ecc000, 0x0000000100000000)
   the space 19248K,  91% used [0x00000000f5c00000, 0x00000000f6d2a7a0, 0x00000000f6d2a800, 0x00000000f6ecc000)
 Metaspace       used 46584K, capacity 49529K, committed 49664K, reserved 1091584K
  class space    used 6320K, capacity 6813K, committed 6912K, reserved 1048576K
Event: 11.087 GC heap after
Heap after GC invocations=129 (full 2):
 def new generation   total 8704K, used 491K [0x00000000f0a00000, 0x00000000f1370000, 0x00000000f5c00000)
  eden space 7744K,   0% used [0x00000000f0a00000, 0x00000000f0a00000, 0x00000000f1190000)
  from space 960K,  51% used [0x00000000f1280000, 0x00000000f12fafa8, 0x00000000f1370000)
  to   space 960K,   0% used [0x00000000f1190000, 0x00000000f1190000, 0x00000000f1280000)
 tenured generation   total 19248K, used 17789K [0x00000000f5c00000, 0x00000000f6ecc000, 0x0000000100000000)
   the space 19248K,  92% used [0x00000000f5c00000, 0x00000000f6d5f7e8, 0x00000000f6d5f800, 0x00000000f6ecc000)
 Metaspace       used 46584K, capacity 49529K, committed 49664K, reserved 1091584K
  class space    used 6320K, capacity 6813K, committed 6912K, reserved 1048576K
}
Event: 11.164 GC heap before
{Heap before GC invocations=129 (full 2):
 def new generation   total 8704K, used 8235K [0x00000000f0a00000, 0x00000000f1370000, 0x00000000f5c00000)
  eden space 7744K, 100% used [0x00000000f0a00000, 0x00000000f1190000, 0x00000000f1190000)
  from space 960K,  51% used [0x00000000f1280000, 0x00000000f12fafa8, 0x00000000f1370000)
  to   space 960K,   0% used [0x00000000f1190000, 0x00000000f1190000, 0x00000000f1280000)
 tenured generation   total 19248K, used 17789K [0x00000000f5c00000, 0x00000000f6ecc000, 0x0000000100000000)
   the space 19248K,  92% used [0x00000000f5c00000, 0x00000000f6d5f7e8, 0x00000000f6d5f800, 0x00000000f6ecc000)
 Metaspace       used 46738K, capacity 49707K, committed 49920K, reserved 1091584K
  class space    used 6340K, capacity 6848K, committed 6912K, reserved 1048576K
Event: 11.168 GC heap after
Heap after GC invocations=130 (full 2):
 def new generation   total 8704K, used 531K [0x00000000f0a00000, 0x00000000f1370000, 0x00000000f5c00000)
  eden space 7744K,   0% used [0x00000000f0a00000, 0x00000000f0a00000, 0x00000000f1190000)
  from space 960K,  55% used [0x00000000f1190000, 0x00000000f1214ec0, 0x00000000f1280000)
  to   space 960K,   0% used [0x00000000f1280000, 0x00000000f1280000, 0x00000000f1370000)
 tenured generation   total 19248K, used 17948K [0x00000000f5c00000, 0x00000000f6ecc000, 0x0000000100000000)
   the space 19248K,  93% used [0x00000000f5c00000, 0x00000000f6d87138, 0x00000000f6d87200, 0x00000000f6ecc000)
 Metaspace       used 46738K, capacity 49707K, committed 49920K, reserved 1091584K
  class space    used 6340K, capacity 6848K, committed 6912K, reserved 1048576K
}
Event: 11.310 GC heap before
{Heap before GC invocations=130 (full 2):
 def new generation   total 8704K, used 8275K [0x00000000f0a00000, 0x00000000f1370000, 0x00000000f5c00000)
  eden space 7744K, 100% used [0x00000000f0a00000, 0x00000000f1190000, 0x00000000f1190000)
  from space 960K,  55% used [0x00000000f1190000, 0x00000000f1214ec0, 0x00000000f1280000)
  to   space 960K,   0% used [0x00000000f1280000, 0x00000000f1280000, 0x00000000f1370000)
 tenured generation   total 19248K, used 17948K [0x00000000f5c00000, 0x00000000f6ecc000, 0x0000000100000000)
   the space 19248K,  93% used [0x00000000f5c00000, 0x00000000f6d87138, 0x00000000f6d87200, 0x00000000f6ecc000)
 Metaspace       used 46997K, capacity 49959K, committed 50136K, reserved 1093632K
  class space    used 6374K, capacity 6860K, committed 6912K, reserved 1048576K
Event: 11.315 GC heap after
Heap after GC invocations=131 (full 2):
 def new generation   total 8704K, used 641K [0x00000000f0a00000, 0x00000000f1370000, 0x00000000f5c00000)
  eden space 7744K,   0% used [0x00000000f0a00000, 0x00000000f0a00000, 0x00000000f1190000)
  from space 960K,  66% used [0x00000000f1280000, 0x00000000f1320748, 0x00000000f1370000)
  to   space 960K,   0% used [0x00000000f1190000, 0x00000000f1190000, 0x00000000f1280000)
 tenured generation   total 19248K, used 18097K [0x00000000f5c00000, 0x00000000f6ecc000, 0x0000000100000000)
   the space 19248K,  94% used [0x00000000f5c00000, 0x00000000f6dac7b0, 0x00000000f6dac800, 0x00000000f6ecc000)
 Metaspace       used 46997K, capacity 49959K, committed 50136K, reserved 1093632K
  class space    used 6374K, capacity 6860K, committed 6912K, reserved 1048576K
}
Event: 11.338 GC heap before
{Heap before GC invocations=131 (full 2):
 def new generation   total 8704K, used 3122K [0x00000000f0a00000, 0x00000000f1370000, 0x00000000f5c00000)
  eden space 7744K,  32% used [0x00000000f0a00000, 0x00000000f0c6c430, 0x00000000f1190000)
  from space 960K,  66% used [0x00000000f1280000, 0x00000000f1320748, 0x00000000f1370000)
  to   space 960K,   0% used [0x00000000f1190000, 0x00000000f1190000, 0x00000000f1280000)
 tenured generation   total 19248K, used 18097K [0x00000000f5c00000, 0x00000000f6ecc000, 0x0000000100000000)
   the space 19248K,  94% used [0x00000000f5c00000, 0x00000000f6dac7b0, 0x00000000f6dac800, 0x00000000f6ecc000)
 Metaspace       used 47105K, capacity 50073K, committed 50136K, reserved 1093632K
  class space    used 6394K, capacity 6901K, committed 6912K, reserved 1048576K
Event: 11.399 GC heap after
Heap after GC invocations=132 (full 3):
 def new generation   total 13952K, used 0K [0x00000000f0a00000, 0x00000000f1920000, 0x00000000f5c00000)
  eden space 12416K,   0% used [0x00000000f0a00000, 0x00000000f0a00000, 0x00000000f1620000)
  from space 1536K,   0% used [0x00000000f1620000, 0x00000000f1620000, 0x00000000f17a0000)
  to   space 1536K,   0% used [0x00000000f17a0000, 0x00000000f17a0000, 0x00000000f1920000)
 tenured generation   total 30872K, used 18522K [0x00000000f5c00000, 0x00000000f7a26000, 0x0000000100000000)
   the space 30872K,  59% used [0x00000000f5c00000, 0x00000000f6e16870, 0x00000000f6e16a00, 0x00000000f7a26000)
 Metaspace       used 47105K, capacity 50073K, committed 50136K, reserved 1093632K
  class space    used 6394K, capacity 6901K, committed 6912K, reserved 1048576K
}
Event: 11.566 GC heap before
{Heap before GC invocations=132 (full 3):
 def new generation   total 13952K, used 12416K [0x00000000f0a00000, 0x00000000f1920000, 0x00000000f5c00000)
  eden space 12416K, 100% used [0x00000000f0a00000, 0x00000000f1620000, 0x00000000f1620000)
  from space 1536K,   0% used [0x00000000f1620000, 0x00000000f1620000, 0x00000000f17a0000)
  to   space 1536K,   0% used [0x00000000f17a0000, 0x00000000f17a0000, 0x00000000f1920000)
 tenured generation   total 30872K, used 18522K [0x00000000f5c00000, 0x00000000f7a26000, 0x0000000100000000)
   the space 30872K,  59% used [0x00000000f5c00000, 0x00000000f6e16870, 0x00000000f6e16a00, 0x00000000f7a26000)
 Metaspace       used 48064K, capacity 51035K, committed 51288K, reserved 1093632K
  class space    used 6503K, capacity 6966K, committed 7040K, reserved 1048576K
Event: 11.568 GC heap after
Heap after GC invocations=133 (full 3):
 def new generation   total 13952K, used 140K [0x00000000f0a00000, 0x00000000f1920000, 0x00000000f5c00000)
  eden space 12416K,   0% used [0x00000000f0a00000, 0x00000000f0a00000, 0x00000000f1620000)
  from space 1536K,   9% used [0x00000000f17a0000, 0x00000000f17c3290, 0x00000000f1920000)
  to   space 1536K,   0% used [0x00000000f1620000, 0x00000000f1620000, 0x00000000f17a0000)
 tenured generation   total 30872K, used 18522K [0x00000000f5c00000, 0x00000000f7a26000, 0x0000000100000000)
   the space 30872K,  59% used [0x00000000f5c00000, 0x00000000f6e16870, 0x00000000f6e16a00, 0x00000000f7a26000)
 Metaspace       used 48064K, capacity 51035K, committed 51288K, reserved 1093632K
  class space    used 6503K, capacity 6966K, committed 7040K, reserved 1048576K
}
Event: 11.704 GC heap before
{Heap before GC invocations=133 (full 3):
 def new generation   total 13952K, used 12556K [0x00000000f0a00000, 0x00000000f1920000, 0x00000000f5c00000)
  eden space 12416K, 100% used [0x00000000f0a00000, 0x00000000f1620000, 0x00000000f1620000)
  from space 1536K,   9% used [0x00000000f17a0000, 0x00000000f17c3290, 0x00000000f1920000)
  to   space 1536K,   0% used [0x00000000f1620000, 0x00000000f1620000, 0x00000000f17a0000)
 tenured generation   total 30872K, used 18522K [0x00000000f5c00000, 0x00000000f7a26000, 0x0000000100000000)
   the space 30872K,  59% used [0x00000000f5c00000, 0x00000000f6e16870, 0x00000000f6e16a00, 0x00000000f7a26000)
 Metaspace       used 49124K, capacity 52059K, committed 52184K, reserved 1093632K
  class space    used 6617K, capacity 7094K, committed 7168K, reserved 1048576K
Event: 11.707 GC heap after
Heap after GC invocations=134 (full 3):
 def new generation   total 13952K, used 271K [0x00000000f0a00000, 0x00000000f1920000, 0x00000000f5c00000)
  eden space 12416K,   0% used [0x00000000f0a00000, 0x00000000f0a00000, 0x00000000f1620000)
  from space 1536K,  17% used [0x00000000f1620000, 0x00000000f1663d30, 0x00000000f17a0000)
  to   space 1536K,   0% used [0x00000000f17a0000, 0x00000000f17a0000, 0x00000000f1920000)
 tenured generation   total 30872K, used 18522K [0x00000000f5c00000, 0x00000000f7a26000, 0x0000000100000000)
   the space 30872K,  59% used [0x00000000f5c00000, 0x00000000f6e16870, 0x00000000f6e16a00, 0x00000000f7a26000)
 Metaspace       used 49124K, capacity 52059K, committed 52184K, reserved 1093632K
  class space    used 6617K, capacity 7094K, committed 7168K, reserved 1048576K
}
Event: 11.822 GC heap before
{Heap before GC invocations=134 (full 3):
 def new generation   total 13952K, used 12687K [0x00000000f0a00000, 0x00000000f1920000, 0x00000000f5c00000)
  eden space 12416K, 100% used [0x00000000f0a00000, 0x00000000f1620000, 0x00000000f1620000)
  from space 1536K,  17% used [0x00000000f1620000, 0x00000000f1663d30, 0x00000000f17a0000)
  to   space 1536K,   0% used [0x00000000f17a0000, 0x00000000f17a0000, 0x00000000f1920000)
 tenured generation   total 30872K, used 18522K [0x00000000f5c00000, 0x00000000f7a26000, 0x0000000100000000)
   the space 30872K,  59% used [0x00000000f5c00000, 0x00000000f6e16870, 0x00000000f6e16a00, 0x00000000f7a26000)
 Metaspace       used 49923K, capacity 52891K, committed 53080K, reserved 1095680K
  class space    used 6733K, capacity 7222K, committed 7296K, reserved 1048576K
Event: 11.825 GC heap after
Heap after GC invocations=135 (full 3):
 def new generation   total 13952K, used 348K [0x00000000f0a00000, 0x00000000f1920000, 0x00000000f5c00000)
  eden space 12416K,   0% used [0x00000000f0a00000, 0x00000000f0a00000, 0x00000000f1620000)
  from space 1536K,  22% used [0x00000000f17a0000, 0x00000000f17f7308, 0x00000000f1920000)
  to   space 1536K,   0% used [0x00000000f1620000, 0x00000000f1620000, 0x00000000f17a0000)
 tenured generation   total 30872K, used 18522K [0x00000000f5c00000, 0x00000000f7a26000, 0x0000000100000000)
   the space 30872K,  59% used [0x00000000f5c00000, 0x00000000f6e16870, 0x00000000f6e16a00, 0x00000000f7a26000)
 Metaspace       used 49923K, capacity 52891K, committed 53080K, reserved 1095680K
  class space    used 6733K, capacity 7222K, committed 7296K, reserved 1048576K
}
Event: 12.025 GC heap before
{Heap before GC invocations=135 (full 3):
 def new generation   total 13952K, used 12764K [0x00000000f0a00000, 0x00000000f1920000, 0x00000000f5c00000)
  eden space 12416K, 100% used [0x00000000f0a00000, 0x00000000f1620000, 0x00000000f1620000)
  from space 1536K,  22% used [0x00000000f17a0000, 0x00000000f17f7308, 0x00000000f1920000)
  to   space 1536K,   0% used [0x00000000f1620000, 0x00000000f1620000, 0x00000000f17a0000)
 tenured generation   total 30872K, used 18522K [0x00000000f5c00000, 0x00000000f7a26000, 0x0000000100000000)
   the space 30872K,  59% used [0x00000000f5c00000, 0x00000000f6e16870, 0x00000000f6e16a00, 0x00000000f7a26000)
 Metaspace       used 50731K, capacity 53801K, committed 53976K, reserved 1095680K
  class space    used 6855K, capacity 7379K, committed 7424K, reserved 1048576K
Event: 12.038 GC heap after
Heap after GC invocations=136 (full 3):
 def new generation   total 13952K, used 660K [0x00000000f0a00000, 0x00000000f1920000, 0x00000000f5c00000)
  eden space 12416K,   0% used [0x00000000f0a00000, 0x00000000f0a00000, 0x00000000f1620000)
  from space 1536K,  42% used [0x00000000f1620000, 0x00000000f16c5038, 0x00000000f17a0000)
  to   space 1536K,   0% used [0x00000000f17a0000, 0x00000000f17a0000, 0x00000000f1920000)
 tenured generation   total 30872K, used 18522K [0x00000000f5c00000, 0x00000000f7a26000, 0x0000000100000000)
   the space 30872K,  59% used [0x00000000f5c00000, 0x00000000f6e16870, 0x00000000f6e16a00, 0x00000000f7a26000)
 Metaspace       used 50731K, capacity 53801K, committed 53976K, reserved 1095680K
  class space    used 6855K, capacity 7379K, committed 7424K, reserved 1048576K
}
Event: 12.245 GC heap before
{Heap before GC invocations=136 (full 3):
 def new generation   total 13952K, used 13076K [0x00000000f0a00000, 0x00000000f1920000, 0x00000000f5c00000)
  eden space 12416K, 100% used [0x00000000f0a00000, 0x00000000f1620000, 0x00000000f1620000)
  from space 1536K,  42% used [0x00000000f1620000, 0x00000000f16c5038, 0x00000000f17a0000)
  to   space 1536K,   0% used [0x00000000f17a0000, 0x00000000f17a0000, 0x00000000f1920000)
 tenured generation   total 30872K, used 18522K [0x00000000f5c00000, 0x00000000f7a26000, 0x0000000100000000)
   the space 30872K,  59% used [0x00000000f5c00000, 0x00000000f6e16870, 0x00000000f6e16a00, 0x00000000f7a26000)
 Metaspace       used 51443K, capacity 54489K, committed 54616K, reserved 1095680K
  class space    used 6952K, capacity 7453K, committed 7552K, reserved 1048576K
Event: 12.250 GC heap after
Heap after GC invocations=137 (full 3):
 def new generation   total 13952K, used 1078K [0x00000000f0a00000, 0x00000000f1920000, 0x00000000f5c00000)
  eden space 12416K,   0% used [0x00000000f0a00000, 0x00000000f0a00000, 0x00000000f1620000)
  from space 1536K,  70% used [0x00000000f17a0000, 0x00000000f18ad8d8, 0x00000000f1920000)
  to   space 1536K,   0% used [0x00000000f1620000, 0x00000000f1620000, 0x00000000f17a0000)
 tenured generation   total 30872K, used 18522K [0x00000000f5c00000, 0x00000000f7a26000, 0x0000000100000000)
   the space 30872K,  59% used [0x00000000f5c00000, 0x00000000f6e16870, 0x00000000f6e16a00, 0x00000000f7a26000)
 Metaspace       used 51443K, capacity 54489K, committed 54616K, reserved 1095680K
  class space    used 6952K, capacity 7453K, committed 7552K, reserved 1048576K
}
Event: 12.411 GC heap before
{Heap before GC invocations=137 (full 3):
 def new generation   total 13952K, used 13494K [0x00000000f0a00000, 0x00000000f1920000, 0x00000000f5c00000)
  eden space 12416K, 100% used [0x00000000f0a00000, 0x00000000f1620000, 0x00000000f1620000)
  from space 1536K,  70% used [0x00000000f17a0000, 0x00000000f18ad8d8, 0x00000000f1920000)
  to   space 1536K,   0% used [0x00000000f1620000, 0x00000000f1620000, 0x00000000f17a0000)
 tenured generation   total 30872K, used 18522K [0x00000000f5c00000, 0x00000000f7a26000, 0x0000000100000000)
   the space 30872K,  59% used [0x00000000f5c00000, 0x00000000f6e16870, 0x00000000f6e16a00, 0x00000000f7a26000)
 Metaspace       used 52172K, capacity 55249K, committed 55512K, reserved 1097728K
  class space    used 7068K, capacity 7595K, committed 7680K, reserved 1048576K
Event: 12.416 GC heap after
Heap after GC invocations=138 (full 3):
 def new generation   total 13952K, used 721K [0x00000000f0a00000, 0x00000000f1920000, 0x00000000f5c00000)
  eden space 12416K,   0% used [0x00000000f0a00000, 0x00000000f0a00000, 0x00000000f1620000)
  from space 1536K,  47% used [0x00000000f1620000, 0x00000000f16d47b0, 0x00000000f17a0000)
  to   space 1536K,   0% used [0x00000000f17a0000, 0x00000000f17a0000, 0x00000000f1920000)
 tenured generation   total 30872K, used 19140K [0x00000000f5c00000, 0x00000000f7a26000, 0x0000000100000000)
   the space 30872K,  62% used [0x00000000f5c00000, 0x00000000f6eb12a0, 0x00000000f6eb1400, 0x00000000f7a26000)
 Metaspace       used 52172K, capacity 55249K, committed 55512K, reserved 1097728K
  class space    used 7068K, capacity 7595K, committed 7680K, reserved 1048576K
}
Event: 12.594 GC heap before
{Heap before GC invocations=138 (full 3):
 def new generation   total 13952K, used 13137K [0x00000000f0a00000, 0x00000000f1920000, 0x00000000f5c00000)
  eden space 12416K, 100% used [0x00000000f0a00000, 0x00000000f1620000, 0x00000000f1620000)
  from space 1536K,  47% used [0x00000000f1620000, 0x00000000f16d47b0, 0x00000000f17a0000)
  to   space 1536K,   0% used [0x00000000f17a0000, 0x00000000f17a0000, 0x00000000f1920000)
 tenured generation   total 30872K, used 19140K [0x00000000f5c00000, 0x00000000f7a26000, 0x0000000100000000)
   the space 30872K,  62% used [0x00000000f5c00000, 0x00000000f6eb12a0, 0x00000000f6eb1400, 0x00000000f7a26000)
 Metaspace       used 52585K, capacity 55751K, committed 56024K, reserved 1097728K
  class space    used 7131K, capacity 7646K, committed 7680K, reserved 1048576K
Event: 12.604 GC heap after
Heap after GC invocations=139 (full 3):
 def new generation   total 13952K, used 1191K [0x00000000f0a00000, 0x00000000f1920000, 0x00000000f5c00000)
  eden space 12416K,   0% used [0x00000000f0a00000, 0x00000000f0a00000, 0x00000000f1620000)
  from space 1536K,  77% used [0x00000000f17a0000, 0x00000000f18c9e70, 0x00000000f1920000)
  to   space 1536K,   0% used [0x00000000f1620000, 0x00000000f1620000, 0x00000000f17a0000)
 tenured generation   total 30872K, used 19140K [0x00000000f5c00000, 0x00000000f7a26000, 0x0000000100000000)
   the space 30872K,  62% used [0x00000000f5c00000, 0x00000000f6eb12a0, 0x00000000f6eb1400, 0x00000000f7a26000)
 Metaspace       used 52585K, capacity 55751K, committed 56024K, reserved 1097728K
  class space    used 7131K, capacity 7646K, committed 7680K, reserved 1048576K
}
Event: 12.790 GC heap before
{Heap before GC invocations=139 (full 3):
 def new generation   total 13952K, used 13607K [0x00000000f0a00000, 0x00000000f1920000, 0x00000000f5c00000)
  eden space 12416K, 100% used [0x00000000f0a00000, 0x00000000f1620000, 0x00000000f1620000)
  from space 1536K,  77% used [0x00000000f17a0000, 0x00000000f18c9e70, 0x00000000f1920000)
  to   space 1536K,   0% used [0x00000000f1620000, 0x00000000f1620000, 0x00000000f17a0000)
 tenured generation   total 30872K, used 19140K [0x00000000f5c00000, 0x00000000f7a26000, 0x0000000100000000)
   the space 30872K,  62% used [0x00000000f5c00000, 0x00000000f6eb12a0, 0x00000000f6eb1400, 0x00000000f7a26000)
 Metaspace       used 53021K, capacity 56187K, committed 56408K, reserved 1097728K
  class space    used 7186K, capacity 7718K, committed 7808K, reserved 1048576K
Event: 12.802 GC heap after
Heap after GC invocations=140 (full 3):
 def new generation   total 13952K, used 1191K [0x00000000f0a00000, 0x00000000f1920000, 0x00000000f5c00000)
  eden space 12416K,   0% used [0x00000000f0a00000, 0x00000000f0a00000, 0x00000000f1620000)
  from space 1536K,  77% used [0x00000000f1620000, 0x00000000f1749da8, 0x00000000f17a0000)
  to   space 1536K,   0% used [0x00000000f17a0000, 0x00000000f17a0000, 0x00000000f1920000)
 tenured generation   total 30872K, used 19810K [0x00000000f5c00000, 0x00000000f7a26000, 0x0000000100000000)
   the space 30872K,  64% used [0x00000000f5c00000, 0x00000000f6f589f0, 0x00000000f6f58a00, 0x00000000f7a26000)
 Metaspace       used 53021K, capacity 56187K, committed 56408K, reserved 1097728K
  class space    used 7186K, capacity 7718K, committed 7808K, reserved 1048576K
}
Event: 13.020 GC heap before
{Heap before GC invocations=140 (full 3):
 def new generation   total 13952K, used 13607K [0x00000000f0a00000, 0x00000000f1920000, 0x00000000f5c00000)
  eden space 12416K, 100% used [0x00000000f0a00000, 0x00000000f1620000, 0x00000000f1620000)
  from space 1536K,  77% used [0x00000000f1620000, 0x00000000f1749da8, 0x00000000f17a0000)
  to   space 1536K,   0% used [0x00000000f17a0000, 0x00000000f17a0000, 0x00000000f1920000)
 tenured generation   total 30872K, used 19810K [0x00000000f5c00000, 0x00000000f7a26000, 0x0000000100000000)
   the space 30872K,  64% used [0x00000000f5c00000, 0x00000000f6f589f0, 0x00000000f6f58a00, 0x00000000f7a26000)
 Metaspace       used 53724K, capacity 56927K, committed 57176K, reserved 1099776K
  class space    used 7287K, capacity 7806K, committed 7808K, reserved 1048576K
Event: 13.030 GC heap after
Heap after GC invocations=141 (full 3):
 def new generation   total 13952K, used 1109K [0x00000000f0a00000, 0x00000000f1920000, 0x00000000f5c00000)
  eden space 12416K,   0% used [0x00000000f0a00000, 0x00000000f0a00000, 0x00000000f1620000)
  from space 1536K,  72% used [0x00000000f17a0000, 0x00000000f18b57f8, 0x00000000f1920000)
  to   space 1536K,   0% used [0x00000000f1620000, 0x00000000f1620000, 0x00000000f17a0000)
 tenured generation   total 30872K, used 20286K [0x00000000f5c00000, 0x00000000f7a26000, 0x0000000100000000)
   the space 30872K,  65% used [0x00000000f5c00000, 0x00000000f6fcf8c0, 0x00000000f6fcfa00, 0x00000000f7a26000)
 Metaspace       used 53724K, capacity 56927K, committed 57176K, reserved 1099776K
  class space    used 7287K, capacity 7806K, committed 7808K, reserved 1048576K
}
Event: 13.272 GC heap before
{Heap before GC invocations=141 (full 3):
 def new generation   total 13952K, used 13525K [0x00000000f0a00000, 0x00000000f1920000, 0x00000000f5c00000)
  eden space 12416K, 100% used [0x00000000f0a00000, 0x00000000f1620000, 0x00000000f1620000)
  from space 1536K,  72% used [0x00000000f17a0000, 0x00000000f18b57f8, 0x00000000f1920000)
  to   space 1536K,   0% used [0x00000000f1620000, 0x00000000f1620000, 0x00000000f17a0000)
 tenured generation   total 30872K, used 20286K [0x00000000f5c00000, 0x00000000f7a26000, 0x0000000100000000)
   the space 30872K,  65% used [0x00000000f5c00000, 0x00000000f6fcf8c0, 0x00000000f6fcfa00, 0x00000000f7a26000)
 Metaspace       used 54224K, capacity 57523K, committed 57816K, reserved 1099776K
  class space    used 7351K, capacity 7874K, committed 7936K, reserved 1048576K
Event: 13.281 GC heap after
Heap after GC invocations=142 (full 3):
 def new generation   total 13952K, used 838K [0x00000000f0a00000, 0x00000000f1920000, 0x00000000f5c00000)
  eden space 12416K,   0% used [0x00000000f0a00000, 0x00000000f0a00000, 0x00000000f1620000)
  from space 1536K,  54% used [0x00000000f1620000, 0x00000000f16f1ba8, 0x00000000f17a0000)
  to   space 1536K,   0% used [0x00000000f17a0000, 0x00000000f17a0000, 0x00000000f1920000)
 tenured generation   total 30872K, used 20968K [0x00000000f5c00000, 0x00000000f7a26000, 0x0000000100000000)
   the space 30872K,  67% used [0x00000000f5c00000, 0x00000000f707a188, 0x00000000f707a200, 0x00000000f7a26000)
 Metaspace       used 54224K, capacity 57523K, committed 57816K, reserved 1099776K
  class space    used 7351K, capacity 7874K, committed 7936K, reserved 1048576K
}
Event: 13.570 GC heap before
{Heap before GC invocations=142 (full 3):
 def new generation   total 13952K, used 13254K [0x00000000f0a00000, 0x00000000f1920000, 0x00000000f5c00000)
  eden space 12416K, 100% used [0x00000000f0a00000, 0x00000000f1620000, 0x00000000f1620000)
  from space 1536K,  54% used [0x00000000f1620000, 0x00000000f16f1ba8, 0x00000000f17a0000)
  to   space 1536K,   0% used [0x00000000f17a0000, 0x00000000f17a0000, 0x00000000f1920000)
 tenured generation   total 30872K, used 20968K [0x00000000f5c00000, 0x00000000f7a26000, 0x0000000100000000)
   the space 30872K,  67% used [0x00000000f5c00000, 0x00000000f707a188, 0x00000000f707a200, 0x00000000f7a26000)
 Metaspace       used 54617K, capacity 57959K, committed 58200K, reserved 1099776K
  class space    used 7398K, capacity 7948K, committed 8064K, reserved 1048576K
Event: 13.576 GC heap after
Heap after GC invocations=143 (full 3):
 def new generation   total 13952K, used 1188K [0x00000000f0a00000, 0x00000000f1920000, 0x00000000f5c00000)
  eden space 12416K,   0% used [0x00000000f0a00000, 0x00000000f0a00000, 0x00000000f1620000)
  from space 1536K,  77% used [0x00000000f17a0000, 0x00000000f18c93e8, 0x00000000f1920000)
  to   space 1536K,   0% used [0x00000000f1620000, 0x00000000f1620000, 0x00000000f17a0000)
 tenured generation   total 30872K, used 21341K [0x00000000f5c00000, 0x00000000f7a26000, 0x0000000100000000)
   the space 30872K,  69% used [0x00000000f5c00000, 0x00000000f70d76b8, 0x00000000f70d7800, 0x00000000f7a26000)
 Metaspace       used 54617K, capacity 57959K, committed 58200K, reserved 1099776K
  class space    used 7398K, capacity 7948K, committed 8064K, reserved 1048576K
}
Event: 50.074 GC heap before
{Heap before GC invocations=143 (full 3):
 def new generation   total 13952K, used 13604K [0x00000000f0a00000, 0x00000000f1920000, 0x00000000f5c00000)
  eden space 12416K, 100% used [0x00000000f0a00000, 0x00000000f1620000, 0x00000000f1620000)
  from space 1536K,  77% used [0x00000000f17a0000, 0x00000000f18c93e8, 0x00000000f1920000)
  to   space 1536K,   0% used [0x00000000f1620000, 0x00000000f1620000, 0x00000000f17a0000)
 tenured generation   total 30872K, used 21341K [0x00000000f5c00000, 0x00000000f7a26000, 0x0000000100000000)
   the space 30872K,  69% used [0x00000000f5c00000, 0x00000000f70d76b8, 0x00000000f70d7800, 0x00000000f7a26000)
 Metaspace       used 55925K, capacity 59309K, committed 59608K, reserved 1101824K
  class space    used 7561K, capacity 8107K, committed 8192K, reserved 1048576K
Event: 50.082 GC heap after
Heap after GC invocations=144 (full 3):
 def new generation   total 13952K, used 1300K [0x00000000f0a00000, 0x00000000f1920000, 0x00000000f5c00000)
  eden space 12416K,   0% used [0x00000000f0a00000, 0x00000000f0a00000, 0x00000000f1620000)
  from space 1536K,  84% used [0x00000000f1620000, 0x00000000f1765238, 0x00000000f17a0000)
  to   space 1536K,   0% used [0x00000000f17a0000, 0x00000000f17a0000, 0x00000000f1920000)
 tenured generation   total 30872K, used 21762K [0x00000000f5c00000, 0x00000000f7a26000, 0x0000000100000000)
   the space 30872K,  70% used [0x00000000f5c00000, 0x00000000f7140a80, 0x00000000f7140c00, 0x00000000f7a26000)
 Metaspace       used 55925K, capacity 59309K, committed 59608K, reserved 1101824K
  class space    used 7561K, capacity 8107K, committed 8192K, reserved 1048576K
}
Event: 50.297 GC heap before
{Heap before GC invocations=144 (full 3):
 def new generation   total 13952K, used 13716K [0x00000000f0a00000, 0x00000000f1920000, 0x00000000f5c00000)
  eden space 12416K, 100% used [0x00000000f0a00000, 0x00000000f1620000, 0x00000000f1620000)
  from space 1536K,  84% used [0x00000000f1620000, 0x00000000f1765238, 0x00000000f17a0000)
  to   space 1536K,   0% used [0x00000000f17a0000, 0x00000000f17a0000, 0x00000000f1920000)
 tenured generation   total 30872K, used 21762K [0x00000000f5c00000, 0x00000000f7a26000, 0x0000000100000000)
   the space 30872K,  70% used [0x00000000f5c00000, 0x00000000f7140a80, 0x00000000f7140c00, 0x00000000f7a26000)
 Metaspace       used 56818K, capacity 60305K, committed 60504K, reserved 1101824K
  class space    used 7690K, capacity 8255K, committed 8320K, reserved 1048576K
Event: 50.305 GC heap after
Heap after GC invocations=145 (full 3):
 def new generation   total 13952K, used 901K [0x00000000f0a00000, 0x00000000f1920000, 0x00000000f5c00000)
  eden space 12416K,   0% used [0x00000000f0a00000, 0x00000000f0a00000, 0x00000000f1620000)
  from space 1536K,  58% used [0x00000000f17a0000, 0x00000000f1881420, 0x00000000f1920000)
  to   space 1536K,   0% used [0x00000000f1620000, 0x00000000f1620000, 0x00000000f17a0000)
 tenured generation   total 30872K, used 22455K [0x00000000f5c00000, 0x00000000f7a26000, 0x0000000100000000)
   the space 30872K,  72% used [0x00000000f5c00000, 0x00000000f71ede48, 0x00000000f71ee000, 0x00000000f7a26000)
 Metaspace       used 56818K, capacity 60305K, committed 60504K, reserved 1101824K
  class space    used 7690K, capacity 8255K, committed 8320K, reserved 1048576K
}
Event: 196.061 GC heap before
{Heap before GC invocations=145 (full 3):
 def new generation   total 13952K, used 13317K [0x00000000f0a00000, 0x00000000f1920000, 0x00000000f5c00000)
  eden space 12416K, 100% used [0x00000000f0a00000, 0x00000000f1620000, 0x00000000f1620000)
  from space 1536K,  58% used [0x00000000f17a0000, 0x00000000f1881420, 0x00000000f1920000)
  to   space 1536K,   0% used [0x00000000f1620000, 0x00000000f1620000, 0x00000000f17a0000)
 tenured generation   total 30872K, used 22455K [0x00000000f5c00000, 0x00000000f7a26000, 0x0000000100000000)
   the space 30872K,  72% used [0x00000000f5c00000, 0x00000000f71ede48, 0x00000000f71ee000, 0x00000000f7a26000)
 Metaspace       used 57663K, capacity 61123K, committed 61400K, reserved 1101824K
  class space    used 7783K, capacity 8354K, committed 8448K, reserved 1048576K
Event: 196.067 GC heap after
Heap after GC invocations=146 (full 3):
 def new generation   total 13952K, used 779K [0x00000000f0a00000, 0x00000000f1920000, 0x00000000f5c00000)
  eden space 12416K,   0% used [0x00000000f0a00000, 0x00000000f0a00000, 0x00000000f1620000)
  from space 1536K,  50% used [0x00000000f1620000, 0x00000000f16e2fc0, 0x00000000f17a0000)
  to   space 1536K,   0% used [0x00000000f17a0000, 0x00000000f17a0000, 0x00000000f1920000)
 tenured generation   total 30872K, used 23015K [0x00000000f5c00000, 0x00000000f7a26000, 0x0000000100000000)
   the space 30872K,  74% used [0x00000000f5c00000, 0x00000000f7279fc0, 0x00000000f727a000, 0x00000000f7a26000)
 Metaspace       used 57663K, capacity 61123K, committed 61400K, reserved 1101824K
  class space    used 7783K, capacity 8354K, committed 8448K, reserved 1048576K
}
Event: 210.996 GC heap before
{Heap before GC invocations=146 (full 3):
 def new generation   total 13952K, used 13195K [0x00000000f0a00000, 0x00000000f1920000, 0x00000000f5c00000)
  eden space 12416K, 100% used [0x00000000f0a00000, 0x00000000f1620000, 0x00000000f1620000)
  from space 1536K,  50% used [0x00000000f1620000, 0x00000000f16e2fc0, 0x00000000f17a0000)
  to   space 1536K,   0% used [0x00000000f17a0000, 0x00000000f17a0000, 0x00000000f1920000)
 tenured generation   total 30872K, used 23015K [0x00000000f5c00000, 0x00000000f7a26000, 0x0000000100000000)
   the space 30872K,  74% used [0x00000000f5c00000, 0x00000000f7279fc0, 0x00000000f727a000, 0x00000000f7a26000)
 Metaspace       used 58480K, capacity 62025K, committed 62296K, reserved 1103872K
  class space    used 7901K, capacity 8495K, committed 8576K, reserved 1048576K
Event: 211.001 GC heap after
Heap after GC invocations=147 (full 3):
 def new generation   total 13952K, used 715K [0x00000000f0a00000, 0x00000000f1920000, 0x00000000f5c00000)
  eden space 12416K,   0% used [0x00000000f0a00000, 0x00000000f0a00000, 0x00000000f1620000)
  from space 1536K,  46% used [0x00000000f17a0000, 0x00000000f1852f60, 0x00000000f1920000)
  to   space 1536K,   0% used [0x00000000f1620000, 0x00000000f1620000, 0x00000000f17a0000)
 tenured generation   total 30872K, used 23298K [0x00000000f5c00000, 0x00000000f7a26000, 0x0000000100000000)
   the space 30872K,  75% used [0x00000000f5c00000, 0x00000000f72c0ab8, 0x00000000f72c0c00, 0x00000000f7a26000)
 Metaspace       used 58480K, capacity 62025K, committed 62296K, reserved 1103872K
  class space    used 7901K, capacity 8495K, committed 8576K, reserved 1048576K
}
Event: 211.377 GC heap before
{Heap before GC invocations=147 (full 3):
 def new generation   total 13952K, used 13131K [0x00000000f0a00000, 0x00000000f1920000, 0x00000000f5c00000)
  eden space 12416K, 100% used [0x00000000f0a00000, 0x00000000f1620000, 0x00000000f1620000)
  from space 1536K,  46% used [0x00000000f17a0000, 0x00000000f1852f60, 0x00000000f1920000)
  to   space 1536K,   0% used [0x00000000f1620000, 0x00000000f1620000, 0x00000000f17a0000)
 tenured generation   total 30872K, used 23298K [0x00000000f5c00000, 0x00000000f7a26000, 0x0000000100000000)
   the space 30872K,  75% used [0x00000000f5c00000, 0x00000000f72c0ab8, 0x00000000f72c0c00, 0x00000000f7a26000)
 Metaspace       used 59127K, capacity 62685K, committed 62808K, reserved 1103872K
  class space    used 7976K, capacity 8567K, committed 8576K, reserved 1048576K
Event: 211.381 GC heap after
Heap after GC invocations=148 (full 3):
 def new generation   total 13952K, used 810K [0x00000000f0a00000, 0x00000000f1920000, 0x00000000f5c00000)
  eden space 12416K,   0% used [0x00000000f0a00000, 0x00000000f0a00000, 0x00000000f1620000)
  from space 1536K,  52% used [0x00000000f1620000, 0x00000000f16eab40, 0x00000000f17a0000)
  to   space 1536K,   0% used [0x00000000f17a0000, 0x00000000f17a0000, 0x00000000f1920000)
 tenured generation   total 30872K, used 23298K [0x00000000f5c00000, 0x00000000f7a26000, 0x0000000100000000)
   the space 30872K,  75% used [0x00000000f5c00000, 0x00000000f72c0ab8, 0x00000000f72c0c00, 0x00000000f7a26000)
 Metaspace       used 59127K, capacity 62685K, committed 62808K, reserved 1103872K
  class space    used 7976K, capacity 8567K, committed 8576K, reserved 1048576K
}
Event: 211.767 GC heap before
{Heap before GC invocations=148 (full 3):
 def new generation   total 13952K, used 13226K [0x00000000f0a00000, 0x00000000f1920000, 0x00000000f5c00000)
  eden space 12416K, 100% used [0x00000000f0a00000, 0x00000000f1620000, 0x00000000f1620000)
  from space 1536K,  52% used [0x00000000f1620000, 0x00000000f16eab40, 0x00000000f17a0000)
  to   space 1536K,   0% used [0x00000000f17a0000, 0x00000000f17a0000, 0x00000000f1920000)
 tenured generation   total 30872K, used 23298K [0x00000000f5c00000, 0x00000000f7a26000, 0x0000000100000000)
   the space 30872K,  75% used [0x00000000f5c00000, 0x00000000f72c0ab8, 0x00000000f72c0c00, 0x00000000f7a26000)
 Metaspace       used 59869K, capacity 63509K, committed 63704K, reserved 1103872K
  class space    used 8070K, capacity 8670K, committed 8704K, reserved 1048576K
Event: 211.774 GC heap after
Heap after GC invocations=149 (full 3):
 def new generation   total 13952K, used 1321K [0x00000000f0a00000, 0x00000000f1920000, 0x00000000f5c00000)
  eden space 12416K,   0% used [0x00000000f0a00000, 0x00000000f0a00000, 0x00000000f1620000)
  from space 1536K,  86% used [0x00000000f17a0000, 0x00000000f18ea648, 0x00000000f1920000)
  to   space 1536K,   0% used [0x00000000f1620000, 0x00000000f1620000, 0x00000000f17a0000)
 tenured generation   total 30872K, used 23734K [0x00000000f5c00000, 0x00000000f7a26000, 0x0000000100000000)
   the space 30872K,  76% used [0x00000000f5c00000, 0x00000000f732da38, 0x00000000f732dc00, 0x00000000f7a26000)
 Metaspace       used 59869K, capacity 63509K, committed 63704K, reserved 1103872K
  class space    used 8070K, capacity 8670K, committed 8704K, reserved 1048576K
}
Event: 2177.919 GC heap before
{Heap before GC invocations=149 (full 3):
 def new generation   total 13952K, used 13737K [0x00000000f0a00000, 0x00000000f1920000, 0x00000000f5c00000)
  eden space 12416K, 100% used [0x00000000f0a00000, 0x00000000f1620000, 0x00000000f1620000)
  from space 1536K,  86% used [0x00000000f17a0000, 0x00000000f18ea648, 0x00000000f1920000)
  to   space 1536K,   0% used [0x00000000f1620000, 0x00000000f1620000, 0x00000000f17a0000)
 tenured generation   total 30872K, used 23734K [0x00000000f5c00000, 0x00000000f7a26000, 0x0000000100000000)
   the space 30872K,  76% used [0x00000000f5c00000, 0x00000000f732da38, 0x00000000f732dc00, 0x00000000f7a26000)
 Metaspace       used 60583K, capacity 64227K, committed 64472K, reserved 1105920K
  class space    used 8098K, capacity 8685K, committed 8704K, reserved 1048576K
Event: 2177.930 GC heap after
Heap after GC invocations=150 (full 3):
 def new generation   total 13952K, used 1030K [0x00000000f0a00000, 0x00000000f1920000, 0x00000000f5c00000)
  eden space 12416K,   0% used [0x00000000f0a00000, 0x00000000f0a00000, 0x00000000f1620000)
  from space 1536K,  67% used [0x00000000f1620000, 0x00000000f1721bc8, 0x00000000f17a0000)
  to   space 1536K,   0% used [0x00000000f17a0000, 0x00000000f17a0000, 0x00000000f1920000)
 tenured generation   total 30872K, used 24643K [0x00000000f5c00000, 0x00000000f7a26000, 0x0000000100000000)
   the space 30872K,  79% used [0x00000000f5c00000, 0x00000000f7410d88, 0x00000000f7410e00, 0x00000000f7a26000)
 Metaspace       used 60583K, capacity 64227K, committed 64472K, reserved 1105920K
  class space    used 8098K, capacity 8685K, committed 8704K, reserved 1048576K
}
Event: 7111.024 GC heap before
{Heap before GC invocations=150 (full 3):
 def new generation   total 13952K, used 13446K [0x00000000f0a00000, 0x00000000f1920000, 0x00000000f5c00000)
  eden space 12416K, 100% used [0x00000000f0a00000, 0x00000000f1620000, 0x00000000f1620000)
  from space 1536K,  67% used [0x00000000f1620000, 0x00000000f1721bc8, 0x00000000f17a0000)
  to   space 1536K,   0% used [0x00000000f17a0000, 0x00000000f17a0000, 0x00000000f1920000)
 tenured generation   total 30872K, used 24643K [0x00000000f5c00000, 0x00000000f7a26000, 0x0000000100000000)
   the space 30872K,  79% used [0x00000000f5c00000, 0x00000000f7410d88, 0x00000000f7410e00, 0x00000000f7a26000)
 Metaspace       used 60991K, capacity 64633K, committed 64728K, reserved 1105920K
  class space    used 8102K, capacity 8688K, committed 8704K, reserved 1048576K
Event: 7111.030 GC heap after
Heap after GC invocations=151 (full 3):
 def new generation   total 13952K, used 1325K [0x00000000f0a00000, 0x00000000f1920000, 0x00000000f5c00000)
  eden space 12416K,   0% used [0x00000000f0a00000, 0x00000000f0a00000, 0x00000000f1620000)
  from space 1536K,  86% used [0x00000000f17a0000, 0x00000000f18eb438, 0x00000000f1920000)
  to   space 1536K,   0% used [0x00000000f1620000, 0x00000000f1620000, 0x00000000f17a0000)
 tenured generation   total 30872K, used 25491K [0x00000000f5c00000, 0x00000000f7a26000, 0x0000000100000000)
   the space 30872K,  82% used [0x00000000f5c00000, 0x00000000f74e4de8, 0x00000000f74e4e00, 0x00000000f7a26000)
 Metaspace       used 60991K, capacity 64633K, committed 64728K, reserved 1105920K
  class space    used 8102K, capacity 8688K, committed 8704K, reserved 1048576K
}
Event: 14821.308 GC heap before
{Heap before GC invocations=151 (full 3):
 def new generation   total 13952K, used 13741K [0x00000000f0a00000, 0x00000000f1920000, 0x00000000f5c00000)
  eden space 12416K, 100% used [0x00000000f0a00000, 0x00000000f1620000, 0x00000000f1620000)
  from space 1536K,  86% used [0x00000000f17a0000, 0x00000000f18eb438, 0x00000000f1920000)
  to   space 1536K,   0% used [0x00000000f1620000, 0x00000000f1620000, 0x00000000f17a0000)
 tenured generation   total 30872K, used 25491K [0x00000000f5c00000, 0x00000000f7a26000, 0x0000000100000000)
   the space 30872K,  82% used [0x00000000f5c00000, 0x00000000f74e4de8, 0x00000000f74e4e00, 0x00000000f7a26000)
 Metaspace       used 61220K, capacity 64889K, committed 64984K, reserved 1105920K
  class space    used 8103K, capacity 8688K, committed 8704K, reserved 1048576K
Event: 14821.314 GC heap after
Heap after GC invocations=152 (full 3):
 def new generation   total 13952K, used 1536K [0x00000000f0a00000, 0x00000000f1920000, 0x00000000f5c00000)
  eden space 12416K,   0% used [0x00000000f0a00000, 0x00000000f0a00000, 0x00000000f1620000)
  from space 1536K, 100% used [0x00000000f1620000, 0x00000000f17a0000, 0x00000000f17a0000)
  to   space 1536K,   0% used [0x00000000f17a0000, 0x00000000f17a0000, 0x00000000f1920000)
 tenured generation   total 30872K, used 26580K [0x00000000f5c00000, 0x00000000f7a26000, 0x0000000100000000)
   the space 30872K,  86% used [0x00000000f5c00000, 0x00000000f75f5388, 0x00000000f75f5400, 0x00000000f7a26000)
 Metaspace       used 61220K, capacity 64889K, committed 64984K, reserved 1105920K
  class space    used 8103K, capacity 8688K, committed 8704K, reserved 1048576K
}
Event: 19750.449 GC heap before
{Heap before GC invocations=152 (full 3):
 def new generation   total 13952K, used 13952K [0x00000000f0a00000, 0x00000000f1920000, 0x00000000f5c00000)
  eden space 12416K, 100% used [0x00000000f0a00000, 0x00000000f1620000, 0x00000000f1620000)
  from space 1536K, 100% used [0x00000000f1620000, 0x00000000f17a0000, 0x00000000f17a0000)
  to   space 1536K,   0% used [0x00000000f17a0000, 0x00000000f17a0000, 0x00000000f1920000)
 tenured generation   total 30872K, used 26580K [0x00000000f5c00000, 0x00000000f7a26000, 0x0000000100000000)
   the space 30872K,  86% used [0x00000000f5c00000, 0x00000000f75f5388, 0x00000000f75f5400, 0x00000000f7a26000)
 Metaspace       used 61439K, capacity 65017K, committed 65240K, reserved 1105920K
  class space    used 8105K, capacity 8688K, committed 8704K, reserved 1048576K
Event: 19750.458 GC heap after
Heap after GC invocations=153 (full 3):
 def new generation   total 13952K, used 1536K [0x00000000f0a00000, 0x00000000f1920000, 0x00000000f5c00000)
  eden space 12416K,   0% used [0x00000000f0a00000, 0x00000000f0a00000, 0x00000000f1620000)
  from space 1536K, 100% used [0x00000000f17a0000, 0x00000000f1920000, 0x00000000f1920000)
  to   space 1536K,   0% used [0x00000000f1620000, 0x00000000f1620000, 0x00000000f17a0000)
 tenured generation   total 30872K, used 28274K [0x00000000f5c00000, 0x00000000f7a26000, 0x0000000100000000)
   the space 30872K,  91% used [0x00000000f5c00000, 0x00000000f779caf8, 0x00000000f779cc00, 0x00000000f7a26000)
 Metaspace       used 61439K, capacity 65017K, committed 65240K, reserved 1105920K
  class space    used 8105K, capacity 8688K, committed 8704K, reserved 1048576K
}
Event: 24967.810 GC heap before
{Heap before GC invocations=153 (full 3):
 def new generation   total 13952K, used 13947K [0x00000000f0a00000, 0x00000000f1920000, 0x00000000f5c00000)
  eden space 12416K,  99% used [0x00000000f0a00000, 0x00000000f161edc8, 0x00000000f1620000)
  from space 1536K, 100% used [0x00000000f17a0000, 0x00000000f1920000, 0x00000000f1920000)
  to   space 1536K,   0% used [0x00000000f1620000, 0x00000000f1620000, 0x00000000f17a0000)
 tenured generation   total 30872K, used 28274K [0x00000000f5c00000, 0x00000000f7a26000, 0x0000000100000000)
   the space 30872K,  91% used [0x00000000f5c00000, 0x00000000f779caf8, 0x00000000f779cc00, 0x00000000f7a26000)
 Metaspace       used 61780K, capacity 65459K, committed 65624K, reserved 1105920K
  class space    used 8117K, capacity 8725K, committed 8832K, reserved 1048576K
Event: 24967.816 GC heap after
Heap after GC invocations=154 (full 3):
 def new generation   total 13952K, used 1534K [0x00000000f0a00000, 0x00000000f1920000, 0x00000000f5c00000)
  eden space 12416K,   0% used [0x00000000f0a00000, 0x00000000f0a00000, 0x00000000f1620000)
  from space 1536K,  99% used [0x00000000f1620000, 0x00000000f179f818, 0x00000000f17a0000)
  to   space 1536K,   0% used [0x00000000f17a0000, 0x00000000f17a0000, 0x00000000f1920000)
 tenured generation   total 30872K, used 29612K [0x00000000f5c00000, 0x00000000f7a26000, 0x0000000100000000)
   the space 30872K,  95% used [0x00000000f5c00000, 0x00000000f78eb350, 0x00000000f78eb400, 0x00000000f7a26000)
 Metaspace       used 61780K, capacity 65459K, committed 65624K, reserved 1105920K
  class space    used 8117K, capacity 8725K, committed 8832K, reserved 1048576K
}
Event: 35482.591 GC heap before
{Heap before GC invocations=154 (full 3):
 def new generation   total 13952K, used 13945K [0x00000000f0a00000, 0x00000000f1920000, 0x00000000f5c00000)
  eden space 12416K,  99% used [0x00000000f0a00000, 0x00000000f161ed08, 0x00000000f1620000)
  from space 1536K,  99% used [0x00000000f1620000, 0x00000000f179f818, 0x00000000f17a0000)
  to   space 1536K,   0% used [0x00000000f17a0000, 0x00000000f17a0000, 0x00000000f1920000)
 tenured generation   total 30872K, used 29612K [0x00000000f5c00000, 0x00000000f7a26000, 0x0000000100000000)
   the space 30872K,  95% used [0x00000000f5c00000, 0x00000000f78eb350, 0x00000000f78eb400, 0x00000000f7a26000)
 Metaspace       used 61866K, capacity 65591K, committed 65880K, reserved 1105920K
  class space    used 8117K, capacity 8725K, committed 8832K, reserved 1048576K
Event: 35482.701 GC heap after
Heap after GC invocations=155 (full 4):
 def new generation   total 18112K, used 0K [0x00000000f0a00000, 0x00000000f1da0000, 0x00000000f5c00000)
  eden space 16128K,   0% used [0x00000000f0a00000, 0x00000000f0a00000, 0x00000000f19c0000)
  from space 1984K,   0% used [0x00000000f19c0000, 0x00000000f19c0000, 0x00000000f1bb0000)
  to   space 1984K,   0% used [0x00000000f1bb0000, 0x00000000f1bb0000, 0x00000000f1da0000)
 tenured generation   total 40056K, used 24032K [0x00000000f5c00000, 0x00000000f831e000, 0x0000000100000000)
   the space 40056K,  59% used [0x00000000f5c00000, 0x00000000f73782b8, 0x00000000f7378400, 0x00000000f831e000)
 Metaspace       used 61698K, capacity 65321K, committed 65880K, reserved 1105920K
  class space    used 8088K, capacity 8672K, committed 8832K, reserved 1048576K
}
Event: 45444.582 GC heap before
{Heap before GC invocations=155 (full 4):
 def new generation   total 18112K, used 16128K [0x00000000f0a00000, 0x00000000f1da0000, 0x00000000f5c00000)
  eden space 16128K, 100% used [0x00000000f0a00000, 0x00000000f19c0000, 0x00000000f19c0000)
  from space 1984K,   0% used [0x00000000f19c0000, 0x00000000f19c0000, 0x00000000f1bb0000)
  to   space 1984K,   0% used [0x00000000f1bb0000, 0x00000000f1bb0000, 0x00000000f1da0000)
 tenured generation   total 40056K, used 24032K [0x00000000f5c00000, 0x00000000f831e000, 0x0000000100000000)
   the space 40056K,  59% used [0x00000000f5c00000, 0x00000000f73782b8, 0x00000000f7378400, 0x00000000f831e000)
 Metaspace       used 61913K, capacity 65535K, committed 66136K, reserved 1105920K
  class space    used 8091K, capacity 8675K, committed 8832K, reserved 1048576K
Event: 45444.594 GC heap after
Heap after GC invocations=156 (full 4):
 def new generation   total 18112K, used 1984K [0x00000000f0a00000, 0x00000000f1da0000, 0x00000000f5c00000)
  eden space 16128K,   0% used [0x00000000f0a00000, 0x00000000f0a00000, 0x00000000f19c0000)
  from space 1984K, 100% used [0x00000000f1bb0000, 0x00000000f1da0000, 0x00000000f1da0000)
  to   space 1984K,   0% used [0x00000000f19c0000, 0x00000000f19c0000, 0x00000000f1bb0000)
 tenured generation   total 40056K, used 25098K [0x00000000f5c00000, 0x00000000f831e000, 0x0000000100000000)
   the space 40056K,  62% used [0x00000000f5c00000, 0x00000000f7482a20, 0x00000000f7482c00, 0x00000000f831e000)
 Metaspace       used 61913K, capacity 65535K, committed 66136K, reserved 1105920K
  class space    used 8091K, capacity 8675K, committed 8832K, reserved 1048576K
}
Event: 56893.413 GC heap before
{Heap before GC invocations=156 (full 4):
 def new generation   total 18112K, used 18112K [0x00000000f0a00000, 0x00000000f1da0000, 0x00000000f5c00000)
  eden space 16128K, 100% used [0x00000000f0a00000, 0x00000000f19c0000, 0x00000000f19c0000)
  from space 1984K, 100% used [0x00000000f1bb0000, 0x00000000f1da0000, 0x00000000f1da0000)
  to   space 1984K,   0% used [0x00000000f19c0000, 0x00000000f19c0000, 0x00000000f1bb0000)
 tenured generation   total 40056K, used 25098K [0x00000000f5c00000, 0x00000000f831e000, 0x0000000100000000)
   the space 40056K,  62% used [0x00000000f5c00000, 0x00000000f7482a20, 0x00000000f7482c00, 0x00000000f831e000)
 Metaspace       used 62075K, capacity 65627K, committed 66136K, reserved 1105920K
  class space    used 8105K, capacity 8681K, committed 8832K, reserved 1048576K
Event: 56893.427 GC heap after
Heap after GC invocations=157 (full 4):
 def new generation   total 18112K, used 1984K [0x00000000f0a00000, 0x00000000f1da0000, 0x00000000f5c00000)
  eden space 16128K,   0% used [0x00000000f0a00000, 0x00000000f0a00000, 0x00000000f19c0000)
  from space 1984K, 100% used [0x00000000f19c0000, 0x00000000f1bb0000, 0x00000000f1bb0000)
  to   space 1984K,   0% used [0x00000000f1bb0000, 0x00000000f1bb0000, 0x00000000f1da0000)
 tenured generation   total 40056K, used 27969K [0x00000000f5c00000, 0x00000000f831e000, 0x0000000100000000)
   the space 40056K,  69% used [0x00000000f5c00000, 0x00000000f7750548, 0x00000000f7750600, 0x00000000f831e000)
 Metaspace       used 62075K, capacity 65627K, committed 66136K, reserved 1105920K
  class space    used 8105K, capacity 8681K, committed 8832K, reserved 1048576K
}
Event: 66964.470 GC heap before
{Heap before GC invocations=157 (full 4):
 def new generation   total 18112K, used 18112K [0x00000000f0a00000, 0x00000000f1da0000, 0x00000000f5c00000)
  eden space 16128K, 100% used [0x00000000f0a00000, 0x00000000f19c0000, 0x00000000f19c0000)
  from space 1984K, 100% used [0x00000000f19c0000, 0x00000000f1bb0000, 0x00000000f1bb0000)
  to   space 1984K,   0% used [0x00000000f1bb0000, 0x00000000f1bb0000, 0x00000000f1da0000)
 tenured generation   total 40056K, used 27969K [0x00000000f5c00000, 0x00000000f831e000, 0x0000000100000000)
   the space 40056K,  69% used [0x00000000f5c00000, 0x00000000f7750548, 0x00000000f7750600, 0x00000000f831e000)
 Metaspace       used 62228K, capacity 65837K, committed 66392K, reserved 1107968K
  class space    used 8107K, capacity 8684K, committed 8832K, reserved 1048576K
Event: 66964.480 GC heap after
Heap after GC invocations=158 (full 4):
 def new generation   total 18112K, used 1984K [0x00000000f0a00000, 0x00000000f1da0000, 0x00000000f5c00000)
  eden space 16128K,   0% used [0x00000000f0a00000, 0x00000000f0a00000, 0x00000000f19c0000)
  from space 1984K, 100% used [0x00000000f1bb0000, 0x00000000f1da0000, 0x00000000f1da0000)
  to   space 1984K,   0% used [0x00000000f19c0000, 0x00000000f19c0000, 0x00000000f1bb0000)
 tenured generation   total 40056K, used 30433K [0x00000000f5c00000, 0x00000000f831e000, 0x0000000100000000)
   the space 40056K,  75% used [0x00000000f5c00000, 0x00000000f79b84b0, 0x00000000f79b8600, 0x00000000f831e000)
 Metaspace       used 62228K, capacity 65837K, committed 66392K, reserved 1107968K
  class space    used 8107K, capacity 8684K, committed 8832K, reserved 1048576K
}
Event: 79916.892 GC heap before
{Heap before GC invocations=158 (full 4):
 def new generation   total 18112K, used 18108K [0x00000000f0a00000, 0x00000000f1da0000, 0x00000000f5c00000)
  eden space 16128K,  99% used [0x00000000f0a00000, 0x00000000f19bf340, 0x00000000f19c0000)
  from space 1984K, 100% used [0x00000000f1bb0000, 0x00000000f1da0000, 0x00000000f1da0000)
  to   space 1984K,   0% used [0x00000000f19c0000, 0x00000000f19c0000, 0x00000000f1bb0000)
 tenured generation   total 40056K, used 30433K [0x00000000f5c00000, 0x00000000f831e000, 0x0000000100000000)
   the space 40056K,  75% used [0x00000000f5c00000, 0x00000000f79b84b0, 0x00000000f79b8600, 0x00000000f831e000)
 Metaspace       used 62329K, capacity 65911K, committed 66392K, reserved 1107968K
  class space    used 8108K, capacity 8685K, committed 8832K, reserved 1048576K
Event: 79916.905 GC heap after
Heap after GC invocations=159 (full 4):
 def new generation   total 18112K, used 1984K [0x00000000f0a00000, 0x00000000f1da0000, 0x00000000f5c00000)
  eden space 16128K,   0% used [0x00000000f0a00000, 0x00000000f0a00000, 0x00000000f19c0000)
  from space 1984K, 100% used [0x00000000f19c0000, 0x00000000f1bb0000, 0x00000000f1bb0000)
  to   space 1984K,   0% used [0x00000000f1bb0000, 0x00000000f1bb0000, 0x00000000f1da0000)
 tenured generation   total 40056K, used 33472K [0x00000000f5c00000, 0x00000000f831e000, 0x0000000100000000)
   the space 40056K,  83% used [0x00000000f5c00000, 0x00000000f7cb0040, 0x00000000f7cb0200, 0x00000000f831e000)
 Metaspace       used 62329K, capacity 65911K, committed 66392K, reserved 1107968K
  class space    used 8108K, capacity 8685K, committed 8832K, reserved 1048576K
}
Event: 94212.611 GC heap before
{Heap before GC invocations=159 (full 4):
 def new generation   total 18112K, used 18112K [0x00000000f0a00000, 0x00000000f1da0000, 0x00000000f5c00000)
  eden space 16128K, 100% used [0x00000000f0a00000, 0x00000000f19c0000, 0x00000000f19c0000)
  from space 1984K, 100% used [0x00000000f19c0000, 0x00000000f1bb0000, 0x00000000f1bb0000)
  to   space 1984K,   0% used [0x00000000f1bb0000, 0x00000000f1bb0000, 0x00000000f1da0000)
 tenured generation   total 40056K, used 33472K [0x00000000f5c00000, 0x00000000f831e000, 0x0000000100000000)
   the space 40056K,  83% used [0x00000000f5c00000, 0x00000000f7cb0040, 0x00000000f7cb0200, 0x00000000f831e000)
 Metaspace       used 62463K, capacity 66039K, committed 66392K, reserved 1107968K
  class space    used 8108K, capacity 8685K, committed 8832K, reserved 1048576K
Event: 94212.620 GC heap after
Heap after GC invocations=160 (full 4):
 def new generation   total 18112K, used 1984K [0x00000000f0a00000, 0x00000000f1da0000, 0x00000000f5c00000)
  eden space 16128K,   0% used [0x00000000f0a00000, 0x00000000f0a00000, 0x00000000f19c0000)
  from space 1984K, 100% used [0x00000000f1bb0000, 0x00000000f1da0000, 0x00000000f1da0000)
  to   space 1984K,   0% used [0x00000000f19c0000, 0x00000000f19c0000, 0x00000000f1bb0000)
 tenured generation   total 40056K, used 36920K [0x00000000f5c00000, 0x00000000f831e000, 0x0000000100000000)
   the space 40056K,  92% used [0x00000000f5c00000, 0x00000000f800e2b8, 0x00000000f800e400, 0x00000000f831e000)
 Metaspace       used 62463K, capacity 66039K, committed 66392K, reserved 1107968K
  class space    used 8108K, capacity 8685K, committed 8832K, reserved 1048576K
}
Event: 108525.623 GC heap before
{Heap before GC invocations=160 (full 4):
 def new generation   total 18112K, used 18112K [0x00000000f0a00000, 0x00000000f1da0000, 0x00000000f5c00000)
  eden space 16128K, 100% used [0x00000000f0a00000, 0x00000000f19c0000, 0x00000000f19c0000)
  from space 1984K, 100% used [0x00000000f1bb0000, 0x00000000f1da0000, 0x00000000f1da0000)
  to   space 1984K,   0% used [0x00000000f19c0000, 0x00000000f19c0000, 0x00000000f1bb0000)
 tenured generation   total 40056K, used 36920K [0x00000000f5c00000, 0x00000000f831e000, 0x0000000100000000)
   the space 40056K,  92% used [0x00000000f5c00000, 0x00000000f800e2b8, 0x00000000f800e400, 0x00000000f831e000)
 Metaspace       used 62465K, capacity 66039K, committed 66392K, reserved 1107968K
  class space    used 8108K, capacity 8685K, committed 8832K, reserved 1048576K
Event: 108525.732 GC heap after
Heap after GC invocations=161 (full 5):
 def new generation   total 20736K, used 0K [0x00000000f0a00000, 0x00000000f2070000, 0x00000000f5c00000)
  eden space 18496K,   0% used [0x00000000f0a00000, 0x00000000f0a00000, 0x00000000f1c10000)
  from space 2240K,   0% used [0x00000000f1c10000, 0x00000000f1c10000, 0x00000000f1e40000)
  to   space 2240K,   0% used [0x00000000f1e40000, 0x00000000f1e40000, 0x00000000f2070000)
 tenured generation   total 45896K, used 27537K [0x00000000f5c00000, 0x00000000f88d2000, 0x0000000100000000)
   the space 45896K,  59% used [0x00000000f5c00000, 0x00000000f76e4600, 0x00000000f76e4600, 0x00000000f88d2000)
 Metaspace       used 62434K, capacity 65991K, committed 66392K, reserved 1107968K
  class space    used 8104K, capacity 8677K, committed 8832K, reserved 1048576K
}
Event: 124479.974 GC heap before
{Heap before GC invocations=161 (full 5):
 def new generation   total 20736K, used 18483K [0x00000000f0a00000, 0x00000000f2070000, 0x00000000f5c00000)
  eden space 18496K,  99% used [0x00000000f0a00000, 0x00000000f1c0cf10, 0x00000000f1c10000)
  from space 2240K,   0% used [0x00000000f1c10000, 0x00000000f1c10000, 0x00000000f1e40000)
  to   space 2240K,   0% used [0x00000000f1e40000, 0x00000000f1e40000, 0x00000000f2070000)
 tenured generation   total 45896K, used 27537K [0x00000000f5c00000, 0x00000000f88d2000, 0x0000000100000000)
   the space 45896K,  59% used [0x00000000f5c00000, 0x00000000f76e4600, 0x00000000f76e4600, 0x00000000f88d2000)
 Metaspace       used 62461K, capacity 66067K, committed 66648K, reserved 1107968K
  class space    used 8105K, capacity 8679K, committed 8832K, reserved 1048576K
Event: 124479.993 GC heap after
Heap after GC invocations=162 (full 5):
 def new generation   total 20736K, used 2239K [0x00000000f0a00000, 0x00000000f2070000, 0x00000000f5c00000)
  eden space 18496K,   0% used [0x00000000f0a00000, 0x00000000f0a00000, 0x00000000f1c10000)
  from space 2240K,  99% used [0x00000000f1e40000, 0x00000000f206fff8, 0x00000000f2070000)
  to   space 2240K,   0% used [0x00000000f1c10000, 0x00000000f1c10000, 0x00000000f1e40000)
 tenured generation   total 45896K, used 29415K [0x00000000f5c00000, 0x00000000f88d2000, 0x0000000100000000)
   the space 45896K,  64% used [0x00000000f5c00000, 0x00000000f78b9c30, 0x00000000f78b9e00, 0x00000000f88d2000)
 Metaspace       used 62461K, capacity 66067K, committed 66648K, reserved 1107968K
  class space    used 8105K, capacity 8679K, committed 8832K, reserved 1048576K
}
Event: 140635.917 GC heap before
{Heap before GC invocations=162 (full 5):
 def new generation   total 20736K, used 20721K [0x00000000f0a00000, 0x00000000f2070000, 0x00000000f5c00000)
  eden space 18496K,  99% used [0x00000000f0a00000, 0x00000000f1c0c4b8, 0x00000000f1c10000)
  from space 2240K,  99% used [0x00000000f1e40000, 0x00000000f206fff8, 0x00000000f2070000)
  to   space 2240K,   0% used [0x00000000f1c10000, 0x00000000f1c10000, 0x00000000f1e40000)
 tenured generation   total 45896K, used 29415K [0x00000000f5c00000, 0x00000000f88d2000, 0x0000000100000000)
   the space 45896K,  64% used [0x00000000f5c00000, 0x00000000f78b9c30, 0x00000000f78b9e00, 0x00000000f88d2000)
 Metaspace       used 62479K, capacity 66067K, committed 66648K, reserved 1107968K
  class space    used 8105K, capacity 8679K, committed 8832K, reserved 1048576K
Event: 140635.941 GC heap after
Heap after GC invocations=163 (full 5):
 def new generation   total 20736K, used 2239K [0x00000000f0a00000, 0x00000000f2070000, 0x00000000f5c00000)
  eden space 18496K,   0% used [0x00000000f0a00000, 0x00000000f0a00000, 0x00000000f1c10000)
  from space 2240K,  99% used [0x00000000f1c10000, 0x00000000f1e3fff8, 0x00000000f1e40000)
  to   space 2240K,   0% used [0x00000000f1e40000, 0x00000000f1e40000, 0x00000000f2070000)
 tenured generation   total 45896K, used 33383K [0x00000000f5c00000, 0x00000000f88d2000, 0x0000000100000000)
   the space 45896K,  72% used [0x00000000f5c00000, 0x00000000f7c99d60, 0x00000000f7c99e00, 0x00000000f88d2000)
 Metaspace       used 62479K, capacity 66067K, committed 66648K, reserved 1107968K
  class space    used 8105K, capacity 8679K, committed 8832K, reserved 1048576K
}
Event: 154429.041 GC heap before
{Heap before GC invocations=163 (full 5):
 def new generation   total 20736K, used 20735K [0x00000000f0a00000, 0x00000000f2070000, 0x00000000f5c00000)
  eden space 18496K, 100% used [0x00000000f0a00000, 0x00000000f1c10000, 0x00000000f1c10000)
  from space 2240K,  99% used [0x00000000f1c10000, 0x00000000f1e3fff8, 0x00000000f1e40000)
  to   space 2240K,   0% used [0x00000000f1e40000, 0x00000000f1e40000, 0x00000000f2070000)
 tenured generation   total 45896K, used 33383K [0x00000000f5c00000, 0x00000000f88d2000, 0x0000000100000000)
   the space 45896K,  72% used [0x00000000f5c00000, 0x00000000f7c99d60, 0x00000000f7c99e00, 0x00000000f88d2000)
 Metaspace       used 62629K, capacity 66171K, committed 66648K, reserved 1107968K
  class space    used 8111K, capacity 8685K, committed 8832K, reserved 1048576K
Event: 154429.058 GC heap after
Heap after GC invocations=164 (full 5):
 def new generation   total 20736K, used 2239K [0x00000000f0a00000, 0x00000000f2070000, 0x00000000f5c00000)
  eden space 18496K,   0% used [0x00000000f0a00000, 0x00000000f0a00000, 0x00000000f1c10000)
  from space 2240K,  99% used [0x00000000f1e40000, 0x00000000f206fff8, 0x00000000f2070000)
  to   space 2240K,   0% used [0x00000000f1c10000, 0x00000000f1c10000, 0x00000000f1e40000)
 tenured generation   total 45896K, used 36563K [0x00000000f5c00000, 0x00000000f88d2000, 0x0000000100000000)
   the space 45896K,  79% used [0x00000000f5c00000, 0x00000000f7fb4d90, 0x00000000f7fb4e00, 0x00000000f88d2000)
 Metaspace       used 62629K, capacity 66171K, committed 66648K, reserved 1107968K
  class space    used 8111K, capacity 8685K, committed 8832K, reserved 1048576K
}
Event: 170583.187 GC heap before
{Heap before GC invocations=164 (full 5):
 def new generation   total 20736K, used 20735K [0x00000000f0a00000, 0x00000000f2070000, 0x00000000f5c00000)
  eden space 18496K, 100% used [0x00000000f0a00000, 0x00000000f1c10000, 0x00000000f1c10000)
  from space 2240K,  99% used [0x00000000f1e40000, 0x00000000f206fff8, 0x00000000f2070000)
  to   space 2240K,   0% used [0x00000000f1c10000, 0x00000000f1c10000, 0x00000000f1e40000)
 tenured generation   total 45896K, used 36563K [0x00000000f5c00000, 0x00000000f88d2000, 0x0000000100000000)
   the space 45896K,  79% used [0x00000000f5c00000, 0x00000000f7fb4d90, 0x00000000f7fb4e00, 0x00000000f88d2000)
 Metaspace       used 62662K, capacity 66299K, committed 66648K, reserved 1107968K
  class space    used 8111K, capacity 8685K, committed 8832K, reserved 1048576K
Event: 170583.211 GC heap after
Heap after GC invocations=165 (full 5):
 def new generation   total 20736K, used 2240K [0x00000000f0a00000, 0x00000000f2070000, 0x00000000f5c00000)
  eden space 18496K,   0% used [0x00000000f0a00000, 0x00000000f0a00000, 0x00000000f1c10000)
  from space 2240K, 100% used [0x00000000f1c10000, 0x00000000f1e40000, 0x00000000f1e40000)
  to   space 2240K,   0% used [0x00000000f1e40000, 0x00000000f1e40000, 0x00000000f2070000)
 tenured generation   total 45896K, used 40545K [0x00000000f5c00000, 0x00000000f88d2000, 0x0000000100000000)
   the space 45896K,  88% used [0x00000000f5c00000, 0x00000000f8398418, 0x00000000f8398600, 0x00000000f88d2000)
 Metaspace       used 62662K, capacity 66299K, committed 66648K, reserved 1107968K
  class space    used 8111K, capacity 8685K, committed 8832K, reserved 1048576K
}
Event: 186706.594 GC heap before
{Heap before GC invocations=165 (full 5):
 def new generation   total 20736K, used 20736K [0x00000000f0a00000, 0x00000000f2070000, 0x00000000f5c00000)
  eden space 18496K, 100% used [0x00000000f0a00000, 0x00000000f1c10000, 0x00000000f1c10000)
  from space 2240K, 100% used [0x00000000f1c10000, 0x00000000f1e40000, 0x00000000f1e40000)
  to   space 2240K,   0% used [0x00000000f1e40000, 0x00000000f1e40000, 0x00000000f2070000)
 tenured generation   total 45896K, used 40545K [0x00000000f5c00000, 0x00000000f88d2000, 0x0000000100000000)
   the space 45896K,  88% used [0x00000000f5c00000, 0x00000000f8398418, 0x00000000f8398600, 0x00000000f88d2000)
 Metaspace       used 62685K, capacity 66305K, committed 66648K, reserved 1107968K
  class space    used 8111K, capacity 8686K, committed 8832K, reserved 1048576K
Event: 186706.616 GC heap after
Heap after GC invocations=166 (full 5):
 def new generation   total 20736K, used 2240K [0x00000000f0a00000, 0x00000000f2070000, 0x00000000f5c00000)
  eden space 18496K,   0% used [0x00000000f0a00000, 0x00000000f0a00000, 0x00000000f1c10000)
  from space 2240K, 100% used [0x00000000f1e40000, 0x00000000f2070000, 0x00000000f2070000)
  to   space 2240K,   0% used [0x00000000f1c10000, 0x00000000f1c10000, 0x00000000f1e40000)
 tenured generation   total 45896K, used 44467K [0x00000000f5c00000, 0x00000000f88d2000, 0x0000000100000000)
   the space 45896K,  96% used [0x00000000f5c00000, 0x00000000f876cc70, 0x00000000f876ce00, 0x00000000f88d2000)
 Metaspace       used 62685K, capacity 66305K, committed 66648K, reserved 1107968K
  class space    used 8111K, capacity 8686K, committed 8832K, reserved 1048576K
}
Event: 202754.317 GC heap before
{Heap before GC invocations=166 (full 5):
 def new generation   total 20736K, used 20736K [0x00000000f0a00000, 0x00000000f2070000, 0x00000000f5c00000)
  eden space 18496K, 100% used [0x00000000f0a00000, 0x00000000f1c10000, 0x00000000f1c10000)
  from space 2240K, 100% used [0x00000000f1e40000, 0x00000000f2070000, 0x00000000f2070000)
  to   space 2240K,   0% used [0x00000000f1c10000, 0x00000000f1c10000, 0x00000000f1e40000)
 tenured generation   total 45896K, used 44467K [0x00000000f5c00000, 0x00000000f88d2000, 0x0000000100000000)
   the space 45896K,  96% used [0x00000000f5c00000, 0x00000000f876cc70, 0x00000000f876ce00, 0x00000000f88d2000)
 Metaspace       used 62713K, capacity 66305K, committed 66648K, reserved 1107968K
  class space    used 8111K, capacity 8686K, committed 8832K, reserved 1048576K
Event: 202754.435 GC heap after
Heap after GC invocations=167 (full 6):
 def new generation   total 21312K, used 0K [0x00000000f0a00000, 0x00000000f2110000, 0x00000000f5c00000)
  eden space 19008K,   0% used [0x00000000f0a00000, 0x00000000f0a00000, 0x00000000f1c90000)
  from space 2304K,   0% used [0x00000000f1c90000, 0x00000000f1c90000, 0x00000000f1ed0000)
  to   space 2304K,   0% used [0x00000000f1ed0000, 0x00000000f1ed0000, 0x00000000f2110000)
 tenured generation   total 47120K, used 28271K [0x00000000f5c00000, 0x00000000f8a04000, 0x0000000100000000)
   the space 47120K,  59% used [0x00000000f5c00000, 0x00000000f779bf18, 0x00000000f779c000, 0x00000000f8a04000)
 Metaspace       used 62689K, capacity 66269K, committed 66648K, reserved 1107968K
  class space    used 8108K, capacity 8680K, committed 8832K, reserved 1048576K
}
Event: 219127.716 GC heap before
{Heap before GC invocations=167 (full 6):
 def new generation   total 21312K, used 19008K [0x00000000f0a00000, 0x00000000f2110000, 0x00000000f5c00000)
  eden space 19008K, 100% used [0x00000000f0a00000, 0x00000000f1c90000, 0x00000000f1c90000)
  from space 2304K,   0% used [0x00000000f1c90000, 0x00000000f1c90000, 0x00000000f1ed0000)
  to   space 2304K,   0% used [0x00000000f1ed0000, 0x00000000f1ed0000, 0x00000000f2110000)
 tenured generation   total 47120K, used 28271K [0x00000000f5c00000, 0x00000000f8a04000, 0x0000000100000000)
   the space 47120K,  59% used [0x00000000f5c00000, 0x00000000f779bf18, 0x00000000f779c000, 0x00000000f8a04000)
 Metaspace       used 62730K, capacity 66345K, committed 66904K, reserved 1107968K
  class space    used 8109K, capacity 8682K, committed 8832K, reserved 1048576K
Event: 219127.732 GC heap after
Heap after GC invocations=168 (full 6):
 def new generation   total 21312K, used 2304K [0x00000000f0a00000, 0x00000000f2110000, 0x00000000f5c00000)
  eden space 19008K,   0% used [0x00000000f0a00000, 0x00000000f0a00000, 0x00000000f1c90000)
  from space 2304K, 100% used [0x00000000f1ed0000, 0x00000000f2110000, 0x00000000f2110000)
  to   space 2304K,   0% used [0x00000000f1c90000, 0x00000000f1c90000, 0x00000000f1ed0000)
 tenured generation   total 47120K, used 30235K [0x00000000f5c00000, 0x00000000f8a04000, 0x0000000100000000)
   the space 47120K,  64% used [0x00000000f5c00000, 0x00000000f7986eb8, 0x00000000f7987000, 0x00000000f8a04000)
 Metaspace       used 62730K, capacity 66345K, committed 66904K, reserved 1107968K
  class space    used 8109K, capacity 8682K, committed 8832K, reserved 1048576K
}
Event: 236209.780 GC heap before
{Heap before GC invocations=168 (full 6):
 def new generation   total 21312K, used 21299K [0x00000000f0a00000, 0x00000000f2110000, 0x00000000f5c00000)
  eden space 19008K,  99% used [0x00000000f0a00000, 0x00000000f1c8cd38, 0x00000000f1c90000)
  from space 2304K, 100% used [0x00000000f1ed0000, 0x00000000f2110000, 0x00000000f2110000)
  to   space 2304K,   0% used [0x00000000f1c90000, 0x00000000f1c90000, 0x00000000f1ed0000)
 tenured generation   total 47120K, used 30235K [0x00000000f5c00000, 0x00000000f8a04000, 0x0000000100000000)
   the space 47120K,  64% used [0x00000000f5c00000, 0x00000000f7986eb8, 0x00000000f7987000, 0x00000000f8a04000)
 Metaspace       used 62732K, capacity 66345K, committed 66904K, reserved 1107968K
  class space    used 8109K, capacity 8682K, committed 8832K, reserved 1048576K
Event: 236209.800 GC heap after
Heap after GC invocations=169 (full 6):
 def new generation   total 21312K, used 2304K [0x00000000f0a00000, 0x00000000f2110000, 0x00000000f5c00000)
  eden space 19008K,   0% used [0x00000000f0a00000, 0x00000000f0a00000, 0x00000000f1c90000)
  from space 2304K, 100% used [0x00000000f1c90000, 0x00000000f1ed0000, 0x00000000f1ed0000)
  to   space 2304K,   0% used [0x00000000f1ed0000, 0x00000000f1ed0000, 0x00000000f2110000)
 tenured generation   total 47120K, used 34121K [0x00000000f5c00000, 0x00000000f8a04000, 0x0000000100000000)
   the space 47120K,  72% used [0x00000000f5c00000, 0x00000000f7d52648, 0x00000000f7d52800, 0x00000000f8a04000)
 Metaspace       used 62732K, capacity 66345K, committed 66904K, reserved 1107968K
  class space    used 8109K, capacity 8682K, committed 8832K, reserved 1048576K
}
Event: 249909.382 GC heap before
{Heap before GC invocations=169 (full 6):
 def new generation   total 21312K, used 21310K [0x00000000f0a00000, 0x00000000f2110000, 0x00000000f5c00000)
  eden space 19008K,  99% used [0x00000000f0a00000, 0x00000000f1c8f8c0, 0x00000000f1c90000)
  from space 2304K, 100% used [0x00000000f1c90000, 0x00000000f1ed0000, 0x00000000f1ed0000)
  to   space 2304K,   0% used [0x00000000f1ed0000, 0x00000000f1ed0000, 0x00000000f2110000)
 tenured generation   total 47120K, used 34121K [0x00000000f5c00000, 0x00000000f8a04000, 0x0000000100000000)
   the space 47120K,  72% used [0x00000000f5c00000, 0x00000000f7d52648, 0x00000000f7d52800, 0x00000000f8a04000)
 Metaspace       used 62801K, capacity 66421K, committed 66904K, reserved 1107968K
  class space    used 8111K, capacity 8684K, committed 8832K, reserved 1048576K
Event: 249909.397 GC heap after
Heap after GC invocations=170 (full 6):
 def new generation   total 21312K, used 2304K [0x00000000f0a00000, 0x00000000f2110000, 0x00000000f5c00000)
  eden space 19008K,   0% used [0x00000000f0a00000, 0x00000000f0a00000, 0x00000000f1c90000)
  from space 2304K, 100% used [0x00000000f1ed0000, 0x00000000f2110000, 0x00000000f2110000)
  to   space 2304K,   0% used [0x00000000f1c90000, 0x00000000f1c90000, 0x00000000f1ed0000)
 tenured generation   total 47120K, used 37570K [0x00000000f5c00000, 0x00000000f8a04000, 0x0000000100000000)
   the space 47120K,  79% used [0x00000000f5c00000, 0x00000000f80b0b08, 0x00000000f80b0c00, 0x00000000f8a04000)
 Metaspace       used 62801K, capacity 66421K, committed 66904K, reserved 1107968K
  class space    used 8111K, capacity 8684K, committed 8832K, reserved 1048576K
}
Event: 260612.171 GC heap before
{Heap before GC invocations=170 (full 6):
 def new generation   total 21312K, used 21312K [0x00000000f0a00000, 0x00000000f2110000, 0x00000000f5c00000)
  eden space 19008K, 100% used [0x00000000f0a00000, 0x00000000f1c90000, 0x00000000f1c90000)
  from space 2304K, 100% used [0x00000000f1ed0000, 0x00000000f2110000, 0x00000000f2110000)
  to   space 2304K,   0% used [0x00000000f1c90000, 0x00000000f1c90000, 0x00000000f1ed0000)
 tenured generation   total 47120K, used 37570K [0x00000000f5c00000, 0x00000000f8a04000, 0x0000000100000000)
   the space 47120K,  79% used [0x00000000f5c00000, 0x00000000f80b0b08, 0x00000000f80b0c00, 0x00000000f8a04000)
 Metaspace       used 63171K, capacity 66757K, committed 67160K, reserved 1107968K
  class space    used 8116K, capacity 8686K, committed 8832K, reserved 1048576K
Event: 260612.188 GC heap after
Heap after GC invocations=171 (full 6):
 def new generation   total 21312K, used 2304K [0x00000000f0a00000, 0x00000000f2110000, 0x00000000f5c00000)
  eden space 19008K,   0% used [0x00000000f0a00000, 0x00000000f0a00000, 0x00000000f1c90000)
  from space 2304K, 100% used [0x00000000f1c90000, 0x00000000f1ed0000, 0x00000000f1ed0000)
  to   space 2304K,   0% used [0x00000000f1ed0000, 0x00000000f1ed0000, 0x00000000f2110000)
 tenured generation   total 47120K, used 40160K [0x00000000f5c00000, 0x00000000f8a04000, 0x0000000100000000)
   the space 47120K,  85% used [0x00000000f5c00000, 0x00000000f83380e8, 0x00000000f8338200, 0x00000000f8a04000)
 Metaspace       used 63171K, capacity 66757K, committed 67160K, reserved 1107968K
  class space    used 8116K, capacity 8686K, committed 8832K, reserved 1048576K
}
Event: 271698.345 GC heap before
{Heap before GC invocations=171 (full 6):
 def new generation   total 21312K, used 21312K [0x00000000f0a00000, 0x00000000f2110000, 0x00000000f5c00000)
  eden space 19008K, 100% used [0x00000000f0a00000, 0x00000000f1c90000, 0x00000000f1c90000)
  from space 2304K, 100% used [0x00000000f1c90000, 0x00000000f1ed0000, 0x00000000f1ed0000)
  to   space 2304K,   0% used [0x00000000f1ed0000, 0x00000000f1ed0000, 0x00000000f2110000)
 tenured generation   total 47120K, used 40160K [0x00000000f5c00000, 0x00000000f8a04000, 0x0000000100000000)
   the space 47120K,  85% used [0x00000000f5c00000, 0x00000000f83380e8, 0x00000000f8338200, 0x00000000f8a04000)
 Metaspace       used 63251K, capacity 66903K, committed 67416K, reserved 1107968K
  class space    used 8118K, capacity 8689K, committed 8832K, reserved 1048576K
Event: 271698.362 GC heap after
Heap after GC invocations=172 (full 6):
 def new generation   total 21312K, used 2304K [0x00000000f0a00000, 0x00000000f2110000, 0x00000000f5c00000)
  eden space 19008K,   0% used [0x00000000f0a00000, 0x00000000f0a00000, 0x00000000f1c90000)
  from space 2304K, 100% used [0x00000000f1ed0000, 0x00000000f2110000, 0x00000000f2110000)
  to   space 2304K,   0% used [0x00000000f1c90000, 0x00000000f1c90000, 0x00000000f1ed0000)
 tenured generation   total 47120K, used 42779K [0x00000000f5c00000, 0x00000000f8a04000, 0x0000000100000000)
   the space 47120K,  90% used [0x00000000f5c00000, 0x00000000f85c6ff8, 0x00000000f85c7000, 0x00000000f8a04000)
 Metaspace       used 63251K, capacity 66903K, committed 67416K, reserved 1107968K
  class space    used 8118K, capacity 8689K, committed 8832K, reserved 1048576K
}
Event: 284575.122 GC heap before
{Heap before GC invocations=172 (full 6):
 def new generation   total 21312K, used 21312K [0x00000000f0a00000, 0x00000000f2110000, 0x00000000f5c00000)
  eden space 19008K, 100% used [0x00000000f0a00000, 0x00000000f1c90000, 0x00000000f1c90000)
  from space 2304K, 100% used [0x00000000f1ed0000, 0x00000000f2110000, 0x00000000f2110000)
  to   space 2304K,   0% used [0x00000000f1c90000, 0x00000000f1c90000, 0x00000000f1ed0000)
 tenured generation   total 47120K, used 42779K [0x00000000f5c00000, 0x00000000f8a04000, 0x0000000100000000)
   the space 47120K,  90% used [0x00000000f5c00000, 0x00000000f85c6ff8, 0x00000000f85c7000, 0x00000000f8a04000)
 Metaspace       used 63325K, capacity 66967K, committed 67416K, reserved 1107968K
  class space    used 8118K, capacity 8689K, committed 8832K, reserved 1048576K
Event: 284575.141 GC heap after
Heap after GC invocations=173 (full 6):
 def new generation   total 21312K, used 2304K [0x00000000f0a00000, 0x00000000f2110000, 0x00000000f5c00000)
  eden space 19008K,   0% used [0x00000000f0a00000, 0x00000000f0a00000, 0x00000000f1c90000)
  from space 2304K, 100% used [0x00000000f1c90000, 0x00000000f1ed0000, 0x00000000f1ed0000)
  to   space 2304K,   0% used [0x00000000f1ed0000, 0x00000000f1ed0000, 0x00000000f2110000)
 tenured generation   total 47120K, used 46021K [0x00000000f5c00000, 0x00000000f8a04000, 0x0000000100000000)
   the space 47120K,  97% used [0x00000000f5c00000, 0x00000000f88f16c0, 0x00000000f88f1800, 0x00000000f8a04000)
 Metaspace       used 63325K, capacity 66967K, committed 67416K, reserved 1107968K
  class space    used 8118K, capacity 8689K, committed 8832K, reserved 1048576K
}
Event: 296801.354 GC heap before
{Heap before GC invocations=173 (full 6):
 def new generation   total 21312K, used 21312K [0x00000000f0a00000, 0x00000000f2110000, 0x00000000f5c00000)
  eden space 19008K, 100% used [0x00000000f0a00000, 0x00000000f1c90000, 0x00000000f1c90000)
  from space 2304K, 100% used [0x00000000f1c90000, 0x00000000f1ed0000, 0x00000000f1ed0000)
  to   space 2304K,   0% used [0x00000000f1ed0000, 0x00000000f1ed0000, 0x00000000f2110000)
 tenured generation   total 47120K, used 46021K [0x00000000f5c00000, 0x00000000f8a04000, 0x0000000100000000)
   the space 47120K,  97% used [0x00000000f5c00000, 0x00000000f88f16c0, 0x00000000f88f1800, 0x00000000f8a04000)
 Metaspace       used 63354K, capacity 66967K, committed 67416K, reserved 1107968K
  class space    used 8118K, capacity 8689K, committed 8832K, reserved 1048576K
Event: 296801.493 GC heap after
Heap after GC invocations=174 (full 7):
 def new generation   total 21312K, used 0K [0x00000000f0a00000, 0x00000000f2110000, 0x00000000f5c00000)
  eden space 19008K,   0% used [0x00000000f0a00000, 0x00000000f0a00000, 0x00000000f1c90000)
  from space 2304K,   0% used [0x00000000f1ed0000, 0x00000000f1ed0000, 0x00000000f2110000)
  to   space 2304K,   0% used [0x00000000f1c90000, 0x00000000f1c90000, 0x00000000f1ed0000)
 tenured generation   total 47120K, used 27952K [0x00000000f5c00000, 0x00000000f8a04000, 0x0000000100000000)
   the space 47120K,  59% used [0x00000000f5c00000, 0x00000000f774c048, 0x00000000f774c200, 0x00000000f8a04000)
 Metaspace       used 63326K, capacity 66925K, committed 67416K, reserved 1107968K
  class space    used 8114K, capacity 8682K, committed 8832K, reserved 1048576K
}
Event: 308595.790 GC heap before
{Heap before GC invocations=174 (full 7):
 def new generation   total 21312K, used 19008K [0x00000000f0a00000, 0x00000000f2110000, 0x00000000f5c00000)
  eden space 19008K, 100% used [0x00000000f0a00000, 0x00000000f1c90000, 0x00000000f1c90000)
  from space 2304K,   0% used [0x00000000f1ed0000, 0x00000000f1ed0000, 0x00000000f2110000)
  to   space 2304K,   0% used [0x00000000f1c90000, 0x00000000f1c90000, 0x00000000f1ed0000)
 tenured generation   total 47120K, used 27952K [0x00000000f5c00000, 0x00000000f8a04000, 0x0000000100000000)
   the space 47120K,  59% used [0x00000000f5c00000, 0x00000000f774c048, 0x00000000f774c200, 0x00000000f8a04000)
 Metaspace       used 63353K, capacity 66949K, committed 67416K, reserved 1107968K
  class space    used 8116K, capacity 8686K, committed 8832K, reserved 1048576K
Event: 308595.814 GC heap after
Heap after GC invocations=175 (full 7):
 def new generation   total 21312K, used 2304K [0x00000000f0a00000, 0x00000000f2110000, 0x00000000f5c00000)
  eden space 19008K,   0% used [0x00000000f0a00000, 0x00000000f0a00000, 0x00000000f1c90000)
  from space 2304K, 100% used [0x00000000f1c90000, 0x00000000f1ed0000, 0x00000000f1ed0000)
  to   space 2304K,   0% used [0x00000000f1ed0000, 0x00000000f1ed0000, 0x00000000f2110000)
 tenured generation   total 47120K, used 28898K [0x00000000f5c00000, 0x00000000f8a04000, 0x0000000100000000)
   the space 47120K,  61% used [0x00000000f5c00000, 0x00000000f78389d8, 0x00000000f7838a00, 0x00000000f8a04000)
 Metaspace       used 63353K, capacity 66949K, committed 67416K, reserved 1107968K
  class space    used 8116K, capacity 8686K, committed 8832K, reserved 1048576K
}
Event: 321681.668 GC heap before
{Heap before GC invocations=175 (full 7):
 def new generation   total 21312K, used 21311K [0x00000000f0a00000, 0x00000000f2110000, 0x00000000f5c00000)
  eden space 19008K,  99% used [0x00000000f0a00000, 0x00000000f1c8fec0, 0x00000000f1c90000)
  from space 2304K, 100% used [0x00000000f1c90000, 0x00000000f1ed0000, 0x00000000f1ed0000)
  to   space 2304K,   0% used [0x00000000f1ed0000, 0x00000000f1ed0000, 0x00000000f2110000)
 tenured generation   total 47120K, used 28898K [0x00000000f5c00000, 0x00000000f8a04000, 0x0000000100000000)
   the space 47120K,  61% used [0x00000000f5c00000, 0x00000000f78389d8, 0x00000000f7838a00, 0x00000000f8a04000)
 Metaspace       used 63356K, capacity 66949K, committed 67416K, reserved 1107968K
  class space    used 8116K, capacity 8686K, committed 8832K, reserved 1048576K
Event: 321681.687 GC heap after
Heap after GC invocations=176 (full 7):
 def new generation   total 21312K, used 2303K [0x00000000f0a00000, 0x00000000f2110000, 0x00000000f5c00000)
  eden space 19008K,   0% used [0x00000000f0a00000, 0x00000000f0a00000, 0x00000000f1c90000)
  from space 2304K,  99% used [0x00000000f1ed0000, 0x00000000f210fff8, 0x00000000f2110000)
  to   space 2304K,   0% used [0x00000000f1c90000, 0x00000000f1c90000, 0x00000000f1ed0000)
 tenured generation   total 47120K, used 32035K [0x00000000f5c00000, 0x00000000f8a04000, 0x0000000100000000)
   the space 47120K,  67% used [0x00000000f5c00000, 0x00000000f7b48c98, 0x00000000f7b48e00, 0x00000000f8a04000)
 Metaspace       used 63356K, capacity 66949K, committed 67416K, reserved 1107968K
  class space    used 8116K, capacity 8686K, committed 8832K, reserved 1048576K
}

